<?xml version="1.0" encoding="UTF-8" standalone="yes"?><!DOCTYPE report PUBLIC "-//JACOCO//DTD Report 1.1//EN" "report.dtd"><report name="IKE Maven Plugin"><sessioninfo id="Komet-MacBook-16.local-5f0dbd3" start="1778966884253" dump="1778966889931"/><sessioninfo id="Komet-MacBook-16.local-36e16f18" start="1778966903201" dump="1778966908603"/><package name="network/ike/plugin/scaffold"><class name="network/ike/plugin/scaffold/TierAction$Skip" sourcefilename="TierAction.java"><method name="&lt;init&gt;" desc="(Lnetwork/ike/plugin/scaffold/ManifestEntry;Ljava/nio/file/Path;Ljava/lang/String;Ljava/lang/String;)V" line="126"><counter type="INSTRUCTION" missed="0" covered="33"/><counter type="BRANCH" missed="0" covered="2"/><counter type="LINE" missed="0" covered="6"/><counter type="COMPLEXITY" missed="0" covered="2"/><counter type="METHOD" missed="0" covered="1"/></method><counter type="INSTRUCTION" missed="0" covered="33"/><counter type="BRANCH" missed="0" covered="2"/><counter type="LINE" missed="0" covered="6"/><counter type="COMPLEXITY" missed="0" covered="2"/><counter type="METHOD" missed="0" covered="1"/><counter type="CLASS" missed="0" covered="1"/></class><class name="network/ike/plugin/scaffold/ModelAdapters" sourcefilename="ModelAdapters.java"><method name="&lt;init&gt;" desc="()V" line="20"><counter type="INSTRUCTION" missed="0" covered="23"/><counter type="LINE" missed="0" covered="2"/><counter type="COMPLEXITY" missed="0" covered="1"/><counter type="METHOD" missed="0" covered="1"/></method><method name="&lt;init&gt;" desc="([Lnetwork/ike/plugin/scaffold/ModelAdapter;)V" line="32"><counter type="INSTRUCTION" missed="0" covered="39"/><counter type="BRANCH" missed="0" covered="4"/><counter type="LINE" missed="0" covered="8"/><counter type="COMPLEXITY" missed="0" covered="3"/><counter type="METHOD" missed="0" covered="1"/></method><method name="get" desc="(Ljava/lang/String;)Lnetwork/ike/plugin/scaffold/ModelAdapter;" line="52"><counter type="INSTRUCTION" missed="0" covered="6"/><counter type="LINE" missed="0" covered="1"/><counter type="COMPLEXITY" missed="0" covered="1"/><counter type="METHOD" missed="0" covered="1"/></method><method name="require" desc="(Ljava/lang/String;)Lnetwork/ike/plugin/scaffold/ModelAdapter;" line="65"><counter type="INSTRUCTION" missed="0" covered="20"/><counter type="BRANCH" missed="0" covered="2"/><counter type="LINE" missed="0" covered="5"/><counter type="COMPLEXITY" missed="0" covered="2"/><counter type="METHOD" missed="0" covered="1"/></method><counter type="INSTRUCTION" missed="0" covered="88"/><counter type="BRANCH" missed="0" covered="6"/><counter type="LINE" missed="0" covered="16"/><counter type="COMPLEXITY" missed="0" covered="7"/><counter type="METHOD" missed="0" covered="4"/><counter type="CLASS" missed="0" covered="1"/></class><class name="network/ike/plugin/scaffold/GitConfigAdapter$GitConfigDoc$Line" sourcefilename="GitConfigAdapter.java"><method name="&lt;init&gt;" desc="(Lnetwork/ike/plugin/scaffold/GitConfigAdapter$GitConfigDoc$Line$Type;Ljava/lang/String;Ljava/lang/String;Ljava/lang/String;Ljava/lang/String;)V" line="345"><counter type="INSTRUCTION" missed="0" covered="18"/><counter type="LINE" missed="0" covered="7"/><counter type="COMPLEXITY" missed="0" covered="1"/><counter type="METHOD" missed="0" covered="1"/></method><counter type="INSTRUCTION" missed="0" covered="18"/><counter type="LINE" missed="0" covered="7"/><counter type="COMPLEXITY" missed="0" covered="1"/><counter type="METHOD" missed="0" covered="1"/><counter type="CLASS" missed="0" covered="1"/></class><class name="network/ike/plugin/scaffold/ScaffoldLockfileIo" sourcefilename="ScaffoldLockfileIo.java"><method name="read" desc="(Ljava/nio/file/Path;)Lnetwork/ike/plugin/scaffold/ScaffoldLockfile;" line="51"><counter type="INSTRUCTION" missed="9" covered="9"/><counter type="LINE" missed="2" covered="2"/><counter type="COMPLEXITY" missed="0" covered="1"/><counter type="METHOD" missed="0" covered="1"/></method><method name="read" desc="(Ljava/io/Reader;)Lnetwork/ike/plugin/scaffold/ScaffoldLockfile;" line="69"><counter type="INSTRUCTION" missed="8" covered="87"/><counter type="BRANCH" missed="2" covered="8"/><counter type="LINE" missed="2" covered="18"/><counter type="COMPLEXITY" missed="2" covered="4"/><counter type="METHOD" missed="0" covered="1"/></method><method name="parseEntry" desc="(Ljava/lang/String;Ljava/lang/Object;)Lnetwork/ike/plugin/scaffold/LockfileEntry;" line="108"><counter type="INSTRUCTION" missed="12" covered="111"/><counter type="BRANCH" missed="4" covered="12"/><counter type="LINE" missed="2" covered="22"/><counter type="COMPLEXITY" missed="4" covered="5"/><counter type="METHOD" missed="0" covered="1"/></method><method name="writeToString" desc="(Lnetwork/ike/plugin/scaffold/ScaffoldLockfile;)Ljava/lang/String;" line="166"><counter type="INSTRUCTION" missed="0" covered="10"/><counter type="LINE" missed="0" covered="3"/><counter type="COMPLEXITY" missed="0" covered="1"/><counter type="METHOD" missed="0" covered="1"/></method><method name="write" desc="(Lnetwork/ike/plugin/scaffold/ScaffoldLockfile;Ljava/nio/file/Path;)V" line="181"><counter type="INSTRUCTION" missed="9" covered="21"/><counter type="BRANCH" missed="1" covered="1"/><counter type="LINE" missed="2" covered="7"/><counter type="COMPLEXITY" missed="1" covered="1"/><counter type="METHOD" missed="0" covered="1"/></method><method name="write" desc="(Lnetwork/ike/plugin/scaffold/ScaffoldLockfile;Ljava/io/Writer;)V" line="202"><counter type="INSTRUCTION" missed="7" covered="90"/><counter type="BRANCH" missed="0" covered="6"/><counter type="LINE" missed="2" covered="20"/><counter type="COMPLEXITY" missed="0" covered="4"/><counter type="METHOD" missed="0" covered="1"/></method><method name="entryToMap" desc="(Lnetwork/ike/plugin/scaffold/LockfileEntry;)Ljava/util/Map;" line="232"><counter type="INSTRUCTION" missed="0" covered="83"/><counter type="BRANCH" missed="0" covered="8"/><counter type="LINE" missed="0" covered="17"/><counter type="COMPLEXITY" missed="0" covered="5"/><counter type="METHOD" missed="0" covered="1"/></method><method name="stringField" desc="(Ljava/util/Map;Ljava/lang/String;Ljava/lang/String;)Ljava/lang/String;" line="258"><counter type="INSTRUCTION" missed="0" covered="11"/><counter type="BRANCH" missed="0" covered="2"/><counter type="LINE" missed="0" covered="4"/><counter type="COMPLEXITY" missed="0" covered="2"/><counter type="METHOD" missed="0" covered="1"/></method><method name="intField" desc="(Ljava/util/Map;Ljava/lang/String;I)I" line="267"><counter type="INSTRUCTION" missed="16" covered="15"/><counter type="BRANCH" missed="2" covered="2"/><counter type="LINE" missed="4" covered="4"/><counter type="COMPLEXITY" missed="2" covered="1"/><counter type="METHOD" missed="0" covered="1"/></method><method name="mapField" desc="(Ljava/util/Map;Ljava/lang/String;)Ljava/util/Map;" line="285"><counter type="INSTRUCTION" missed="8" covered="12"/><counter type="BRANCH" missed="2" covered="2"/><counter type="LINE" missed="2" covered="4"/><counter type="COMPLEXITY" missed="2" covered="1"/><counter type="METHOD" missed="0" covered="1"/></method><method name="instantField" desc="(Ljava/util/Map;Ljava/lang/String;)Ljava/time/Instant;" line="298"><counter type="INSTRUCTION" missed="20" covered="24"/><counter type="BRANCH" missed="2" covered="4"/><counter type="LINE" missed="4" covered="7"/><counter type="COMPLEXITY" missed="2" covered="2"/><counter type="METHOD" missed="0" covered="1"/></method><method name="toIso" desc="(Ljava/time/Instant;)Ljava/lang/String;" line="318"><counter type="INSTRUCTION" missed="0" covered="4"/><counter type="LINE" missed="0" covered="1"/><counter type="COMPLEXITY" missed="0" covered="1"/><counter type="METHOD" missed="0" covered="1"/></method><counter type="INSTRUCTION" missed="89" covered="477"/><counter type="BRANCH" missed="13" covered="45"/><counter type="LINE" missed="20" covered="109"/><counter type="COMPLEXITY" missed="13" covered="28"/><counter type="METHOD" missed="0" covered="12"/><counter type="CLASS" missed="0" covered="1"/></class><class name="network/ike/plugin/scaffold/TierHandlers" sourcefilename="TierHandlers.java"><method name="&lt;init&gt;" desc="()V" line="23"><counter type="INSTRUCTION" missed="0" covered="23"/><counter type="LINE" missed="0" covered="2"/><counter type="COMPLEXITY" missed="0" covered="1"/><counter type="METHOD" missed="0" covered="1"/></method><method name="&lt;init&gt;" desc="([Lnetwork/ike/plugin/scaffold/TierHandler;)V" line="35"><counter type="INSTRUCTION" missed="0" covered="41"/><counter type="BRANCH" missed="0" covered="4"/><counter type="LINE" missed="0" covered="8"/><counter type="COMPLEXITY" missed="0" covered="3"/><counter type="METHOD" missed="0" covered="1"/></method><method name="get" desc="(Lnetwork/ike/plugin/scaffold/ScaffoldTier;)Lnetwork/ike/plugin/scaffold/TierHandler;" line="55"><counter type="INSTRUCTION" missed="0" covered="6"/><counter type="LINE" missed="0" covered="1"/><counter type="COMPLEXITY" missed="0" covered="1"/><counter type="METHOD" missed="0" covered="1"/></method><method name="require" desc="(Lnetwork/ike/plugin/scaffold/ScaffoldTier;)Lnetwork/ike/plugin/scaffold/TierHandler;" line="67"><counter type="INSTRUCTION" missed="0" covered="17"/><counter type="BRANCH" missed="0" covered="2"/><counter type="LINE" missed="0" covered="5"/><counter type="COMPLEXITY" missed="0" covered="2"/><counter type="METHOD" missed="0" covered="1"/></method><counter type="INSTRUCTION" missed="0" covered="87"/><counter type="BRANCH" missed="0" covered="6"/><counter type="LINE" missed="0" covered="16"/><counter type="COMPLEXITY" missed="0" covered="7"/><counter type="METHOD" missed="0" covered="4"/><counter type="CLASS" missed="0" covered="1"/></class><class name="network/ike/plugin/scaffold/ModelAdapter" sourcefilename="ModelAdapter.java"/><class name="network/ike/plugin/scaffold/ScaffoldManifest$ParentRef" sourcefilename="ScaffoldManifest.java"><method name="&lt;init&gt;" desc="(Ljava/lang/String;Ljava/lang/String;Ljava/lang/String;)V" line="134"><counter type="INSTRUCTION" missed="0" covered="24"/><counter type="LINE" missed="0" covered="5"/><counter type="COMPLEXITY" missed="0" covered="1"/><counter type="METHOD" missed="0" covered="1"/></method><counter type="INSTRUCTION" missed="0" covered="24"/><counter type="LINE" missed="0" covered="5"/><counter type="COMPLEXITY" missed="0" covered="1"/><counter type="METHOD" missed="0" covered="1"/><counter type="CLASS" missed="0" covered="1"/></class><class name="network/ike/plugin/scaffold/GitConfigAdapter" sourcefilename="GitConfigAdapter.java"><method name="&lt;init&gt;" desc="()V" line="48"><counter type="INSTRUCTION" missed="0" covered="3"/><counter type="LINE" missed="0" covered="2"/><counter type="COMPLEXITY" missed="0" covered="1"/><counter type="METHOD" missed="0" covered="1"/></method><method name="modelName" desc="()Ljava/lang/String;" line="53"><counter type="INSTRUCTION" missed="0" covered="2"/><counter type="LINE" missed="0" covered="1"/><counter type="COMPLEXITY" missed="0" covered="1"/><counter type="METHOD" missed="0" covered="1"/></method><method name="plan" desc="(Lnetwork/ike/plugin/scaffold/ManifestEntry;Ljava/nio/file/Path;[BLnetwork/ike/plugin/scaffold/LockfileEntry;Ljava/lang/String;)Lnetwork/ike/plugin/scaffold/ModelPlanResult;" line="64"><counter type="INSTRUCTION" missed="3" covered="222"/><counter type="BRANCH" missed="2" covered="24"/><counter type="LINE" missed="0" covered="53"/><counter type="COMPLEXITY" missed="2" covered="12"/><counter type="METHOD" missed="0" covered="1"/></method><method name="configPath" desc="(Ljava/lang/String;Ljava/lang/String;)Ljava/lang/String;" line="150"><counter type="INSTRUCTION" missed="0" covered="4"/><counter type="LINE" missed="0" covered="1"/><counter type="COMPLEXITY" missed="0" covered="1"/><counter type="METHOD" missed="0" covered="1"/></method><method name="userOverrideReason" desc="(Ljava/util/List;)Ljava/lang/String;" line="154"><counter type="INSTRUCTION" missed="0" covered="19"/><counter type="BRANCH" missed="0" covered="2"/><counter type="LINE" missed="0" covered="5"/><counter type="COMPLEXITY" missed="0" covered="2"/><counter type="METHOD" missed="0" covered="1"/></method><method name="indexByPath" desc="(Lnetwork/ike/plugin/scaffold/LockfileEntry;)Ljava/util/Map;" line="164"><counter type="INSTRUCTION" missed="0" covered="32"/><counter type="BRANCH" missed="1" covered="5"/><counter type="LINE" missed="0" covered="8"/><counter type="COMPLEXITY" missed="1" covered="3"/><counter type="METHOD" missed="0" covered="1"/></method><method name="readEnsureSections" desc="(Lnetwork/ike/plugin/scaffold/ManifestEntry;)Ljava/util/Map;" line="177"><counter type="INSTRUCTION" missed="11" covered="87"/><counter type="BRANCH" missed="3" covered="9"/><counter type="LINE" missed="4" covered="18"/><counter type="COMPLEXITY" missed="3" covered="4"/><counter type="METHOD" missed="0" covered="1"/></method><counter type="INSTRUCTION" missed="14" covered="369"/><counter type="BRANCH" missed="6" covered="40"/><counter type="LINE" missed="4" covered="88"/><counter type="COMPLEXITY" missed="6" covered="24"/><counter type="METHOD" missed="0" covered="7"/><counter type="CLASS" missed="0" covered="1"/></class><class name="network/ike/plugin/scaffold/ManagedElement" sourcefilename="ManagedElement.java"><method name="&lt;init&gt;" desc="(Ljava/lang/String;Ljava/time/Instant;Ljava/lang/String;)V" line="35"><counter type="INSTRUCTION" missed="10" covered="30"/><counter type="BRANCH" missed="2" covered="2"/><counter type="LINE" missed="2" covered="7"/><counter type="COMPLEXITY" missed="2" covered="1"/><counter type="METHOD" missed="0" covered="1"/></method><counter type="INSTRUCTION" missed="10" covered="30"/><counter type="BRANCH" missed="2" covered="2"/><counter type="LINE" missed="2" covered="7"/><counter type="COMPLEXITY" missed="2" covered="1"/><counter type="METHOD" missed="0" covered="1"/><counter type="CLASS" missed="0" covered="1"/></class><class name="network/ike/plugin/scaffold/TierAction$UserManaged" sourcefilename="TierAction.java"><method name="&lt;init&gt;" desc="(Lnetwork/ike/plugin/scaffold/ManifestEntry;Ljava/nio/file/Path;Ljava/lang/String;Ljava/lang/String;Ljava/lang/String;)V" line="199"><counter type="INSTRUCTION" missed="0" covered="38"/><counter type="LINE" missed="0" covered="7"/><counter type="COMPLEXITY" missed="0" covered="1"/><counter type="METHOD" missed="0" covered="1"/></method><counter type="INSTRUCTION" missed="0" covered="38"/><counter type="LINE" missed="0" covered="7"/><counter type="COMPLEXITY" missed="0" covered="1"/><counter type="METHOD" missed="0" covered="1"/><counter type="CLASS" missed="0" covered="1"/></class><class name="network/ike/plugin/scaffold/FoundationBaker$Status" sourcefilename="FoundationBaker.java"><method name="&lt;clinit&gt;" desc="()V" line="85"><counter type="INSTRUCTION" missed="0" covered="27"/><counter type="LINE" missed="0" covered="5"/><counter type="COMPLEXITY" missed="0" covered="1"/><counter type="METHOD" missed="0" covered="1"/></method><counter type="INSTRUCTION" missed="0" covered="27"/><counter type="LINE" missed="0" covered="5"/><counter type="COMPLEXITY" missed="0" covered="1"/><counter type="METHOD" missed="0" covered="1"/><counter type="CLASS" missed="0" covered="1"/></class><class name="network/ike/plugin/scaffold/LineDiff" sourcefilename="LineDiff.java"><method name="counts" desc="(Ljava/lang/String;Ljava/lang/String;)Lnetwork/ike/plugin/scaffold/LineDiff$Counts;" line="33"><counter type="INSTRUCTION" missed="0" covered="81"/><counter type="BRANCH" missed="0" covered="8"/><counter type="LINE" missed="0" covered="21"/><counter type="COMPLEXITY" missed="0" covered="5"/><counter type="METHOD" missed="0" covered="1"/></method><method name="unified" desc="(Ljava/lang/String;Ljava/lang/String;)Ljava/lang/String;" line="69"><counter type="INSTRUCTION" missed="0" covered="129"/><counter type="BRANCH" missed="0" covered="12"/><counter type="LINE" missed="0" covered="23"/><counter type="COMPLEXITY" missed="0" covered="7"/><counter type="METHOD" missed="0" covered="1"/></method><method name="lcsTable" desc="(Ljava/util/List;Ljava/util/List;)[[I" line="100"><counter type="INSTRUCTION" missed="0" covered="78"/><counter type="BRANCH" missed="0" covered="6"/><counter type="LINE" missed="0" covered="10"/><counter type="COMPLEXITY" missed="0" covered="4"/><counter type="METHOD" missed="0" covered="1"/></method><method name="lines" desc="(Ljava/lang/String;)Ljava/util/List;" line="117"><counter type="INSTRUCTION" missed="6" covered="43"/><counter type="BRANCH" missed="1" covered="9"/><counter type="LINE" missed="1" covered="10"/><counter type="COMPLEXITY" missed="1" covered="5"/><counter type="METHOD" missed="0" covered="1"/></method><counter type="INSTRUCTION" missed="6" covered="331"/><counter type="BRANCH" missed="1" covered="35"/><counter type="LINE" missed="1" covered="64"/><counter type="COMPLEXITY" missed="1" covered="21"/><counter type="METHOD" missed="0" covered="4"/><counter type="CLASS" missed="0" covered="1"/></class><class name="network/ike/plugin/scaffold/FoundationBaker$Coordinate" sourcefilename="FoundationBaker.java"><method name="&lt;init&gt;" desc="(Ljava/lang/String;Ljava/lang/String;Ljava/lang/String;)V" line="42"><counter type="INSTRUCTION" missed="0" covered="12"/><counter type="LINE" missed="0" covered="1"/><counter type="COMPLEXITY" missed="0" covered="1"/><counter type="METHOD" missed="0" covered="1"/></method><counter type="INSTRUCTION" missed="0" covered="12"/><counter type="LINE" missed="0" covered="1"/><counter type="COMPLEXITY" missed="0" covered="1"/><counter type="METHOD" missed="0" covered="1"/><counter type="CLASS" missed="0" covered="1"/></class><class name="network/ike/plugin/scaffold/FoundationBaker$Finding" sourcefilename="FoundationBaker.java"><method name="&lt;init&gt;" desc="(Lnetwork/ike/plugin/scaffold/FoundationBaker$Coordinate;Ljava/lang/String;Ljava/lang/String;Lnetwork/ike/plugin/scaffold/FoundationBaker$Status;)V" line="105"><counter type="INSTRUCTION" missed="0" covered="15"/><counter type="LINE" missed="0" covered="1"/><counter type="COMPLEXITY" missed="0" covered="1"/><counter type="METHOD" missed="0" covered="1"/></method><counter type="INSTRUCTION" missed="0" covered="15"/><counter type="LINE" missed="0" covered="1"/><counter type="COMPLEXITY" missed="0" covered="1"/><counter type="METHOD" missed="0" covered="1"/><counter type="CLASS" missed="0" covered="1"/></class><class name="network/ike/plugin/scaffold/TrackedTierHandler" sourcefilename="TrackedTierHandler.java"><method name="&lt;init&gt;" desc="()V" line="34"><counter type="INSTRUCTION" missed="0" covered="3"/><counter type="LINE" missed="0" covered="2"/><counter type="COMPLEXITY" missed="0" covered="1"/><counter type="METHOD" missed="0" covered="1"/></method><method name="tier" desc="()Lnetwork/ike/plugin/scaffold/ScaffoldTier;" line="39"><counter type="INSTRUCTION" missed="0" covered="2"/><counter type="LINE" missed="0" covered="1"/><counter type="COMPLEXITY" missed="0" covered="1"/><counter type="METHOD" missed="0" covered="1"/></method><method name="plan" desc="(Lnetwork/ike/plugin/scaffold/ManifestEntry;Ljava/nio/file/Path;[B[BLnetwork/ike/plugin/scaffold/LockfileEntry;)Lnetwork/ike/plugin/scaffold/TierAction;" line="49"><counter type="INSTRUCTION" missed="0" covered="84"/><counter type="BRANCH" missed="1" covered="11"/><counter type="LINE" missed="0" covered="19"/><counter type="COMPLEXITY" missed="1" covered="6"/><counter type="METHOD" missed="0" covered="1"/></method><method name="skipDiverged" desc="(Lnetwork/ike/plugin/scaffold/ManifestEntry;Ljava/nio/file/Path;[B[BLjava/lang/String;)Lnetwork/ike/plugin/scaffold/TierAction$Skip;" line="110"><counter type="INSTRUCTION" missed="0" covered="25"/><counter type="LINE" missed="0" covered="6"/><counter type="COMPLEXITY" missed="0" covered="1"/><counter type="METHOD" missed="0" covered="1"/></method><method name="str" desc="([B)Ljava/lang/String;" line="121"><counter type="INSTRUCTION" missed="2" covered="8"/><counter type="BRANCH" missed="1" covered="1"/><counter type="LINE" missed="1" covered="2"/><counter type="COMPLEXITY" missed="1" covered="1"/><counter type="METHOD" missed="0" covered="1"/></method><counter type="INSTRUCTION" missed="2" covered="122"/><counter type="BRANCH" missed="2" covered="12"/><counter type="LINE" missed="1" covered="30"/><counter type="COMPLEXITY" missed="2" covered="10"/><counter type="METHOD" missed="0" covered="5"/><counter type="CLASS" missed="0" covered="1"/></class><class name="network/ike/plugin/scaffold/Sha256" sourcefilename="Sha256.java"><method name="of" desc="([B)Ljava/lang/String;" line="37"><counter type="INSTRUCTION" missed="0" covered="14"/><counter type="BRANCH" missed="0" covered="2"/><counter type="LINE" missed="0" covered="3"/><counter type="COMPLEXITY" missed="0" covered="2"/><counter type="METHOD" missed="0" covered="1"/></method><method name="of" desc="(Ljava/lang/String;)Ljava/lang/String;" line="49"><counter type="INSTRUCTION" missed="0" covered="10"/><counter type="BRANCH" missed="0" covered="2"/><counter type="LINE" missed="0" covered="3"/><counter type="COMPLEXITY" missed="0" covered="2"/><counter type="METHOD" missed="0" covered="1"/></method><method name="ofFile" desc="(Ljava/nio/file/Path;)Ljava/lang/String;" line="63"><counter type="INSTRUCTION" missed="0" covered="37"/><counter type="BRANCH" missed="0" covered="2"/><counter type="LINE" missed="0" covered="8"/><counter type="COMPLEXITY" missed="0" covered="2"/><counter type="METHOD" missed="0" covered="1"/></method><method name="matches" desc="(Ljava/nio/file/Path;Ljava/lang/String;)Z" line="88"><counter type="INSTRUCTION" missed="0" covered="9"/><counter type="BRANCH" missed="0" covered="2"/><counter type="LINE" missed="0" covered="3"/><counter type="COMPLEXITY" missed="0" covered="2"/><counter type="METHOD" missed="0" covered="1"/></method><method name="newDigest" desc="()Ljava/security/MessageDigest;" line="96"><counter type="INSTRUCTION" missed="7" covered="3"/><counter type="LINE" missed="2" covered="1"/><counter type="COMPLEXITY" missed="0" covered="1"/><counter type="METHOD" missed="0" covered="1"/></method><method name="format" desc="([B)Ljava/lang/String;" line="104"><counter type="INSTRUCTION" missed="0" covered="52"/><counter type="BRANCH" missed="0" covered="2"/><counter type="LINE" missed="0" covered="7"/><counter type="COMPLEXITY" missed="0" covered="2"/><counter type="METHOD" missed="0" covered="1"/></method><counter type="INSTRUCTION" missed="7" covered="125"/><counter type="BRANCH" missed="0" covered="10"/><counter type="LINE" missed="2" covered="25"/><counter type="COMPLEXITY" missed="0" covered="11"/><counter type="METHOD" missed="0" covered="6"/><counter type="CLASS" missed="0" covered="1"/></class><class name="network/ike/plugin/scaffold/ScaffoldManifestIo" sourcefilename="ScaffoldManifestIo.java"><method name="read" desc="(Ljava/nio/file/Path;)Lnetwork/ike/plugin/scaffold/ScaffoldManifest;" line="52"><counter type="INSTRUCTION" missed="9" covered="9"/><counter type="LINE" missed="2" covered="2"/><counter type="COMPLEXITY" missed="0" covered="1"/><counter type="METHOD" missed="0" covered="1"/></method><method name="read" desc="(Ljava/io/Reader;)Lnetwork/ike/plugin/scaffold/ScaffoldManifest;" line="68"><counter type="INSTRUCTION" missed="18" covered="97"/><counter type="BRANCH" missed="3" covered="11"/><counter type="LINE" missed="4" covered="22"/><counter type="COMPLEXITY" missed="3" covered="5"/><counter type="METHOD" missed="0" covered="1"/></method><method name="parseFoundation" desc="(Ljava/lang/Object;)Lnetwork/ike/plugin/scaffold/ScaffoldManifest$Foundation;" line="127"><counter type="INSTRUCTION" missed="16" covered="112"/><counter type="BRANCH" missed="7" covered="15"/><counter type="LINE" missed="3" covered="24"/><counter type="COMPLEXITY" missed="7" covered="5"/><counter type="METHOD" missed="0" covered="1"/></method><method name="parseEntry" desc="(Ljava/lang/Object;I)Lnetwork/ike/plugin/scaffold/ManifestEntry;" line="171"><counter type="INSTRUCTION" missed="31" covered="103"/><counter type="BRANCH" missed="3" covered="9"/><counter type="LINE" missed="6" covered="23"/><counter type="COMPLEXITY" missed="3" covered="4"/><counter type="METHOD" missed="0" covered="1"/></method><method name="stringField" desc="(Ljava/util/Map;Ljava/lang/String;Ljava/lang/String;)Ljava/lang/String;" line="231"><counter type="INSTRUCTION" missed="0" covered="11"/><counter type="BRANCH" missed="0" covered="2"/><counter type="LINE" missed="0" covered="4"/><counter type="COMPLEXITY" missed="0" covered="2"/><counter type="METHOD" missed="0" covered="1"/></method><method name="intField" desc="(Ljava/util/Map;Ljava/lang/String;I)I" line="240"><counter type="INSTRUCTION" missed="16" covered="15"/><counter type="BRANCH" missed="2" covered="2"/><counter type="LINE" missed="4" covered="4"/><counter type="COMPLEXITY" missed="2" covered="1"/><counter type="METHOD" missed="0" covered="1"/></method><method name="&lt;clinit&gt;" desc="()V" line="37"><counter type="INSTRUCTION" missed="0" covered="8"/><counter type="LINE" missed="0" covered="1"/><counter type="COMPLEXITY" missed="0" covered="1"/><counter type="METHOD" missed="0" covered="1"/></method><counter type="INSTRUCTION" missed="90" covered="355"/><counter type="BRANCH" missed="15" covered="39"/><counter type="LINE" missed="19" covered="80"/><counter type="COMPLEXITY" missed="15" covered="19"/><counter type="METHOD" missed="0" covered="7"/><counter type="CLASS" missed="0" covered="1"/></class><class name="network/ike/plugin/scaffold/MavenSettingsAdapter" sourcefilename="MavenSettingsAdapter.java"><method name="&lt;init&gt;" desc="()V" line="71"><counter type="INSTRUCTION" missed="0" covered="3"/><counter type="LINE" missed="0" covered="2"/><counter type="COMPLEXITY" missed="0" covered="1"/><counter type="METHOD" missed="0" covered="1"/></method><method name="modelName" desc="()Ljava/lang/String;" line="76"><counter type="INSTRUCTION" missed="0" covered="2"/><counter type="LINE" missed="0" covered="1"/><counter type="COMPLEXITY" missed="0" covered="1"/><counter type="METHOD" missed="0" covered="1"/></method><method name="plan" desc="(Lnetwork/ike/plugin/scaffold/ManifestEntry;Ljava/nio/file/Path;[BLnetwork/ike/plugin/scaffold/LockfileEntry;Ljava/lang/String;)Lnetwork/ike/plugin/scaffold/ModelPlanResult;" line="87"><counter type="INSTRUCTION" missed="4" covered="167"/><counter type="BRANCH" missed="3" covered="19"/><counter type="LINE" missed="0" covered="48"/><counter type="COMPLEXITY" missed="3" covered="9"/><counter type="METHOD" missed="0" covered="1"/></method><method name="pluginGroupPath" desc="(Ljava/lang/String;)Ljava/lang/String;" line="163"><counter type="INSTRUCTION" missed="0" covered="3"/><counter type="LINE" missed="0" covered="1"/><counter type="COMPLEXITY" missed="0" covered="1"/><counter type="METHOD" missed="0" covered="1"/></method><method name="readEnsuredPluginGroups" desc="(Lnetwork/ike/plugin/scaffold/ManifestEntry;)Ljava/util/List;" line="169"><counter type="INSTRUCTION" missed="16" covered="63"/><counter type="BRANCH" missed="4" covered="10"/><counter type="LINE" missed="5" covered="15"/><counter type="COMPLEXITY" missed="4" covered="4"/><counter type="METHOD" missed="0" covered="1"/></method><method name="indexByPath" desc="(Lnetwork/ike/plugin/scaffold/LockfileEntry;)Ljava/util/Map;" line="201"><counter type="INSTRUCTION" missed="0" covered="32"/><counter type="BRANCH" missed="1" covered="5"/><counter type="LINE" missed="0" covered="8"/><counter type="COMPLEXITY" missed="1" covered="3"/><counter type="METHOD" missed="0" covered="1"/></method><method name="newSettingsDocument" desc="()Lorg/w3c/dom/Document;" line="214"><counter type="INSTRUCTION" missed="7" covered="26"/><counter type="LINE" missed="2" covered="7"/><counter type="COMPLEXITY" missed="0" covered="1"/><counter type="METHOD" missed="0" covered="1"/></method><method name="parseXml" desc="([B)Lorg/w3c/dom/Document;" line="237"><counter type="INSTRUCTION" missed="9" covered="16"/><counter type="LINE" missed="3" covered="2"/><counter type="COMPLEXITY" missed="0" covered="1"/><counter type="METHOD" missed="0" covered="1"/></method><method name="newDocumentBuilder" desc="()Ljavax/xml/parsers/DocumentBuilder;" line="249"><counter type="INSTRUCTION" missed="0" covered="30"/><counter type="LINE" missed="0" covered="9"/><counter type="COMPLEXITY" missed="0" covered="1"/><counter type="METHOD" missed="0" covered="1"/></method><method name="findOrCreateChild" desc="(Lorg/w3c/dom/Document;Lorg/w3c/dom/Element;Ljava/lang/String;)Lorg/w3c/dom/Element;" line="267"><counter type="INSTRUCTION" missed="0" covered="38"/><counter type="BRANCH" missed="0" covered="6"/><counter type="LINE" missed="0" covered="9"/><counter type="COMPLEXITY" missed="0" covered="4"/><counter type="METHOD" missed="0" covered="1"/></method><method name="readChildValues" desc="(Lorg/w3c/dom/Element;Ljava/lang/String;)Ljava/util/List;" line="283"><counter type="INSTRUCTION" missed="2" covered="40"/><counter type="BRANCH" missed="2" covered="6"/><counter type="LINE" missed="0" covered="9"/><counter type="COMPLEXITY" missed="2" covered="3"/><counter type="METHOD" missed="0" covered="1"/></method><method name="serialize" desc="(Lorg/w3c/dom/Document;)[B" line="298"><counter type="INSTRUCTION" missed="10" covered="44"/><counter type="BRANCH" missed="1" covered="1"/><counter type="LINE" missed="3" covered="11"/><counter type="COMPLEXITY" missed="1" covered="1"/><counter type="METHOD" missed="0" covered="1"/></method><counter type="INSTRUCTION" missed="48" covered="464"/><counter type="BRANCH" missed="11" covered="47"/><counter type="LINE" missed="13" covered="122"/><counter type="COMPLEXITY" missed="11" covered="30"/><counter type="METHOD" missed="0" covered="12"/><counter type="CLASS" missed="0" covered="1"/></class><class name="network/ike/plugin/scaffold/GitConfigAdapter$GitConfigDoc$Line$Type" sourcefilename="GitConfigAdapter.java"><method name="&lt;clinit&gt;" desc="()V" line="336"><counter type="INSTRUCTION" missed="0" covered="21"/><counter type="LINE" missed="0" covered="1"/><counter type="COMPLEXITY" missed="0" covered="1"/><counter type="METHOD" missed="0" covered="1"/></method><counter type="INSTRUCTION" missed="0" covered="21"/><counter type="LINE" missed="0" covered="1"/><counter type="COMPLEXITY" missed="0" covered="1"/><counter type="METHOD" missed="0" covered="1"/><counter type="CLASS" missed="0" covered="1"/></class><class name="network/ike/plugin/scaffold/ScaffoldReverter$Outcome$Kind" sourcefilename="ScaffoldReverter.java"><method name="&lt;clinit&gt;" desc="()V" line="172"><counter type="INSTRUCTION" missed="0" covered="21"/><counter type="LINE" missed="0" covered="4"/><counter type="COMPLEXITY" missed="0" covered="1"/><counter type="METHOD" missed="0" covered="1"/></method><counter type="INSTRUCTION" missed="0" covered="21"/><counter type="LINE" missed="0" covered="4"/><counter type="COMPLEXITY" missed="0" covered="1"/><counter type="METHOD" missed="0" covered="1"/><counter type="CLASS" missed="0" covered="1"/></class><class name="network/ike/plugin/scaffold/TierAction$Write" sourcefilename="TierAction.java"><method name="&lt;init&gt;" desc="(Lnetwork/ike/plugin/scaffold/ManifestEntry;Ljava/nio/file/Path;[BLjava/lang/String;Ljava/lang/String;Lnetwork/ike/plugin/scaffold/TierAction$Write$Kind;Ljava/lang/String;)V" line="74"><counter type="INSTRUCTION" missed="0" covered="56"/><counter type="LINE" missed="0" covered="10"/><counter type="COMPLEXITY" missed="0" covered="1"/><counter type="METHOD" missed="0" covered="1"/></method><method name="newContent" desc="()[B" line="93"><counter type="INSTRUCTION" missed="0" covered="5"/><counter type="LINE" missed="0" covered="1"/><counter type="COMPLEXITY" missed="0" covered="1"/><counter type="METHOD" missed="0" covered="1"/></method><counter type="INSTRUCTION" missed="0" covered="61"/><counter type="LINE" missed="0" covered="11"/><counter type="COMPLEXITY" missed="0" covered="2"/><counter type="METHOD" missed="0" covered="2"/><counter type="CLASS" missed="0" covered="1"/></class><class name="network/ike/plugin/scaffold/PomModelAdapter$PluginEnsure" sourcefilename="PomModelAdapter.java"><method name="&lt;init&gt;" desc="(Ljava/lang/String;Ljava/lang/String;Ljava/lang/String;)V" line="155"><counter type="INSTRUCTION" missed="0" covered="12"/><counter type="LINE" missed="0" covered="1"/><counter type="COMPLEXITY" missed="0" covered="1"/><counter type="METHOD" missed="0" covered="1"/></method><counter type="INSTRUCTION" missed="0" covered="12"/><counter type="LINE" missed="0" covered="1"/><counter type="COMPLEXITY" missed="0" covered="1"/><counter type="METHOD" missed="0" covered="1"/><counter type="CLASS" missed="0" covered="1"/></class><class name="network/ike/plugin/scaffold/ModelPlanResult" sourcefilename="ModelPlanResult.java"><method name="&lt;init&gt;" desc="(Lnetwork/ike/plugin/scaffold/TierAction;Ljava/util/List;)V" line="31"><counter type="INSTRUCTION" missed="2" covered="18"/><counter type="BRANCH" missed="1" covered="1"/><counter type="LINE" missed="1" covered="5"/><counter type="COMPLEXITY" missed="1" covered="1"/><counter type="METHOD" missed="0" covered="1"/></method><counter type="INSTRUCTION" missed="2" covered="18"/><counter type="BRANCH" missed="1" covered="1"/><counter type="LINE" missed="1" covered="5"/><counter type="COMPLEXITY" missed="1" covered="1"/><counter type="METHOD" missed="0" covered="1"/><counter type="CLASS" missed="0" covered="1"/></class><class name="network/ike/plugin/scaffold/TierAction$UpToDate" sourcefilename="TierAction.java"><method name="&lt;init&gt;" desc="(Lnetwork/ike/plugin/scaffold/ManifestEntry;Ljava/nio/file/Path;Ljava/lang/String;Ljava/lang/String;Ljava/lang/String;)V" line="157"><counter type="INSTRUCTION" missed="0" covered="38"/><counter type="LINE" missed="0" covered="7"/><counter type="COMPLEXITY" missed="0" covered="1"/><counter type="METHOD" missed="0" covered="1"/></method><counter type="INSTRUCTION" missed="0" covered="38"/><counter type="LINE" missed="0" covered="7"/><counter type="COMPLEXITY" missed="0" covered="1"/><counter type="METHOD" missed="0" covered="1"/><counter type="CLASS" missed="0" covered="1"/></class><class name="network/ike/plugin/scaffold/MapTemplateSource" sourcefilename="MapTemplateSource.java"><method name="&lt;init&gt;" desc="(Ljava/util/Map;)V" line="24"><counter type="INSTRUCTION" missed="0" covered="6"/><counter type="LINE" missed="0" covered="3"/><counter type="COMPLEXITY" missed="0" covered="1"/><counter type="METHOD" missed="0" covered="1"/></method><method name="ofStrings" desc="(Ljava/util/Map;)Lnetwork/ike/plugin/scaffold/MapTemplateSource;" line="36"><counter type="INSTRUCTION" missed="0" covered="32"/><counter type="BRANCH" missed="0" covered="2"/><counter type="LINE" missed="0" covered="6"/><counter type="COMPLEXITY" missed="0" covered="2"/><counter type="METHOD" missed="0" covered="1"/></method><method name="read" desc="(Ljava/lang/String;)[B" line="47"><counter type="INSTRUCTION" missed="0" covered="18"/><counter type="BRANCH" missed="0" covered="2"/><counter type="LINE" missed="0" covered="4"/><counter type="COMPLEXITY" missed="0" covered="2"/><counter type="METHOD" missed="0" covered="1"/></method><counter type="INSTRUCTION" missed="0" covered="56"/><counter type="BRANCH" missed="0" covered="4"/><counter type="LINE" missed="0" covered="13"/><counter type="COMPLEXITY" missed="0" covered="5"/><counter type="METHOD" missed="0" covered="3"/><counter type="CLASS" missed="0" covered="1"/></class><class name="network/ike/plugin/scaffold/TemplateSource" sourcefilename="TemplateSource.java"/><class name="network/ike/plugin/scaffold/ScaffoldScope" sourcefilename="ScaffoldScope.java"><method name="&lt;init&gt;" desc="(Ljava/lang/String;ILjava/lang/String;)V" line="37"><counter type="INSTRUCTION" missed="0" covered="8"/><counter type="LINE" missed="0" covered="3"/><counter type="COMPLEXITY" missed="0" covered="1"/><counter type="METHOD" missed="0" covered="1"/></method><method name="manifestValue" desc="()Ljava/lang/String;" line="47"><counter type="INSTRUCTION" missed="0" covered="3"/><counter type="LINE" missed="0" covered="1"/><counter type="COMPLEXITY" missed="0" covered="1"/><counter type="METHOD" missed="0" covered="1"/></method><method name="fromManifestValue" desc="(Ljava/lang/String;)Lnetwork/ike/plugin/scaffold/ScaffoldScope;" line="58"><counter type="INSTRUCTION" missed="0" covered="41"/><counter type="BRANCH" missed="0" covered="6"/><counter type="LINE" missed="0" covered="7"/><counter type="COMPLEXITY" missed="0" covered="4"/><counter type="METHOD" missed="0" covered="1"/></method><method name="&lt;clinit&gt;" desc="()V" line="21"><counter type="INSTRUCTION" missed="0" covered="17"/><counter type="LINE" missed="0" covered="3"/><counter type="COMPLEXITY" missed="0" covered="1"/><counter type="METHOD" missed="0" covered="1"/></method><counter type="INSTRUCTION" missed="0" covered="69"/><counter type="BRANCH" missed="0" covered="6"/><counter type="LINE" missed="0" covered="14"/><counter type="COMPLEXITY" missed="0" covered="7"/><counter type="METHOD" missed="0" covered="4"/><counter type="CLASS" missed="0" covered="1"/></class><class name="network/ike/plugin/scaffold/TierAction" sourcefilename="TierAction.java"/><class name="network/ike/plugin/scaffold/GitConfigAdapter$GitConfigDoc" sourcefilename="GitConfigAdapter.java"><method name="&lt;init&gt;" desc="(Ljava/util/List;)V" line="218"><counter type="INSTRUCTION" missed="0" covered="6"/><counter type="LINE" missed="0" covered="3"/><counter type="COMPLEXITY" missed="0" covered="1"/><counter type="METHOD" missed="0" covered="1"/></method><method name="empty" desc="()Lnetwork/ike/plugin/scaffold/GitConfigAdapter$GitConfigDoc;" line="223"><counter type="INSTRUCTION" missed="0" covered="7"/><counter type="LINE" missed="0" covered="1"/><counter type="COMPLEXITY" missed="0" covered="1"/><counter type="METHOD" missed="0" covered="1"/></method><method name="parse" desc="(Ljava/lang/String;)Lnetwork/ike/plugin/scaffold/GitConfigAdapter$GitConfigDoc;" line="227"><counter type="INSTRUCTION" missed="12" covered="149"/><counter type="BRANCH" missed="6" covered="16"/><counter type="LINE" missed="1" covered="24"/><counter type="COMPLEXITY" missed="6" covered="6"/><counter type="METHOD" missed="0" covered="1"/></method><method name="hasKey" desc="(Ljava/lang/String;Ljava/lang/String;)Z" line="271"><counter type="INSTRUCTION" missed="0" covered="30"/><counter type="BRANCH" missed="0" covered="8"/><counter type="LINE" missed="0" covered="7"/><counter type="COMPLEXITY" missed="0" covered="5"/><counter type="METHOD" missed="0" covered="1"/></method><method name="getKey" desc="(Ljava/lang/String;Ljava/lang/String;)Ljava/lang/String;" line="282"><counter type="INSTRUCTION" missed="2" covered="29"/><counter type="BRANCH" missed="2" covered="6"/><counter type="LINE" missed="1" covered="6"/><counter type="COMPLEXITY" missed="2" covered="3"/><counter type="METHOD" missed="0" covered="1"/></method><method name="setKey" desc="(Ljava/lang/String;Ljava/lang/String;Ljava/lang/String;)V" line="293"><counter type="INSTRUCTION" missed="0" covered="86"/><counter type="BRANCH" missed="1" covered="11"/><counter type="LINE" missed="0" covered="16"/><counter type="COMPLEXITY" missed="1" covered="6"/><counter type="METHOD" missed="0" covered="1"/></method><method name="render" desc="()Ljava/lang/String;" line="321"><counter type="INSTRUCTION" missed="0" covered="51"/><counter type="BRANCH" missed="2" covered="6"/><counter type="LINE" missed="0" covered="9"/><counter type="COMPLEXITY" missed="2" covered="3"/><counter type="METHOD" missed="0" covered="1"/></method><counter type="INSTRUCTION" missed="14" covered="358"/><counter type="BRANCH" missed="11" covered="47"/><counter type="LINE" missed="2" covered="66"/><counter type="COMPLEXITY" missed="11" covered="25"/><counter type="METHOD" missed="0" covered="7"/><counter type="CLASS" missed="0" covered="1"/></class><class name="network/ike/plugin/scaffold/PlannedEntry" sourcefilename="PlannedEntry.java"><method name="&lt;init&gt;" desc="(Lnetwork/ike/plugin/scaffold/ManifestEntry;Lnetwork/ike/plugin/scaffold/TierAction;Ljava/util/List;)V" line="27"><counter type="INSTRUCTION" missed="0" covered="42"/><counter type="BRANCH" missed="0" covered="6"/><counter type="LINE" missed="0" covered="11"/><counter type="COMPLEXITY" missed="0" covered="4"/><counter type="METHOD" missed="0" covered="1"/></method><counter type="INSTRUCTION" missed="0" covered="42"/><counter type="BRANCH" missed="0" covered="6"/><counter type="LINE" missed="0" covered="11"/><counter type="COMPLEXITY" missed="0" covered="4"/><counter type="METHOD" missed="0" covered="1"/><counter type="CLASS" missed="0" covered="1"/></class><class name="network/ike/plugin/scaffold/TrackedBlockTierHandler$BlockSlice" sourcefilename="TrackedBlockTierHandler.java"><method name="&lt;init&gt;" desc="(Ljava/lang/String;Ljava/lang/String;Ljava/lang/String;)V" line="216"><counter type="INSTRUCTION" missed="0" covered="12"/><counter type="LINE" missed="0" covered="1"/><counter type="COMPLEXITY" missed="0" covered="1"/><counter type="METHOD" missed="0" covered="1"/></method><counter type="INSTRUCTION" missed="0" covered="12"/><counter type="LINE" missed="0" covered="1"/><counter type="COMPLEXITY" missed="0" covered="1"/><counter type="METHOD" missed="0" covered="1"/><counter type="CLASS" missed="0" covered="1"/></class><class name="network/ike/plugin/scaffold/ScaffoldReverter$Outcome" sourcefilename="ScaffoldReverter.java"><method name="&lt;init&gt;" desc="(Ljava/lang/String;Lnetwork/ike/plugin/scaffold/ScaffoldReverter$Outcome$Kind;Ljava/lang/String;Z)V" line="167"><counter type="INSTRUCTION" missed="0" covered="15"/><counter type="LINE" missed="0" covered="1"/><counter type="COMPLEXITY" missed="0" covered="1"/><counter type="METHOD" missed="0" covered="1"/></method><counter type="INSTRUCTION" missed="0" covered="15"/><counter type="LINE" missed="0" covered="1"/><counter type="COMPLEXITY" missed="0" covered="1"/><counter type="METHOD" missed="0" covered="1"/><counter type="CLASS" missed="0" covered="1"/></class><class name="network/ike/plugin/scaffold/PomModelAdapter$1" sourcefilename="PomModelAdapter.java"><method name="&lt;init&gt;" desc="()V" line="238"><counter type="INSTRUCTION" missed="0" covered="3"/><counter type="LINE" missed="0" covered="1"/><counter type="COMPLEXITY" missed="0" covered="1"/><counter type="METHOD" missed="0" covered="1"/></method><method name="visitTag" desc="(Lorg/openrewrite/xml/tree/Xml$Tag;Ljava/util/List;)Lorg/openrewrite/xml/tree/Xml;" line="241"><counter type="INSTRUCTION" missed="0" covered="28"/><counter type="BRANCH" missed="0" covered="2"/><counter type="LINE" missed="0" covered="7"/><counter type="COMPLEXITY" missed="0" covered="2"/><counter type="METHOD" missed="0" covered="1"/></method><method name="lambda$visitTag$0" desc="(Ljava/util/Optional;Ljava/util/List;Ljava/lang/String;)V" line="247"><counter type="INSTRUCTION" missed="0" covered="6"/><counter type="LINE" missed="0" covered="1"/><counter type="COMPLEXITY" missed="0" covered="1"/><counter type="METHOD" missed="0" covered="1"/></method><method name="lambda$visitTag$1" desc="(Ljava/util/List;Ljava/lang/String;Ljava/lang/String;)V" line="248"><counter type="INSTRUCTION" missed="0" covered="7"/><counter type="LINE" missed="0" covered="1"/><counter type="COMPLEXITY" missed="0" covered="1"/><counter type="METHOD" missed="0" covered="1"/></method><counter type="INSTRUCTION" missed="0" covered="44"/><counter type="BRANCH" missed="0" covered="2"/><counter type="LINE" missed="0" covered="9"/><counter type="COMPLEXITY" missed="0" covered="5"/><counter type="METHOD" missed="0" covered="4"/><counter type="CLASS" missed="0" covered="1"/></class><class name="network/ike/plugin/scaffold/PomModelAdapter$2" sourcefilename="PomModelAdapter.java"><method name="&lt;init&gt;" desc="(Lorg/openrewrite/xml/tree/Xml$Tag;)V" line="264"><counter type="INSTRUCTION" missed="0" covered="6"/><counter type="LINE" missed="0" covered="1"/><counter type="COMPLEXITY" missed="0" covered="1"/><counter type="METHOD" missed="0" covered="1"/></method><method name="visitTag" desc="(Lorg/openrewrite/xml/tree/Xml$Tag;Ljava/lang/Integer;)Lorg/openrewrite/xml/tree/Xml;" line="267"><counter type="INSTRUCTION" missed="0" covered="45"/><counter type="BRANCH" missed="0" covered="2"/><counter type="LINE" missed="0" covered="12"/><counter type="COMPLEXITY" missed="0" covered="2"/><counter type="METHOD" missed="0" covered="1"/></method><counter type="INSTRUCTION" missed="0" covered="51"/><counter type="BRANCH" missed="0" covered="2"/><counter type="LINE" missed="0" covered="13"/><counter type="COMPLEXITY" missed="0" covered="3"/><counter type="METHOD" missed="0" covered="2"/><counter type="CLASS" missed="0" covered="1"/></class><class name="network/ike/plugin/scaffold/ScaffoldReverter" sourcefilename="ScaffoldReverter.java"><method name="&lt;init&gt;" desc="()V" line="40"><counter type="INSTRUCTION" missed="0" covered="4"/><counter type="LINE" missed="0" covered="2"/><counter type="COMPLEXITY" missed="0" covered="1"/><counter type="METHOD" missed="0" covered="1"/></method><method name="&lt;init&gt;" desc="(Ljava/time/Clock;)V" line="50"><counter type="INSTRUCTION" missed="0" covered="6"/><counter type="LINE" missed="0" covered="3"/><counter type="COMPLEXITY" missed="0" covered="1"/><counter type="METHOD" missed="0" covered="1"/></method><method name="revert" desc="(Lnetwork/ike/plugin/scaffold/ScaffoldLockfile;Lnetwork/ike/plugin/scaffold/ScaffoldManifest;Lnetwork/ike/plugin/scaffold/ScaffoldScope;Lnetwork/ike/plugin/scaffold/PathResolver;)Lnetwork/ike/plugin/scaffold/ScaffoldReverter$RevertResult;" line="71"><counter type="INSTRUCTION" missed="0" covered="70"/><counter type="BRANCH" missed="0" covered="6"/><counter type="LINE" missed="0" covered="17"/><counter type="COMPLEXITY" missed="0" covered="4"/><counter type="METHOD" missed="0" covered="1"/></method><method name="revertOne" desc="(Lnetwork/ike/plugin/scaffold/ManifestEntry;Ljava/nio/file/Path;Lnetwork/ike/plugin/scaffold/LockfileEntry;)Lnetwork/ike/plugin/scaffold/ScaffoldReverter$Outcome;" line="98"><counter type="INSTRUCTION" missed="0" covered="36"/><counter type="BRANCH" missed="0" covered="4"/><counter type="LINE" missed="0" covered="7"/><counter type="COMPLEXITY" missed="0" covered="4"/><counter type="METHOD" missed="0" covered="1"/></method><method name="revertWholeFile" desc="(Lnetwork/ike/plugin/scaffold/ManifestEntry;Ljava/nio/file/Path;Lnetwork/ike/plugin/scaffold/LockfileEntry;Ljava/lang/String;)Lnetwork/ike/plugin/scaffold/ScaffoldReverter$Outcome;" line="124"><counter type="INSTRUCTION" missed="9" covered="54"/><counter type="BRANCH" missed="0" covered="6"/><counter type="LINE" missed="2" covered="14"/><counter type="COMPLEXITY" missed="0" covered="4"/><counter type="METHOD" missed="0" covered="1"/></method><counter type="INSTRUCTION" missed="9" covered="170"/><counter type="BRANCH" missed="0" covered="16"/><counter type="LINE" missed="2" covered="43"/><counter type="COMPLEXITY" missed="0" covered="14"/><counter type="METHOD" missed="0" covered="5"/><counter type="CLASS" missed="0" covered="1"/></class><class name="network/ike/plugin/scaffold/ScaffoldTier" sourcefilename="ScaffoldTier.java"><method name="&lt;init&gt;" desc="(Ljava/lang/String;ILjava/lang/String;)V" line="62"><counter type="INSTRUCTION" missed="0" covered="8"/><counter type="LINE" missed="0" covered="3"/><counter type="COMPLEXITY" missed="0" covered="1"/><counter type="METHOD" missed="0" covered="1"/></method><method name="manifestValue" desc="()Ljava/lang/String;" line="72"><counter type="INSTRUCTION" missed="0" covered="3"/><counter type="LINE" missed="0" covered="1"/><counter type="COMPLEXITY" missed="0" covered="1"/><counter type="METHOD" missed="0" covered="1"/></method><method name="fromManifestValue" desc="(Ljava/lang/String;)Lnetwork/ike/plugin/scaffold/ScaffoldTier;" line="84"><counter type="INSTRUCTION" missed="0" covered="23"/><counter type="BRANCH" missed="0" covered="2"/><counter type="LINE" missed="0" covered="7"/><counter type="COMPLEXITY" missed="0" covered="2"/><counter type="METHOD" missed="0" covered="1"/></method><method name="lambda$fromManifestValue$1" desc="(Ljava/lang/String;)Ljava/lang/IllegalArgumentException;" line="92"><counter type="INSTRUCTION" missed="0" covered="6"/><counter type="LINE" missed="0" covered="1"/><counter type="COMPLEXITY" missed="0" covered="1"/><counter type="METHOD" missed="0" covered="1"/></method><method name="lambda$fromManifestValue$0" desc="(Ljava/lang/String;Lnetwork/ike/plugin/scaffold/ScaffoldTier;)Z" line="90"><counter type="INSTRUCTION" missed="0" covered="5"/><counter type="LINE" missed="0" covered="1"/><counter type="COMPLEXITY" missed="0" covered="1"/><counter type="METHOD" missed="0" covered="1"/></method><method name="&lt;clinit&gt;" desc="()V" line="19"><counter type="INSTRUCTION" missed="0" covered="31"/><counter type="LINE" missed="0" covered="5"/><counter type="COMPLEXITY" missed="0" covered="1"/><counter type="METHOD" missed="0" covered="1"/></method><counter type="INSTRUCTION" missed="0" covered="76"/><counter type="BRANCH" missed="0" covered="2"/><counter type="LINE" missed="0" covered="16"/><counter type="COMPLEXITY" missed="0" covered="7"/><counter type="METHOD" missed="0" covered="6"/><counter type="CLASS" missed="0" covered="1"/></class><class name="network/ike/plugin/scaffold/ScaffoldReverter$RevertResult" sourcefilename="ScaffoldReverter.java"><method name="&lt;init&gt;" desc="(Lnetwork/ike/plugin/scaffold/ScaffoldLockfile;Ljava/util/List;)V" line="194"><counter type="INSTRUCTION" missed="2" covered="14"/><counter type="BRANCH" missed="1" covered="1"/><counter type="LINE" missed="1" covered="4"/><counter type="COMPLEXITY" missed="1" covered="1"/><counter type="METHOD" missed="0" covered="1"/></method><counter type="INSTRUCTION" missed="2" covered="14"/><counter type="BRANCH" missed="1" covered="1"/><counter type="LINE" missed="1" covered="4"/><counter type="COMPLEXITY" missed="1" covered="1"/><counter type="METHOD" missed="0" covered="1"/><counter type="CLASS" missed="0" covered="1"/></class><class name="network/ike/plugin/scaffold/ToolOwnedTierHandler" sourcefilename="ToolOwnedTierHandler.java"><method name="&lt;init&gt;" desc="()V" line="32"><counter type="INSTRUCTION" missed="0" covered="3"/><counter type="LINE" missed="0" covered="2"/><counter type="COMPLEXITY" missed="0" covered="1"/><counter type="METHOD" missed="0" covered="1"/></method><method name="tier" desc="()Lnetwork/ike/plugin/scaffold/ScaffoldTier;" line="37"><counter type="INSTRUCTION" missed="0" covered="2"/><counter type="LINE" missed="0" covered="1"/><counter type="COMPLEXITY" missed="0" covered="1"/><counter type="METHOD" missed="0" covered="1"/></method><method name="plan" desc="(Lnetwork/ike/plugin/scaffold/ManifestEntry;Ljava/nio/file/Path;[B[BLnetwork/ike/plugin/scaffold/LockfileEntry;)Lnetwork/ike/plugin/scaffold/TierAction;" line="47"><counter type="INSTRUCTION" missed="4" covered="69"/><counter type="BRANCH" missed="4" covered="15"/><counter type="LINE" missed="2" covered="18"/><counter type="COMPLEXITY" missed="4" covered="7"/><counter type="METHOD" missed="0" covered="1"/></method><counter type="INSTRUCTION" missed="4" covered="74"/><counter type="BRANCH" missed="4" covered="15"/><counter type="LINE" missed="2" covered="21"/><counter type="COMPLEXITY" missed="4" covered="9"/><counter type="METHOD" missed="0" covered="3"/><counter type="CLASS" missed="0" covered="1"/></class><class name="network/ike/plugin/scaffold/FoundationDriftChecker$State" sourcefilename="FoundationDriftChecker.java"><method name="&lt;clinit&gt;" desc="()V" line="153"><counter type="INSTRUCTION" missed="0" covered="21"/><counter type="LINE" missed="0" covered="4"/><counter type="COMPLEXITY" missed="0" covered="1"/><counter type="METHOD" missed="0" covered="1"/></method><counter type="INSTRUCTION" missed="0" covered="21"/><counter type="LINE" missed="0" covered="4"/><counter type="COMPLEXITY" missed="0" covered="1"/><counter type="METHOD" missed="0" covered="1"/><counter type="CLASS" missed="0" covered="1"/></class><class name="network/ike/plugin/scaffold/FoundationDriftChecker" sourcefilename="FoundationDriftChecker.java"><method name="checkPomFile" desc="(Ljava/nio/file/Path;Lnetwork/ike/plugin/scaffold/ScaffoldManifest$Foundation;)Ljava/util/List;" line="47"><counter type="INSTRUCTION" missed="2" covered="15"/><counter type="BRANCH" missed="2" covered="2"/><counter type="LINE" missed="1" covered="3"/><counter type="COMPLEXITY" missed="2" covered="1"/><counter type="METHOD" missed="0" covered="1"/></method><method name="check" desc="(Ljava/lang/String;Lnetwork/ike/plugin/scaffold/ScaffoldManifest$Foundation;)Ljava/util/List;" line="63"><counter type="INSTRUCTION" missed="0" covered="76"/><counter type="BRANCH" missed="2" covered="6"/><counter type="LINE" missed="0" covered="18"/><counter type="COMPLEXITY" missed="2" covered="3"/><counter type="METHOD" missed="0" covered="1"/></method><method name="extractParentVersionMatching" desc="(Ljava/lang/String;Ljava/lang/String;Ljava/lang/String;)Ljava/lang/String;" line="103"><counter type="INSTRUCTION" missed="5" covered="58"/><counter type="BRANCH" missed="5" covered="7"/><counter type="LINE" missed="0" covered="15"/><counter type="COMPLEXITY" missed="5" covered="2"/><counter type="METHOD" missed="0" covered="1"/></method><method name="extractProperties" desc="(Ljava/lang/String;)Ljava/util/Map;" line="127"><counter type="INSTRUCTION" missed="0" covered="38"/><counter type="BRANCH" missed="0" covered="4"/><counter type="LINE" missed="0" covered="12"/><counter type="COMPLEXITY" missed="0" covered="3"/><counter type="METHOD" missed="0" covered="1"/></method><counter type="INSTRUCTION" missed="7" covered="187"/><counter type="BRANCH" missed="9" covered="19"/><counter type="LINE" missed="1" covered="48"/><counter type="COMPLEXITY" missed="9" covered="9"/><counter type="METHOD" missed="0" covered="4"/><counter type="CLASS" missed="0" covered="1"/></class><class name="network/ike/plugin/scaffold/TierAction$Write$Kind" sourcefilename="TierAction.java"><method name="&lt;clinit&gt;" desc="()V" line="97"><counter type="INSTRUCTION" missed="0" covered="21"/><counter type="LINE" missed="0" covered="4"/><counter type="COMPLEXITY" missed="0" covered="1"/><counter type="METHOD" missed="0" covered="1"/></method><counter type="INSTRUCTION" missed="0" covered="21"/><counter type="LINE" missed="0" covered="4"/><counter type="COMPLEXITY" missed="0" covered="1"/><counter type="METHOD" missed="0" covered="1"/><counter type="CLASS" missed="0" covered="1"/></class><class name="network/ike/plugin/scaffold/ScaffoldException" sourcefilename="ScaffoldException.java"><method name="&lt;init&gt;" desc="(Ljava/lang/String;)V" line="24"><counter type="INSTRUCTION" missed="0" covered="4"/><counter type="LINE" missed="0" covered="2"/><counter type="COMPLEXITY" missed="0" covered="1"/><counter type="METHOD" missed="0" covered="1"/></method><method name="&lt;init&gt;" desc="(Ljava/lang/String;Ljava/lang/Throwable;)V" line="36"><counter type="INSTRUCTION" missed="0" covered="5"/><counter type="LINE" missed="0" covered="2"/><counter type="COMPLEXITY" missed="0" covered="1"/><counter type="METHOD" missed="0" covered="1"/></method><counter type="INSTRUCTION" missed="0" covered="9"/><counter type="LINE" missed="0" covered="4"/><counter type="COMPLEXITY" missed="0" covered="2"/><counter type="METHOD" missed="0" covered="2"/><counter type="CLASS" missed="0" covered="1"/></class><class name="network/ike/plugin/scaffold/FoundationBaker" sourcefilename="FoundationBaker.java"><method name="assess" desc="(Lnetwork/ike/plugin/scaffold/ScaffoldManifest$Foundation;Lnetwork/ike/plugin/support/version/CandidateVersionResolver;)Ljava/util/List;" line="129"><counter type="INSTRUCTION" missed="0" covered="46"/><counter type="LINE" missed="0" covered="10"/><counter type="COMPLEXITY" missed="0" covered="1"/><counter type="METHOD" missed="0" covered="1"/></method><method name="resolveLatest" desc="(Lnetwork/ike/plugin/scaffold/FoundationBaker$Coordinate;Lnetwork/ike/plugin/support/version/CandidateVersionResolver;)Ljava/lang/String;" line="149"><counter type="INSTRUCTION" missed="0" covered="21"/><counter type="BRANCH" missed="0" covered="2"/><counter type="LINE" missed="0" covered="4"/><counter type="COMPLEXITY" missed="0" covered="2"/><counter type="METHOD" missed="0" covered="1"/></method><method name="latestFoundation" desc="(Lnetwork/ike/plugin/scaffold/ScaffoldManifest$Foundation;Lnetwork/ike/plugin/support/version/CandidateVersionResolver;)Lnetwork/ike/plugin/scaffold/ScaffoldManifest$Foundation;" line="179"><counter type="INSTRUCTION" missed="0" covered="57"/><counter type="LINE" missed="0" covered="11"/><counter type="COMPLEXITY" missed="0" covered="1"/><counter type="METHOD" missed="0" covered="1"/></method><method name="higher" desc="(Ljava/lang/String;Ljava/lang/String;)Ljava/lang/String;" line="204"><counter type="INSTRUCTION" missed="0" covered="19"/><counter type="BRANCH" missed="1" covered="7"/><counter type="LINE" missed="0" covered="4"/><counter type="COMPLEXITY" missed="1" covered="4"/><counter type="METHOD" missed="0" covered="1"/></method><method name="classify" desc="(Lnetwork/ike/plugin/scaffold/FoundationBaker$Coordinate;Ljava/lang/String;Ljava/lang/String;)Lnetwork/ike/plugin/scaffold/FoundationBaker$Finding;" line="214"><counter type="INSTRUCTION" missed="2" covered="35"/><counter type="BRANCH" missed="1" covered="7"/><counter type="LINE" missed="0" covered="8"/><counter type="COMPLEXITY" missed="1" covered="4"/><counter type="METHOD" missed="0" covered="1"/></method><method name="rewrite" desc="(Ljava/lang/String;Ljava/util/List;)Ljava/lang/String;" line="238"><counter type="INSTRUCTION" missed="0" covered="112"/><counter type="BRANCH" missed="7" covered="25"/><counter type="LINE" missed="0" covered="30"/><counter type="COMPLEXITY" missed="7" covered="10"/><counter type="METHOD" missed="0" covered="1"/></method><method name="aheadTarget" desc="(Ljava/util/List;Lnetwork/ike/plugin/scaffold/FoundationBaker$Coordinate;)Ljava/lang/String;" line="289"><counter type="INSTRUCTION" missed="0" covered="25"/><counter type="BRANCH" missed="0" covered="6"/><counter type="LINE" missed="0" covered="5"/><counter type="COMPLEXITY" missed="0" covered="4"/><counter type="METHOD" missed="0" covered="1"/></method><method name="replaceValue" desc="(Ljava/lang/String;Ljava/lang/String;)Ljava/lang/String;" line="302"><counter type="INSTRUCTION" missed="0" covered="13"/><counter type="LINE" missed="0" covered="2"/><counter type="COMPLEXITY" missed="0" covered="1"/><counter type="METHOD" missed="0" covered="1"/></method><method name="lambda$latestFoundation$2" desc="(Ljava/lang/String;Ljava/lang/String;Ljava/lang/String;)Ljava/lang/String;" line="193"><counter type="INSTRUCTION" missed="0" covered="4"/><counter type="LINE" missed="0" covered="1"/><counter type="COMPLEXITY" missed="0" covered="1"/><counter type="METHOD" missed="0" covered="1"/></method><method name="lambda$latestFoundation$1" desc="(Ljava/lang/String;Ljava/lang/String;Ljava/lang/String;)Ljava/lang/String;" line="191"><counter type="INSTRUCTION" missed="0" covered="4"/><counter type="LINE" missed="0" covered="1"/><counter type="COMPLEXITY" missed="0" covered="1"/><counter type="METHOD" missed="0" covered="1"/></method><method name="lambda$latestFoundation$0" desc="(Ljava/lang/String;Ljava/lang/String;Ljava/lang/String;)Ljava/lang/String;" line="189"><counter type="INSTRUCTION" missed="0" covered="4"/><counter type="LINE" missed="0" covered="1"/><counter type="COMPLEXITY" missed="0" covered="1"/><counter type="METHOD" missed="0" covered="1"/></method><method name="&lt;clinit&gt;" desc="()V" line="51"><counter type="INSTRUCTION" missed="0" covered="29"/><counter type="LINE" missed="0" covered="4"/><counter type="COMPLEXITY" missed="0" covered="1"/><counter type="METHOD" missed="0" covered="1"/></method><counter type="INSTRUCTION" missed="2" covered="369"/><counter type="BRANCH" missed="9" covered="47"/><counter type="LINE" missed="0" covered="81"/><counter type="COMPLEXITY" missed="9" covered="31"/><counter type="METHOD" missed="0" covered="12"/><counter type="CLASS" missed="0" covered="1"/></class><class name="network/ike/plugin/scaffold/TierHandler" sourcefilename="TierHandler.java"/><class name="network/ike/plugin/scaffold/ManifestEntry" sourcefilename="ManifestEntry.java"><method name="&lt;init&gt;" desc="(Ljava/lang/String;Lnetwork/ike/plugin/scaffold/ScaffoldScope;Lnetwork/ike/plugin/scaffold/ScaffoldTier;Ljava/lang/String;Ljava/lang/String;Ljava/util/Map;)V" line="56"><counter type="INSTRUCTION" missed="0" covered="92"/><counter type="BRANCH" missed="2" covered="16"/><counter type="LINE" missed="0" covered="21"/><counter type="COMPLEXITY" missed="2" covered="8"/><counter type="METHOD" missed="0" covered="1"/></method><counter type="INSTRUCTION" missed="0" covered="92"/><counter type="BRANCH" missed="2" covered="16"/><counter type="LINE" missed="0" covered="21"/><counter type="COMPLEXITY" missed="2" covered="8"/><counter type="METHOD" missed="0" covered="1"/><counter type="CLASS" missed="0" covered="1"/></class><class name="network/ike/plugin/scaffold/LockfileEntry" sourcefilename="LockfileEntry.java"><method name="&lt;init&gt;" desc="(Lnetwork/ike/plugin/scaffold/ScaffoldTier;Ljava/lang/String;Ljava/lang/String;Ljava/util/List;)V" line="54"><counter type="INSTRUCTION" missed="9" covered="62"/><counter type="BRANCH" missed="4" covered="13"/><counter type="LINE" missed="3" covered="15"/><counter type="COMPLEXITY" missed="4" covered="6"/><counter type="METHOD" missed="0" covered="1"/></method><method name="toolOwned" desc="(Ljava/lang/String;)Lnetwork/ike/plugin/scaffold/LockfileEntry;" line="100"><counter type="INSTRUCTION" missed="0" covered="8"/><counter type="LINE" missed="0" covered="2"/><counter type="COMPLEXITY" missed="0" covered="1"/><counter type="METHOD" missed="0" covered="1"/></method><method name="tracked" desc="(Lnetwork/ike/plugin/scaffold/ScaffoldTier;Ljava/lang/String;Ljava/lang/String;)Lnetwork/ike/plugin/scaffold/LockfileEntry;" line="120"><counter type="INSTRUCTION" missed="0" covered="21"/><counter type="BRANCH" missed="0" covered="4"/><counter type="LINE" missed="0" covered="4"/><counter type="COMPLEXITY" missed="0" covered="3"/><counter type="METHOD" missed="0" covered="1"/></method><method name="modelManaged" desc="(Ljava/util/List;)Lnetwork/ike/plugin/scaffold/LockfileEntry;" line="140"><counter type="INSTRUCTION" missed="0" covered="8"/><counter type="LINE" missed="0" covered="1"/><counter type="COMPLEXITY" missed="0" covered="1"/><counter type="METHOD" missed="0" covered="1"/></method><counter type="INSTRUCTION" missed="9" covered="99"/><counter type="BRANCH" missed="4" covered="17"/><counter type="LINE" missed="3" covered="22"/><counter type="COMPLEXITY" missed="4" covered="11"/><counter type="METHOD" missed="0" covered="4"/><counter type="CLASS" missed="0" covered="1"/></class><class name="network/ike/plugin/scaffold/FoundationDriftChecker$Kind" sourcefilename="FoundationDriftChecker.java"><method name="&lt;clinit&gt;" desc="()V" line="145"><counter type="INSTRUCTION" missed="0" covered="15"/><counter type="LINE" missed="0" covered="3"/><counter type="COMPLEXITY" missed="0" covered="1"/><counter type="METHOD" missed="0" covered="1"/></method><counter type="INSTRUCTION" missed="0" covered="15"/><counter type="LINE" missed="0" covered="3"/><counter type="COMPLEXITY" missed="0" covered="1"/><counter type="METHOD" missed="0" covered="1"/><counter type="CLASS" missed="0" covered="1"/></class><class name="network/ike/plugin/scaffold/ScaffoldMojoSupport" sourcefilename="ScaffoldMojoSupport.java"><method name="resolveProjectRoot" desc="(Ljava/lang/String;Lorg/apache/maven/api/Session;)Ljava/nio/file/Path;" line="63"><counter type="INSTRUCTION" missed="18" covered="14"/><counter type="BRANCH" missed="5" covered="5"/><counter type="LINE" missed="6" covered="5"/><counter type="COMPLEXITY" missed="3" covered="3"/><counter type="METHOD" missed="0" covered="1"/></method><method name="loadManifest" desc="(Ljava/nio/file/Path;)Lnetwork/ike/plugin/scaffold/ScaffoldManifest;" line="89"><counter type="INSTRUCTION" missed="0" covered="38"/><counter type="BRANCH" missed="0" covered="6"/><counter type="LINE" missed="0" covered="8"/><counter type="COMPLEXITY" missed="0" covered="4"/><counter type="METHOD" missed="0" covered="1"/></method><method name="projectLockfilePath" desc="(Ljava/nio/file/Path;)Ljava/nio/file/Path;" line="116"><counter type="INSTRUCTION" missed="0" covered="8"/><counter type="BRANCH" missed="0" covered="2"/><counter type="LINE" missed="0" covered="3"/><counter type="COMPLEXITY" missed="0" covered="2"/><counter type="METHOD" missed="0" covered="1"/></method><method name="userLockfilePath" desc="(Ljava/nio/file/Path;)Ljava/nio/file/Path;" line="129"><counter type="INSTRUCTION" missed="0" covered="4"/><counter type="LINE" missed="0" covered="1"/><counter type="COMPLEXITY" missed="0" covered="1"/><counter type="METHOD" missed="0" covered="1"/></method><method name="loadLockfileOrEmpty" desc="(Ljava/nio/file/Path;)Lnetwork/ike/plugin/scaffold/ScaffoldLockfile;" line="141"><counter type="INSTRUCTION" missed="0" covered="14"/><counter type="BRANCH" missed="0" covered="4"/><counter type="LINE" missed="0" covered="5"/><counter type="COMPLEXITY" missed="0" covered="3"/><counter type="METHOD" missed="0" covered="1"/></method><method name="renderPlanReport" desc="(Lnetwork/ike/plugin/scaffold/ScaffoldPlan;Lnetwork/ike/plugin/scaffold/ScaffoldScope;)Ljava/lang/String;" line="168"><counter type="INSTRUCTION" missed="0" covered="52"/><counter type="BRANCH" missed="0" covered="4"/><counter type="LINE" missed="0" covered="11"/><counter type="COMPLEXITY" missed="0" covered="3"/><counter type="METHOD" missed="0" covered="1"/></method><method name="countActions" desc="(Lnetwork/ike/plugin/scaffold/ScaffoldPlan;)Lnetwork/ike/plugin/scaffold/ScaffoldMojoSupport$Counts;" line="190"><counter type="INSTRUCTION" missed="0" covered="62"/><counter type="BRANCH" missed="1" covered="11"/><counter type="LINE" missed="0" covered="16"/><counter type="COMPLEXITY" missed="1" covered="6"/><counter type="METHOD" missed="0" covered="1"/></method><method name="renderRevertReport" desc="(Lnetwork/ike/plugin/scaffold/ScaffoldReverter$RevertResult;Lnetwork/ike/plugin/scaffold/ScaffoldScope;)Ljava/lang/String;" line="220"><counter type="INSTRUCTION" missed="0" covered="52"/><counter type="BRANCH" missed="0" covered="4"/><counter type="LINE" missed="0" covered="11"/><counter type="COMPLEXITY" missed="0" covered="3"/><counter type="METHOD" missed="0" covered="1"/></method><method name="logLines" desc="(Lorg/apache/maven/api/plugin/Log;Ljava/lang/String;)V" line="244"><counter type="INSTRUCTION" missed="0" covered="22"/><counter type="BRANCH" missed="0" covered="2"/><counter type="LINE" missed="0" covered="3"/><counter type="COMPLEXITY" missed="0" covered="2"/><counter type="METHOD" missed="0" covered="1"/></method><method name="formatLine" desc="(Lnetwork/ike/plugin/scaffold/PlannedEntry;)Ljava/lang/String;" line="252"><counter type="INSTRUCTION" missed="6" covered="113"/><counter type="BRANCH" missed="4" covered="11"/><counter type="LINE" missed="3" covered="21"/><counter type="COMPLEXITY" missed="4" covered="5"/><counter type="METHOD" missed="0" covered="1"/></method><method name="formatOutcome" desc="(Lnetwork/ike/plugin/scaffold/ScaffoldReverter$Outcome;)Ljava/lang/String;" line="286"><counter type="INSTRUCTION" missed="0" covered="21"/><counter type="BRANCH" missed="0" covered="3"/><counter type="LINE" missed="0" covered="6"/><counter type="COMPLEXITY" missed="0" covered="3"/><counter type="METHOD" missed="0" covered="1"/></method><method name="padRight" desc="(Ljava/lang/String;I)Ljava/lang/String;" line="296"><counter type="INSTRUCTION" missed="2" covered="21"/><counter type="BRANCH" missed="1" covered="3"/><counter type="LINE" missed="1" covered="5"/><counter type="COMPLEXITY" missed="1" covered="2"/><counter type="METHOD" missed="0" covered="1"/></method><method name="scopesToProcess" desc="(Z)Ljava/util/List;" line="362"><counter type="INSTRUCTION" missed="0" covered="16"/><counter type="BRANCH" missed="0" covered="2"/><counter type="LINE" missed="0" covered="5"/><counter type="COMPLEXITY" missed="0" covered="2"/><counter type="METHOD" missed="0" covered="1"/></method><counter type="INSTRUCTION" missed="26" covered="437"/><counter type="BRANCH" missed="11" covered="57"/><counter type="LINE" missed="10" covered="100"/><counter type="COMPLEXITY" missed="9" covered="39"/><counter type="METHOD" missed="0" covered="13"/><counter type="CLASS" missed="0" covered="1"/></class><class name="network/ike/plugin/scaffold/ScaffoldPlanner" sourcefilename="ScaffoldPlanner.java"><method name="&lt;init&gt;" desc="(Lnetwork/ike/plugin/scaffold/TierHandlers;Lnetwork/ike/plugin/scaffold/ModelAdapters;)V" line="45"><counter type="INSTRUCTION" missed="0" covered="9"/><counter type="LINE" missed="0" covered="4"/><counter type="COMPLEXITY" missed="0" covered="1"/><counter type="METHOD" missed="0" covered="1"/></method><method name="plan" desc="(Lnetwork/ike/plugin/scaffold/ScaffoldManifest;Lnetwork/ike/plugin/scaffold/ScaffoldLockfile;Lnetwork/ike/plugin/scaffold/ScaffoldScope;Lnetwork/ike/plugin/scaffold/PathResolver;Lnetwork/ike/plugin/scaffold/TemplateSource;)Lnetwork/ike/plugin/scaffold/ScaffoldPlan;" line="70"><counter type="INSTRUCTION" missed="0" covered="97"/><counter type="BRANCH" missed="0" covered="4"/><counter type="LINE" missed="0" covered="22"/><counter type="COMPLEXITY" missed="0" covered="3"/><counter type="METHOD" missed="0" covered="1"/></method><method name="readIfExists" desc="(Ljava/nio/file/Path;)[B" line="101"><counter type="INSTRUCTION" missed="9" covered="10"/><counter type="BRANCH" missed="0" covered="2"/><counter type="LINE" missed="2" covered="3"/><counter type="COMPLEXITY" missed="0" covered="2"/><counter type="METHOD" missed="0" covered="1"/></method><counter type="INSTRUCTION" missed="9" covered="116"/><counter type="BRANCH" missed="0" covered="6"/><counter type="LINE" missed="2" covered="29"/><counter type="COMPLEXITY" missed="0" covered="6"/><counter type="METHOD" missed="0" covered="3"/><counter type="CLASS" missed="0" covered="1"/></class><class name="network/ike/plugin/scaffold/LineDiff$Counts" sourcefilename="LineDiff.java"><method name="&lt;init&gt;" desc="(II)V" line="140"><counter type="INSTRUCTION" missed="0" covered="9"/><counter type="LINE" missed="0" covered="1"/><counter type="COMPLEXITY" missed="0" covered="1"/><counter type="METHOD" missed="0" covered="1"/></method><method name="shortForm" desc="()Ljava/lang/String;" line="148"><counter type="INSTRUCTION" missed="0" covered="6"/><counter type="LINE" missed="0" covered="1"/><counter type="COMPLEXITY" missed="0" covered="1"/><counter type="METHOD" missed="0" covered="1"/></method><counter type="INSTRUCTION" missed="0" covered="15"/><counter type="LINE" missed="0" covered="2"/><counter type="COMPLEXITY" missed="0" covered="2"/><counter type="METHOD" missed="0" covered="2"/><counter type="CLASS" missed="0" covered="1"/></class><class name="network/ike/plugin/scaffold/TrackedBlockTierHandler" sourcefilename="TrackedBlockTierHandler.java"><method name="&lt;init&gt;" desc="()V" line="49"><counter type="INSTRUCTION" missed="0" covered="3"/><counter type="LINE" missed="0" covered="2"/><counter type="COMPLEXITY" missed="0" covered="1"/><counter type="METHOD" missed="0" covered="1"/></method><method name="tier" desc="()Lnetwork/ike/plugin/scaffold/ScaffoldTier;" line="54"><counter type="INSTRUCTION" missed="0" covered="2"/><counter type="LINE" missed="0" covered="1"/><counter type="COMPLEXITY" missed="0" covered="1"/><counter type="METHOD" missed="0" covered="1"/></method><method name="plan" desc="(Lnetwork/ike/plugin/scaffold/ManifestEntry;Ljava/nio/file/Path;[B[BLnetwork/ike/plugin/scaffold/LockfileEntry;)Lnetwork/ike/plugin/scaffold/TierAction;" line="64"><counter type="INSTRUCTION" missed="14" covered="213"/><counter type="BRANCH" missed="7" covered="33"/><counter type="LINE" missed="4" covered="54"/><counter type="COMPLEXITY" missed="7" covered="14"/><counter type="METHOD" missed="0" covered="1"/></method><method name="isWhitelistIgnoreFile" desc="(Ljava/lang/String;)Z" line="200"><counter type="INSTRUCTION" missed="0" covered="49"/><counter type="BRANCH" missed="1" covered="13"/><counter type="LINE" missed="0" covered="9"/><counter type="COMPLEXITY" missed="1" covered="7"/><counter type="METHOD" missed="0" covered="1"/></method><method name="locate" desc="(Ljava/lang/String;Ljava/lang/String;Ljava/lang/String;Lnetwork/ike/plugin/scaffold/ManifestEntry;)Lnetwork/ike/plugin/scaffold/TrackedBlockTierHandler$BlockSlice;" line="222"><counter type="INSTRUCTION" missed="0" covered="155"/><counter type="BRANCH" missed="2" covered="26"/><counter type="LINE" missed="0" covered="33"/><counter type="COMPLEXITY" missed="2" covered="13"/><counter type="METHOD" missed="0" covered="1"/></method><method name="renderBlock" desc="(Ljava/lang/String;Ljava/lang/String;Ljava/lang/String;)Ljava/lang/String;" line="275"><counter type="INSTRUCTION" missed="4" covered="30"/><counter type="BRANCH" missed="2" covered="2"/><counter type="LINE" missed="1" covered="6"/><counter type="COMPLEXITY" missed="2" covered="1"/><counter type="METHOD" missed="0" covered="1"/></method><method name="splitPreservingLineEndings" desc="(Ljava/lang/String;)Ljava/util/List;" line="291"><counter type="INSTRUCTION" missed="2" covered="49"/><counter type="BRANCH" missed="2" covered="8"/><counter type="LINE" missed="1" covered="10"/><counter type="COMPLEXITY" missed="2" covered="4"/><counter type="METHOD" missed="0" covered="1"/></method><method name="stripLineEnding" desc="(Ljava/lang/String;)Ljava/lang/String;" line="309"><counter type="INSTRUCTION" missed="8" covered="18"/><counter type="BRANCH" missed="1" covered="3"/><counter type="LINE" missed="1" covered="4"/><counter type="COMPLEXITY" missed="1" covered="2"/><counter type="METHOD" missed="0" covered="1"/></method><method name="stringExtra" desc="(Lnetwork/ike/plugin/scaffold/ManifestEntry;Ljava/lang/String;)Ljava/lang/String;" line="320"><counter type="INSTRUCTION" missed="0" covered="12"/><counter type="BRANCH" missed="0" covered="2"/><counter type="LINE" missed="0" covered="2"/><counter type="COMPLEXITY" missed="0" covered="2"/><counter type="METHOD" missed="0" covered="1"/></method><method name="str" desc="([B)Ljava/lang/String;" line="325"><counter type="INSTRUCTION" missed="0" covered="10"/><counter type="BRANCH" missed="0" covered="2"/><counter type="LINE" missed="0" covered="3"/><counter type="COMPLEXITY" missed="0" covered="2"/><counter type="METHOD" missed="0" covered="1"/></method><counter type="INSTRUCTION" missed="28" covered="541"/><counter type="BRANCH" missed="15" covered="89"/><counter type="LINE" missed="7" covered="124"/><counter type="COMPLEXITY" missed="15" covered="47"/><counter type="METHOD" missed="0" covered="10"/><counter type="CLASS" missed="0" covered="1"/></class><class name="network/ike/plugin/scaffold/FoundationDriftChecker$Entry" sourcefilename="FoundationDriftChecker.java"><method name="&lt;init&gt;" desc="(Lnetwork/ike/plugin/scaffold/FoundationDriftChecker$Kind;Ljava/lang/String;Ljava/lang/String;Ljava/lang/String;)V" line="173"><counter type="INSTRUCTION" missed="0" covered="15"/><counter type="LINE" missed="0" covered="1"/><counter type="COMPLEXITY" missed="0" covered="1"/><counter type="METHOD" missed="0" covered="1"/></method><method name="state" desc="()Lnetwork/ike/plugin/scaffold/FoundationDriftChecker$State;" line="185"><counter type="INSTRUCTION" missed="0" covered="15"/><counter type="BRANCH" missed="0" covered="4"/><counter type="LINE" missed="0" covered="3"/><counter type="COMPLEXITY" missed="0" covered="3"/><counter type="METHOD" missed="0" covered="1"/></method><method name="isDrifted" desc="()Z" line="197"><counter type="INSTRUCTION" missed="0" covered="8"/><counter type="BRANCH" missed="0" covered="2"/><counter type="LINE" missed="0" covered="1"/><counter type="COMPLEXITY" missed="0" covered="2"/><counter type="METHOD" missed="0" covered="1"/></method><counter type="INSTRUCTION" missed="0" covered="38"/><counter type="BRANCH" missed="0" covered="6"/><counter type="LINE" missed="0" covered="5"/><counter type="COMPLEXITY" missed="0" covered="6"/><counter type="METHOD" missed="0" covered="3"/><counter type="CLASS" missed="0" covered="1"/></class><class name="network/ike/plugin/scaffold/ScaffoldPlan" sourcefilename="ScaffoldPlan.java"><method name="&lt;init&gt;" desc="(Ljava/lang/String;Ljava/util/List;)V" line="26"><counter type="INSTRUCTION" missed="0" covered="20"/><counter type="BRANCH" missed="0" covered="2"/><counter type="LINE" missed="0" covered="4"/><counter type="COMPLEXITY" missed="0" covered="2"/><counter type="METHOD" missed="0" covered="1"/></method><method name="hasWrites" desc="()Z" line="39"><counter type="INSTRUCTION" missed="0" covered="6"/><counter type="LINE" missed="0" covered="2"/><counter type="COMPLEXITY" missed="0" covered="1"/><counter type="METHOD" missed="0" covered="1"/></method><method name="hasSkips" desc="()Z" line="50"><counter type="INSTRUCTION" missed="0" covered="6"/><counter type="LINE" missed="0" covered="2"/><counter type="COMPLEXITY" missed="0" covered="1"/><counter type="METHOD" missed="0" covered="1"/></method><method name="lambda$hasSkips$0" desc="(Lnetwork/ike/plugin/scaffold/PlannedEntry;)Z" line="51"><counter type="INSTRUCTION" missed="0" covered="4"/><counter type="LINE" missed="0" covered="1"/><counter type="COMPLEXITY" missed="0" covered="1"/><counter type="METHOD" missed="0" covered="1"/></method><method name="lambda$hasWrites$0" desc="(Lnetwork/ike/plugin/scaffold/PlannedEntry;)Z" line="40"><counter type="INSTRUCTION" missed="0" covered="4"/><counter type="LINE" missed="0" covered="1"/><counter type="COMPLEXITY" missed="0" covered="1"/><counter type="METHOD" missed="0" covered="1"/></method><counter type="INSTRUCTION" missed="0" covered="40"/><counter type="BRANCH" missed="0" covered="2"/><counter type="LINE" missed="0" covered="8"/><counter type="COMPLEXITY" missed="0" covered="6"/><counter type="METHOD" missed="0" covered="5"/><counter type="CLASS" missed="0" covered="1"/></class><class name="network/ike/plugin/scaffold/ScaffoldApplier" sourcefilename="ScaffoldApplier.java"><method name="&lt;init&gt;" desc="()V" line="33"><counter type="INSTRUCTION" missed="0" covered="4"/><counter type="LINE" missed="0" covered="2"/><counter type="COMPLEXITY" missed="0" covered="1"/><counter type="METHOD" missed="0" covered="1"/></method><method name="&lt;init&gt;" desc="(Ljava/time/Clock;)V" line="43"><counter type="INSTRUCTION" missed="0" covered="6"/><counter type="LINE" missed="0" covered="3"/><counter type="COMPLEXITY" missed="0" covered="1"/><counter type="METHOD" missed="0" covered="1"/></method><method name="apply" desc="(Lnetwork/ike/plugin/scaffold/ScaffoldPlan;Lnetwork/ike/plugin/scaffold/ScaffoldLockfile;)Lnetwork/ike/plugin/scaffold/ScaffoldLockfile;" line="59"><counter type="INSTRUCTION" missed="0" covered="42"/><counter type="BRANCH" missed="0" covered="4"/><counter type="LINE" missed="0" covered="10"/><counter type="COMPLEXITY" missed="0" covered="3"/><counter type="METHOD" missed="0" covered="
[...]
overed="0"/><counter type="METHOD" missed="8" covered="0"/><counter type="CLASS" missed="1" covered="0"/></class><class name="network/ike/plugin/reconcile/SiteDriftReport" sourcefilename="SiteDriftReport.java"><method name="&lt;init&gt;" desc="(Ljava/lang/String;ZLjava/lang/String;Ljava/util/List;Ljava/lang/String;Ljava/lang/String;)V" line="24"><counter type="INSTRUCTION" missed="21" covered="0"/><counter type="LINE" missed="1" covered="0"/><counter type="COMPLEXITY" missed="1" covered="0"/><counter type="METHOD" missed="1" covered="0"/></method><method name="noDrift" desc="(Ljava/lang/String;)Lnetwork/ike/plugin/reconcile/SiteDriftReport;" line="39"><counter type="INSTRUCTION" missed="10" covered="0"/><counter type="LINE" missed="1" covered="0"/><counter type="COMPLEXITY" missed="1" covered="0"/><counter type="METHOD" missed="1" covered="0"/></method><counter type="INSTRUCTION" missed="31" covered="0"/><counter type="LINE" missed="2" covered="0"/><counter type="COMPLEXITY" missed="2" covered="0"/><counter type="METHOD" missed="2" covered="0"/><counter type="CLASS" missed="1" covered="0"/></class><class name="network/ike/plugin/reconcile/LandingPageRegistrationReconciler" sourcefilename="LandingPageRegistrationReconciler.java"><method name="&lt;init&gt;" desc="()V" line="47"><counter type="INSTRUCTION" missed="3" covered="0"/><counter type="LINE" missed="1" covered="0"/><counter type="COMPLEXITY" missed="1" covered="0"/><counter type="METHOD" missed="1" covered="0"/></method><method name="dimension" desc="()Ljava/lang/String;" line="71"><counter type="INSTRUCTION" missed="2" covered="0"/><counter type="LINE" missed="1" covered="0"/><counter type="COMPLEXITY" missed="1" covered="0"/><counter type="METHOD" missed="1" covered="0"/></method><method name="optOutFlag" desc="()Ljava/lang/String;" line="76"><counter type="INSTRUCTION" missed="2" covered="0"/><counter type="LINE" missed="1" covered="0"/><counter type="COMPLEXITY" missed="1" covered="0"/><counter type="METHOD" missed="1" covered="0"/></method><method name="detect" desc="(Lnetwork/ike/plugin/reconcile/SiteContext;)Lnetwork/ike/plugin/reconcile/SiteDriftReport;" line="81"><counter type="INSTRUCTION" missed="86" covered="0"/><counter type="BRANCH" missed="12" covered="0"/><counter type="LINE" missed="17" covered="0"/><counter type="COMPLEXITY" missed="7" covered="0"/><counter type="METHOD" missed="1" covered="0"/></method><method name="apply" desc="(Lnetwork/ike/plugin/reconcile/SiteContext;)V" line="119"><counter type="INSTRUCTION" missed="86" covered="0"/><counter type="BRANCH" missed="6" covered="0"/><counter type="LINE" missed="27" covered="0"/><counter type="COMPLEXITY" missed="4" covered="0"/><counter type="METHOD" missed="1" covered="0"/></method><method name="uninstall" desc="(Lnetwork/ike/plugin/reconcile/SiteContext;)V" line="156"><counter type="INSTRUCTION" missed="47" covered="0"/><counter type="BRANCH" missed="2" covered="0"/><counter type="LINE" missed="16" covered="0"/><counter type="COMPLEXITY" missed="2" covered="0"/><counter type="METHOD" missed="1" covered="0"/></method><method name="probeRegisteredVersion" desc="(Ljava/lang/String;)Lnetwork/ike/plugin/reconcile/LandingPageRegistrationReconciler$Probe;" line="187"><counter type="INSTRUCTION" missed="113" covered="0"/><counter type="BRANCH" missed="14" covered="0"/><counter type="LINE" missed="24" covered="0"/><counter type="COMPLEXITY" missed="8" covered="0"/><counter type="METHOD" missed="1" covered="0"/></method><method name="readReactorModules" desc="(Ljava/io/File;)Ljava/util/List;" line="228"><counter type="INSTRUCTION" missed="41" covered="0"/><counter type="BRANCH" missed="4" covered="0"/><counter type="LINE" missed="11" covered="0"/><counter type="COMPLEXITY" missed="3" covered="0"/><counter type="METHOD" missed="1" covered="0"/></method><method name="extractRegisteredVersion" desc="(Ljava/lang/String;)Ljava/lang/String;" line="253"><counter type="INSTRUCTION" missed="14" covered="0"/><counter type="BRANCH" missed="2" covered="0"/><counter type="LINE" missed="2" covered="0"/><counter type="COMPLEXITY" missed="2" covered="0"/><counter type="METHOD" missed="1" covered="0"/></method><method name="&lt;clinit&gt;" desc="()V" line="64"><counter type="INSTRUCTION" missed="7" covered="0"/><counter type="LINE" missed="2" covered="0"/><counter type="COMPLEXITY" missed="1" covered="0"/><counter type="METHOD" missed="1" covered="0"/></method><counter type="INSTRUCTION" missed="401" covered="0"/><counter type="BRANCH" missed="40" covered="0"/><counter type="LINE" missed="102" covered="0"/><counter type="COMPLEXITY" missed="30" covered="0"/><counter type="METHOD" missed="10" covered="0"/><counter type="CLASS" missed="1" covered="0"/></class><class name="network/ike/plugin/reconcile/DeployedSiteReconciler$Probe" sourcefilename="DeployedSiteReconciler.java"><method name="&lt;init&gt;" desc="(ZLjava/lang/String;Ljava/lang/String;)V" line="153"><counter type="INSTRUCTION" missed="12" covered="0"/><counter type="LINE" missed="1" covered="0"/><counter type="COMPLEXITY" missed="1" covered="0"/><counter type="METHOD" missed="1" covered="0"/></method><counter type="INSTRUCTION" missed="12" covered="0"/><counter type="LINE" missed="1" covered="0"/><counter type="COMPLEXITY" missed="1" covered="0"/><counter type="METHOD" missed="1" covered="0"/><counter type="CLASS" missed="1" covered="0"/></class><class name="network/ike/plugin/reconcile/StaleSiteCleanupReconciler" sourcefilename="StaleSiteCleanupReconciler.java"><method name="&lt;init&gt;" desc="()V" line="38"><counter type="INSTRUCTION" missed="3" covered="0"/><counter type="LINE" missed="1" covered="0"/><counter type="COMPLEXITY" missed="1" covered="0"/><counter type="METHOD" missed="1" covered="0"/></method><method name="dimension" desc="()Ljava/lang/String;" line="42"><counter type="INSTRUCTION" missed="2" covered="0"/><counter type="LINE" missed="1" covered="0"/><counter type="COMPLEXITY" missed="1" covered="0"/><counter type="METHOD" missed="1" covered="0"/></method><method name="optOutFlag" desc="()Ljava/lang/String;" line="47"><counter type="INSTRUCTION" missed="2" covered="0"/><counter type="LINE" missed="1" covered="0"/><counter type="COMPLEXITY" missed="1" covered="0"/><counter type="METHOD" missed="1" covered="0"/></method><method name="detect" desc="(Lnetwork/ike/plugin/reconcile/SiteContext;)Lnetwork/ike/plugin/reconcile/SiteDriftReport;" line="56"><counter type="INSTRUCTION" missed="4" covered="0"/><counter type="LINE" missed="1" covered="0"/><counter type="COMPLEXITY" missed="1" covered="0"/><counter type="METHOD" missed="1" covered="0"/></method><method name="apply" desc="(Lnetwork/ike/plugin/reconcile/SiteContext;)V" line="64"><counter type="INSTRUCTION" missed="8" covered="0"/><counter type="BRANCH" missed="2" covered="0"/><counter type="LINE" missed="3" covered="0"/><counter type="COMPLEXITY" missed="2" covered="0"/><counter type="METHOD" missed="1" covered="0"/></method><method name="uninstall" desc="(Lnetwork/ike/plugin/reconcile/SiteContext;)V" line="71"><counter type="INSTRUCTION" missed="57" covered="0"/><counter type="BRANCH" missed="6" covered="0"/><counter type="LINE" missed="17" covered="0"/><counter type="COMPLEXITY" missed="4" covered="0"/><counter type="METHOD" missed="1" covered="0"/></method><counter type="INSTRUCTION" missed="76" covered="0"/><counter type="BRANCH" missed="8" covered="0"/><counter type="LINE" missed="24" covered="0"/><counter type="COMPLEXITY" missed="10" covered="0"/><counter type="METHOD" missed="6" covered="0"/><counter type="CLASS" missed="1" covered="0"/></class><sourcefile name="SiteReconciler.java"><line nr="82" mi="1" ci="0" mb="0" cb="0"/><counter type="INSTRUCTION" missed="1" covered="0"/><counter type="LINE" missed="1" covered="0"/><counter type="COMPLEXITY" missed="1" covered="0"/><counter type="METHOD" missed="1" covered="0"/><counter type="CLASS" missed="1" covered="0"/></sourcefile><sourcefile name="SiteReconcilerRegistry.java"><line nr="35" mi="11" ci="0" mb="0" cb="0"/><line nr="51" mi="11" ci="0" mb="0" cb="0"/><counter type="INSTRUCTION" missed="22" covered="0"/><counter type="LINE" missed="2" covered="0"/><counter type="COMPLEXITY" missed="2" covered="0"/><counter type="METHOD" missed="2" covered="0"/><counter type="CLASS" missed="1" covered="0"/></sourcefile><sourcefile name="SiteDriftReport.java"><line nr="24" mi="21" ci="0" mb="0" cb="0"/><line nr="39" mi="10" ci="0" mb="0" cb="0"/><counter type="INSTRUCTION" missed="31" covered="0"/><counter type="LINE" missed="2" covered="0"/><counter type="COMPLEXITY" missed="2" covered="0"/><counter type="METHOD" missed="2" covered="0"/><counter type="CLASS" missed="1" covered="0"/></sourcefile><sourcefile name="SiteContext.java"><line nr="32" mi="42" ci="0" mb="0" cb="0"/><counter type="INSTRUCTION" missed="42" covered="0"/><counter type="LINE" missed="1" covered="0"/><counter type="COMPLEXITY" missed="1" covered="0"/><counter type="METHOD" missed="1" covered="0"/><counter type="CLASS" missed="1" covered="0"/></sourcefile><sourcefile name="SiteReconcilerOptions.java"><line nr="26" mi="6" ci="0" mb="0" cb="0"/><line nr="42" mi="7" ci="0" mb="0" cb="0"/><line nr="53" mi="7" ci="0" mb="0" cb="0"/><line nr="65" mi="7" ci="0" mb="0" cb="0"/><line nr="74" mi="5" ci="0" mb="0" cb="0"/><counter type="INSTRUCTION" missed="32" covered="0"/><counter type="LINE" missed="5" covered="0"/><counter type="COMPLEXITY" missed="5" covered="0"/><counter type="METHOD" missed="5" covered="0"/><counter type="CLASS" missed="1" covered="0"/></sourcefile><sourcefile name="StaleSiteCleanupReconciler.java"><line nr="38" mi="3" ci="0" mb="0" cb="0"/><line nr="42" mi="2" ci="0" mb="0" cb="0"/><line nr="47" mi="2" ci="0" mb="0" cb="0"/><line nr="56" mi="4" ci="0" mb="0" cb="0"/><line nr="64" mi="6" ci="0" mb="2" cb="0"/><line nr="65" mi="1" ci="0" mb="0" cb="0"/><line nr="67" mi="1" ci="0" mb="0" cb="0"/><line nr="71" mi="6" ci="0" mb="2" cb="0"/><line nr="72" mi="6" ci="0" mb="0" cb="0"/><line nr="73" mi="2" ci="0" mb="0" cb="0"/><line nr="74" mi="1" ci="0" mb="0" cb="0"/><line nr="76" mi="3" ci="0" mb="0" cb="0"/><line nr="77" mi="5" ci="0" mb="4" cb="0"/><line nr="78" mi="6" ci="0" mb="0" cb="0"/><line nr="80" mi="1" ci="0" mb="0" cb="0"/><line nr="82" mi="3" ci="0" mb="0" cb="0"/><line nr="84" mi="2" ci="0" mb="0" cb="0"/><line nr="85" mi="4" ci="0" mb="0" cb="0"/><line nr="86" mi="7" ci="0" mb="0" cb="0"/><line nr="88" mi="1" ci="0" mb="0" cb="0"/><line nr="92" mi="6" ci="0" mb="0" cb="0"/><line nr="94" mi="2" ci="0" mb="0" cb="0"/><line nr="95" mi="1" ci="0" mb="0" cb="0"/><line nr="96" mi="1" ci="0" mb="0" cb="0"/><counter type="INSTRUCTION" missed="76" covered="0"/><counter type="BRANCH" missed="8" covered="0"/><counter type="LINE" missed="24" covered="0"/><counter type="COMPLEXITY" missed="10" covered="0"/><counter type="METHOD" missed="6" covered="0"/><counter type="CLASS" missed="1" covered="0"/></sourcefile><sourcefile name="DeployedSiteReconciler.java"><line nr="50" mi="3" ci="0" mb="0" cb="0"/><line nr="53" mi="3" ci="0" mb="0" cb="0"/><line nr="57" mi="4" ci="0" mb="0" cb="0"/><line nr="61" mi="2" ci="0" mb="0" cb="0"/><line nr="66" mi="2" ci="0" mb="0" cb="0"/><line nr="71" mi="3" ci="0" mb="0" cb="0"/><line nr="72" mi="3" ci="0" mb="0" cb="0"/><line nr="73" mi="5" ci="0" mb="4" cb="0"/><line nr="74" mi="4" ci="0" mb="0" cb="0"/><line nr="77" mi="3" ci="0" mb="0" cb="0"/><line nr="79" mi="3" ci="0" mb="2" cb="0"/><line nr="81" mi="7" ci="0" mb="0" cb="0"/><line nr="84" mi="4" ci="0" mb="0" cb="0"/><line nr="85" mi="4" ci="0" mb="0" cb="0"/><line nr="86" mi="9" ci="0" mb="0" cb="0"/><line nr="93" mi="8" ci="0" mb="4" cb="0"/><line nr="94" mi="4" ci="0" mb="0" cb="0"/><line nr="97" mi="8" ci="0" mb="2" cb="0"/><line nr="98" mi="7" ci="0" mb="0" cb="0"/><line nr="101" mi="4" ci="0" mb="0" cb="0"/><line nr="102" mi="4" ci="0" mb="0" cb="0"/><line nr="103" mi="10" ci="0" mb="0" cb="0"/><line nr="112" mi="6" ci="0" mb="2" cb="0"/><line nr="113" mi="6" ci="0" mb="0" cb="0"/><line nr="114" mi="2" ci="0" mb="0" cb="0"/><line nr="115" mi="1" ci="0" mb="0" cb="0"/><line nr="118" mi="3" ci="0" mb="0" cb="0"/><line nr="119" mi="5" ci="0" mb="0" cb="0"/><line nr="124" mi="9" ci="0" mb="0" cb="0"/><line nr="125" mi="14" ci="0" mb="0" cb="0"/><line nr="127" mi="4" ci="0" mb="0" cb="0"/><line nr="128" mi="2" ci="0" mb="2" cb="0"/><line nr="129" mi="6" ci="0" mb="0" cb="0"/><line nr="131" mi="1" ci="0" mb="0" cb="0"/><line nr="134" mi="3" ci="0" mb="0" cb="0"/><line nr="135" mi="4" ci="0" mb="0" cb="0"/><line nr="137" mi="4" ci="0" mb="0" cb="0"/><line nr="138" mi="2" ci="0" mb="0" cb="0"/><line nr="139" mi="3" ci="0" mb="0" cb="0"/><line nr="140" mi="6" ci="0" mb="0" cb="0"/><line nr="141" mi="2" ci="0" mb="0" cb="0"/><line nr="142" mi="2" ci="0" mb="0" cb="0"/><line nr="143" mi="1" ci="0" mb="0" cb="0"/><line nr="144" mi="6" ci="0" mb="0" cb="0"/><line nr="146" mi="2" ci="0" mb="0" cb="0"/><line nr="147" mi="1" ci="0" mb="0" cb="0"/><line nr="148" mi="1" ci="0" mb="0" cb="0"/><line nr="153" mi="12" ci="0" mb="0" cb="0"/><line nr="162" mi="2" ci="0" mb="0" cb="0"/><line nr="163" mi="2" ci="0" mb="0" cb="0"/><line nr="164" mi="1" ci="0" mb="0" cb="0"/><line nr="165" mi="2" ci="0" mb="0" cb="0"/><line nr="166" mi="4" ci="0" mb="0" cb="0"/><line nr="167" mi="1" ci="0" mb="0" cb="0"/><line nr="168" mi="1" ci="0" mb="0" cb="0"/><line nr="169" mi="2" ci="0" mb="0" cb="0"/><line nr="170" mi="4" ci="0" mb="0" cb="0"/><line nr="171" mi="1" ci="0" mb="0" cb="0"/><line nr="172" mi="6" ci="0" mb="2" cb="0"/><line nr="173" mi="11" ci="0" mb="0" cb="0"/><line nr="175" mi="4" ci="0" mb="0" cb="0"/><line nr="176" mi="4" ci="0" mb="0" cb="0"/><line nr="177" mi="3" ci="0" mb="2" cb="0"/><line nr="178" mi="12" ci="0" mb="0" cb="0"/><line nr="182" mi="9" ci="0" mb="0" cb="0"/><line nr="183" mi="9" ci="0" mb="4" cb="0"/><line nr="184" mi="3" ci="0" mb="2" cb="0"/><line nr="185" mi="2" ci="0" mb="0" cb="0"/><line nr="187" mi="6" ci="0" mb="0" cb="0"/><line nr="188" mi="6" ci="0" mb="0" cb="0"/><line nr="200" mi="4" ci="0" mb="0" cb="0"/><line nr="201" mi="10" ci="0" mb="2" cb="0"/><counter type="INSTRUCTION" missed="321" covered="0"/><counter type="BRANCH" missed="28" covered="0"/><counter type="LINE" missed="72" covered="0"/><counter type="COMPLEXITY" missed="23" covered="0"/><counter type="METHOD" missed="9" covered="0"/><counter type="CLASS" missed="2" covered="0"/></sourcefile><sourcefile name="LandingPageRegistrationReconciler.java"><line nr="47" mi="3" ci="0" mb="0" cb="0"/><line nr="64" mi="3" ci="0" mb="0" cb="0"/><line nr="67" mi="4" ci="0" mb="0" cb="0"/><line nr="71" mi="2" ci="0" mb="0" cb="0"/><line nr="76" mi="2" ci="0" mb="0" cb="0"/><line nr="81" mi="3" ci="0" mb="0" cb="0"/><line nr="82" mi="3" ci="0" mb="0" cb="0"/><line nr="83" mi="5" ci="0" mb="4" cb="0"/><line nr="84" mi="4" ci="0" mb="0" cb="0"/><line nr="87" mi="3" ci="0" mb="0" cb="0"/><line nr="89" mi="3" ci="0" mb="2" cb="0"/><line nr="91" mi="4" ci="0" mb="0" cb="0"/><line nr="92" mi="4" ci="0" mb="0" cb="0"/><line nr="93" mi="7" ci="0" mb="0" cb="0"/><line nr="95" mi="5" ci="0" mb="0" cb="0"/><line nr="100" mi="8" ci="0" mb="4" cb="0"/><line nr="101" mi="4" ci="0" mb="0" cb="0"/><line nr="104" mi="8" ci="0" mb="2" cb="0"/><line nr="105" mi="7" ci="0" mb="0" cb="0"/><line nr="108" mi="4" ci="0" mb="0" cb="0"/><line nr="109" mi="4" ci="0" mb="0" cb="0"/><line nr="110" mi="10" ci="0" mb="0" cb="0"/><line nr="119" mi="6" ci="0" mb="2" cb="0"/><line nr="120" mi="6" ci="0" mb="0" cb="0"/><line nr="121" mi="2" ci="0" mb="0" cb="0"/><line nr="122" mi="1" ci="0" mb="0" cb="0"/><line nr="124" mi="5" ci="0" mb="0" cb="0"/><line nr="125" mi="2" ci="0" mb="2" cb="0"/><line nr="126" mi="6" ci="0" mb="0" cb="0"/><line nr="128" mi="1" ci="0" mb="0" cb="0"/><line nr="131" mi="4" ci="0" mb="0" cb="0"/><line nr="134" mi="2" ci="0" mb="0" cb="0"/><line nr="135" mi="4" ci="0" mb="0" cb="0"/><line nr="136" mi="4" ci="0" mb="0" cb="0"/><line nr="137" mi="4" ci="0" mb="0" cb="0"/><line nr="138" mi="1" ci="0" mb="0" cb="0"/><line nr="139" mi="9" ci="0" mb="2" cb="0"/><line nr="140" mi="2" ci="0" mb="0" cb="0"/><line nr="141" mi="2" ci="0" mb="0" cb="0"/><line nr="142" mi="2" ci="0" mb="0" cb="0"/><line nr="143" mi="2" ci="0" mb="0" cb="0"/><line nr="145" mi="6" ci="0" mb="0" cb="0"/><line nr="146" mi="2" ci="0" mb="0" cb="0"/><line nr="147" mi="2" ci="0" mb="0" cb="0"/><line nr="148" mi="1" ci="0" mb="0" cb="0"/><line nr="149" mi="6" ci="0" mb="0" cb="0"/><line nr="150" mi="2" ci="0" mb="0" cb="0"/><line nr="151" mi="1" ci="0" mb="0" cb="0"/><line nr="152" mi="1" ci="0" mb="0" cb="0"/><line nr="156" mi="6" ci="0" mb="2" cb="0"/><line nr="157" mi="6" ci="0" mb="0" cb="0"/><line nr="158" mi="2" ci="0" mb="0" cb="0"/><line nr="159" mi="1" ci="0" mb="0" cb="0"/><line nr="162" mi="2" ci="0" mb="0" cb="0"/><line nr="163" mi="2" ci="0" mb="0" cb="0"/><line nr="164" mi="4" ci="0" mb="0" cb="0"/><line nr="165" mi="4" ci="0" mb="0" cb="0"/><line nr="166" mi="1" ci="0" mb="0" cb="0"/><line nr="167" mi="6" ci="0" mb="0" cb="0"/><line nr="168" mi="2" ci="0" mb="0" cb="0"/><line nr="170" mi="1" ci="0" mb="0" cb="0"/><line nr="171" mi="6" ci="0" mb="0" cb="0"/><line nr="172" mi="2" ci="0" mb="0" cb="0"/><line nr="173" mi="1" ci="0" mb="0" cb="0"/><line nr="174" mi="1" ci="0" mb="0" cb="0"/><line nr="179" mi="12" ci="0" mb="0" cb="0"/><line nr="187" mi="3" ci="0" mb="0" cb="0"/><line nr="188" mi="2" ci="0" mb="0" cb="0"/><line nr="189" mi="2" ci="0" mb="0" cb="0"/><line nr="190" mi="1" ci="0" mb="0" cb="0"/><line nr="191" mi="2" ci="0" mb="0" cb="0"/><line nr="192" mi="4" ci="0" mb="0" cb="0"/><line nr="193" mi="1" ci="0" mb="0" cb="0"/><line nr="194" mi="1" ci="0" mb="0" cb="0"/><line nr="195" mi="2" ci="0" mb="0" cb="0"/><line nr="196" mi="4" ci="0" mb="0" cb="0"/><line nr="197" mi="1" ci="0" mb="0" cb="0"/><line nr="198" mi="4" ci="0" mb="2" cb="0"/><line nr="199" mi="9" ci="0" mb="0" cb="0"/><line nr="201" mi="6" ci="0" mb="2" cb="0"/><line nr="202" mi="11" ci="0" mb="0" cb="0"/><line nr="204" mi="6" ci="0" mb="0" cb="0"/><line nr="205" mi="3" ci="0" mb="2" cb="0"/><line nr="206" mi="12" ci="0" mb="0" cb="0"/><line nr="208" mi="9" ci="0" mb="0" cb="0"/><line nr="209" mi="13" ci="0" mb="6" cb="0"/><line nr="210" mi="3" ci="0" mb="2" cb="0"/><line nr="211" mi="2" ci="0" mb="0" cb="0"/><line nr="213" mi="6" ci="0" mb="0" cb="0"/><line nr="214" mi="6" ci="0" mb="0" cb="0"/><line nr="228" mi="6" ci="0" mb="0" cb="0"/><line nr="229" mi="5" ci="0" mb="2" cb="0"/><line nr="231" mi="4" ci="0" mb="0" cb="0"/><line nr="232" mi="3" ci="0" mb="0" cb="0"/><line nr="234" mi="4" ci="0" mb="0" cb="0"/><line nr="235" mi="4" ci="0" mb="0" cb="0"/><line nr="236" mi="3" ci="0" mb="2" cb="0"/><line nr="237" mi="7" ci="0" mb="0" cb="0"/><line nr="239" mi="2" ci="0" mb="0" cb="0"/><line nr="240" mi="1" ci="0" mb="0" cb="0"/><line nr="241" mi="2" ci="0" mb="0" cb="0"/><line nr="253" mi="4" ci="0" mb="0" cb="0"/><line nr="254" mi="10" ci="0" mb="2" cb="0"/><counter type="INSTRUCTION" missed="413" covered="0"/><counter type="BRANCH" missed="40" covered="0"/><counter type="LINE" missed="103" covered="0"/><counter type="COMPLEXITY" missed="31" covered="0"/><counter type="METHOD" missed="11" covered="0"/><counter type="CLASS" missed="2" covered="0"/></sourcefile><counter type="INSTRUCTION" missed="938" covered="0"/><counter type="BRANCH" missed="76" covered="0"/><counter type="LINE" missed="210" covered="0"/><counter type="COMPLEXITY" missed="75" covered="0"/><counter type="METHOD" missed="37" covered="0"/><counter type="CLASS" missed="10" covered="0"/></package><counter type="INSTRUCTION" missed="15681" covered="11390"/><counter type="BRANCH" missed="1527" covered="1043"/><counter type="LINE" missed="3361" covered="2483"/><counter type="COMPLEXITY" missed="1161" covered="746"/><counter type="METHOD" missed="277" covered="333"/><counter type="CLASS" missed="35" covered="93"/></report>