<?xml version="1.0" encoding="UTF-8" standalone="yes"?><!DOCTYPE report PUBLIC "-//JACOCO//DTD Report 1.1//EN" "report.dtd"><report name="IKE Maven Plugin Support"><sessioninfo id="Komet-MacBook-16.local-eea5ba82" start="1778614343299" dump="1778614343953"/><sessioninfo id="Komet-MacBook-16.local-723f7da0" start="1778614364895" dump="1778614365614"/><package name="network/ike/plugin/support"><class name="network/ike/plugin/support/AbstractGoalMojo" sourcefilename="AbstractGoalMojo.java"><method name="&lt;init&gt;" desc="()V" line="27"><counter type="INSTRUCTION" missed="3" covered="0"/><counter type="LINE" missed="1" covered="0"/><counter type="COMPLEXITY" missed="1" covered="0"/><counter type="METHOD" missed="1" covered="0"/></method><method name="getLog" desc="()Lorg/apache/maven/api/plugin/Log;" line="38"><counter type="INSTRUCTION" missed="3" covered="0"/><counter type="LINE" missed="1" covered="0"/><counter type="COMPLEXITY" missed="1" covered="0"/><counter type="METHOD" missed="1" covered="0"/></method><method name="writeReport" desc="(Lnetwork/ike/plugin/support/GoalRef;Ljava/nio/file/Path;Ljava/lang/String;)V" line="52"><counter type="INSTRUCTION" missed="7" covered="0"/><counter type="LINE" missed="2" covered="0"/><counter type="COMPLEXITY" missed="1" covered="0"/><counter type="METHOD" missed="1" covered="0"/></method><counter type="INSTRUCTION" missed="13" covered="0"/><counter type="LINE" missed="4" covered="0"/><counter type="COMPLEXITY" missed="3" covered="0"/><counter type="METHOD" missed="3" covered="0"/><counter type="CLASS" missed="1" covered="0"/></class><class name="network/ike/plugin/support/GoalRef" sourcefilename="GoalRef.java"><method name="qualified" desc="()Ljava/lang/String;" line="48"><counter type="INSTRUCTION" missed="6" covered="0"/><counter type="LINE" missed="1" covered="0"/><counter type="COMPLEXITY" missed="1" covered="0"/><counter type="METHOD" missed="1" covered="0"/></method><counter type="INSTRUCTION" missed="6" covered="0"/><counter type="LINE" missed="1" covered="0"/><counter type="COMPLEXITY" missed="1" covered="0"/><counter type="METHOD" missed="1" covered="0"/><counter type="CLASS" missed="1" covered="0"/></class><class name="network/ike/plugin/support/MojoParamSupport" sourcefilename="MojoParamSupport.java"><method name="requireParam" desc="(Ljava/lang/String;Ljava/lang/String;Ljava/lang/String;Lorg/apache/maven/api/plugin/Log;)Ljava/lang/String;" line="40"><counter type="INSTRUCTION" missed="65" covered="0"/><counter type="BRANCH" missed="14" covered="0"/><counter type="LINE" missed="17" covered="0"/><counter type="COMPLEXITY" missed="8" covered="0"/><counter type="METHOD" missed="1" covered="0"/></method><counter type="INSTRUCTION" missed="65" covered="0"/><counter type="BRANCH" missed="14" covered="0"/><counter type="LINE" missed="17" covered="0"/><counter type="COMPLEXITY" missed="8" covered="0"/><counter type="METHOD" missed="1" covered="0"/><counter type="CLASS" missed="1" covered="0"/></class><class name="network/ike/plugin/support/GoalReport" sourcefilename="GoalReport.java"><method name="write" desc="(Ljava/nio/file/Path;Lnetwork/ike/plugin/support/GoalRef;Ljava/lang/String;Lorg/apache/maven/api/plugin/Log;)V" line="65"><counter type="INSTRUCTION" missed="44" covered="0"/><counter type="BRANCH" missed="2" covered="0"/><counter type="LINE" missed="13" covered="0"/><counter type="COMPLEXITY" missed="2" covered="0"/><counter type="METHOD" missed="1" covered="0"/></method><method name="reportPath" desc="(Ljava/nio/file/Path;Lnetwork/ike/plugin/support/GoalRef;)Ljava/nio/file/Path;" line="93"><counter type="INSTRUCTION" missed="10" covered="0"/><counter type="LINE" missed="2" covered="0"/><counter type="COMPLEXITY" missed="1" covered="0"/><counter type="METHOD" missed="1" covered="0"/></method><method name="gitignorePattern" desc="(Lnetwork/ike/plugin/support/GoalRef;)Ljava/lang/String;" line="106"><counter type="INSTRUCTION" missed="4" covered="0"/><counter type="LINE" missed="1" covered="0"/><counter type="COMPLEXITY" missed="1" covered="0"/><counter type="METHOD" missed="1" covered="0"/></method><method name="ensureGitignored" desc="(Ljava/nio/file/Path;Ljava/lang/String;Lorg/apache/maven/api/plugin/Log;)V" line="123"><counter type="INSTRUCTION" missed="82" covered="0"/><counter type="BRANCH" missed="12" covered="0"/><counter type="LINE" missed="21" covered="0"/><counter type="COMPLEXITY" missed="7" covered="0"/><counter type="METHOD" missed="1" covered="0"/></method><method name="prefixHeader" desc="(Ljava/lang/String;)Ljava/lang/String;" line="156"><counter type="INSTRUCTION" missed="14" covered="0"/><counter type="BRANCH" missed="2" covered="0"/><counter type="LINE" missed="2" covered="0"/><counter type="COMPLEXITY" missed="2" covered="0"/><counter type="METHOD" missed="1" covered="0"/></method><method name="findGitRoot" desc="(Ljava/nio/file/Path;)Ljava/nio/file/Path;" line="169"><counter type="INSTRUCTION" missed="20" covered="0"/><counter type="BRANCH" missed="4" covered="0"/><counter type="LINE" missed="5" covered="0"/><counter type="COMPLEXITY" missed="3" covered="0"/><counter type="METHOD" missed="1" covered="0"/></method><method name="matchesPattern" desc="(Ljava/lang/String;Ljava/lang/String;)Z" line="187"><counter type="INSTRUCTION" missed="51" covered="0"/><counter type="BRANCH" missed="10" covered="0"/><counter type="LINE" missed="9" covered="0"/><counter type="COMPLEXITY" missed="6" covered="0"/><counter type="METHOD" missed="1" covered="0"/></method><method name="&lt;clinit&gt;" desc="()V" line="48"><counter type="INSTRUCTION" missed="4" covered="0"/><counter type="LINE" missed="2" covered="0"/><counter type="COMPLEXITY" missed="1" covered="0"/><counter type="METHOD" missed="1" covered="0"/></method><counter type="INSTRUCTION" missed="229" covered="0"/><counter type="BRANCH" missed="30" covered="0"/><counter type="LINE" missed="55" covered="0"/><counter type="COMPLEXITY" missed="23" covered="0"/><counter type="METHOD" missed="8" covered="0"/><counter type="CLASS" missed="1" covered="0"/></class><sourcefile name="GoalRef.java"><line nr="48" mi="6" ci="0" mb="0" cb="0"/><counter type="INSTRUCTION" missed="6" covered="0"/><counter type="LINE" missed="1" covered="0"/><counter type="COMPLEXITY" missed="1" covered="0"/><counter type="METHOD" missed="1" covered="0"/><counter type="CLASS" missed="1" covered="0"/></sourcefile><sourcefile name="AbstractGoalMojo.java"><line nr="27" mi="3" ci="0" mb="0" cb="0"/><line nr="38" mi="3" ci="0" mb="0" cb="0"/><line nr="52" mi="6" ci="0" mb="0" cb="0"/><line nr="53" mi="1" ci="0" mb="0" cb="0"/><counter type="INSTRUCTION" missed="13" covered="0"/><counter type="LINE" missed="4" covered="0"/><counter type="COMPLEXITY" missed="3" covered="0"/><counter type="METHOD" missed="3" covered="0"/><counter type="CLASS" missed="1" covered="0"/></sourcefile><sourcefile name="GoalReport.java"><line nr="48" mi="2" ci="0" mb="0" cb="0"/><line nr="49" mi="2" ci="0" mb="0" cb="0"/><line nr="65" mi="6" ci="0" mb="0" cb="0"/><line nr="66" mi="4" ci="0" mb="0" cb="0"/><line nr="69" mi="5" ci="0" mb="0" cb="0"/><line nr="71" mi="4" ci="0" mb="0" cb="0"/><line nr="72" mi="4" ci="0" mb="0" cb="0"/><line nr="74" mi="3" ci="0" mb="0" cb="0"/><line nr="76" mi="7" ci="0" mb="0" cb="0"/><line nr="77" mi="1" ci="0" mb="0" cb="0"/><line nr="78" mi="2" ci="0" mb="2" cb="0"/><line nr="79" mi="4" ci="0" mb="0" cb="0"/><line nr="80" mi="2" ci="0" mb="0" cb="0"/><line nr="82" mi="1" ci="0" mb="0" cb="0"/><line nr="83" mi="1" ci="0" mb="0" cb="0"/><line nr="93" mi="6" ci="0" mb="0" cb="0"/><line nr="94" mi="4" ci="0" mb="0" cb="0"/><line nr="106" mi="4" ci="0" mb="0" cb="0"/><line nr="123" mi="3" ci="0" mb="0" cb="0"/><line nr="124" mi="3" ci="0" mb="2" cb="0"/><line nr="126" mi="4" ci="0" mb="0" cb="0"/><line nr="127" mi="5" ci="0" mb="2" cb="0"/><line nr="128" mi="4" ci="0" mb="0" cb="0"/><line nr="130" mi="10" ci="0" mb="2" cb="0"/><line nr="131" mi="5" ci="0" mb="2" cb="0"/><line nr="132" mi="1" ci="0" mb="0" cb="0"/><line nr="134" mi="1" ci="0" mb="0" cb="0"/><line nr="135" mi="4" ci="0" mb="0" cb="0"/><line nr="137" mi="6" ci="0" mb="2" cb="0"/><line nr="138" mi="3" ci="0" mb="0" cb="0"/><line nr="139" mi="5" ci="0" mb="0" cb="0"/><line nr="140" mi="6" ci="0" mb="0" cb="0"/><line nr="143" mi="1" ci="0" mb="0" cb="0"/><line nr="144" mi="4" ci="0" mb="0" cb="0"/><line nr="145" mi="6" ci="0" mb="0" cb="0"/><line nr="149" mi="2" ci="0" mb="2" cb="0"/><line nr="150" mi="5" ci="0" mb="0" cb="0"/><line nr="151" mi="3" ci="0" mb="0" cb="0"/><line nr="153" mi="1" ci="0" mb="0" cb="0"/><line nr="156" mi="4" ci="0" mb="0" cb="0"/><line nr="157" mi="10" ci="0" mb="2" cb="0"/><line nr="169" mi="3" ci="0" mb="0" cb="0"/><line nr="170" mi="2" ci="0" mb="2" cb="0"/><line nr="171" mi="9" ci="0" mb="2" cb="0"/><line nr="172" mi="4" ci="0" mb="0" cb="0"/><line nr="174" mi="2" ci="0" mb="0" cb="0"/><line nr="187" mi="9" ci="0" mb="4" cb="0"/><line nr="188" mi="10" ci="0" mb="2" cb="0"/><line nr="189" mi="4" ci="0" mb="2" cb="0"/><line nr="190" mi="8" ci="0" mb="0" cb="0"/><line nr="191" mi="2" ci="0" mb="0" cb="0"/><line nr="192" mi="4" ci="0" mb="2" cb="0"/><line nr="193" mi="8" ci="0" mb="0" cb="0"/><line nr="194" mi="2" ci="0" mb="0" cb="0"/><line nr="195" mi="4" ci="0" mb="0" cb="0"/><counter type="INSTRUCTION" missed="229" covered="0"/><counter type="BRANCH" missed="30" covered="0"/><counter type="LINE" missed="55" covered="0"/><counter type="COMPLEXITY" missed="23" covered="0"/><counter type="METHOD" missed="8" covered="0"/><counter type="CLASS" missed="1" covered="0"/></sourcefile><sourcefile name="MojoParamSupport.java"><line nr="40" mi="5" ci="0" mb="4" cb="0"/><line nr="41" mi="3" ci="0" mb="0" cb="0"/><line nr="45" mi="2" ci="0" mb="0" cb="0"/><line nr="46" mi="2" ci="0" mb="2" cb="0"/><line nr="47" mi="10" ci="0" mb="0" cb="0"/><line nr="48" mi="5" ci="0" mb="4" cb="0"/><line nr="49" mi="3" ci="0" mb="0" cb="0"/><line nr="51" mi="1" ci="0" mb="0" cb="0"/><line nr="58" mi="4" ci="0" mb="0" cb="0"/><line nr="59" mi="2" ci="0" mb="0" cb="0"/><line nr="61" mi="8" ci="0" mb="0" cb="0"/><line nr="63" mi="3" ci="0" mb="0" cb="0"/><line nr="64" mi="5" ci="0" mb="4" cb="0"/><line nr="65" mi="3" ci="0" mb="0" cb="0"/><line nr="67" mi="1" ci="0" mb="0" cb="0"/><line nr="69" mi="1" ci="0" mb="0" cb="0"/><line nr="72" mi="7" ci="0" mb="0" cb="0"/><counter type="INSTRUCTION" missed="65" covered="0"/><counter type="BRANCH" missed="14" covered="0"/><counter type="LINE" missed="17" covered="0"/><counter type="COMPLEXITY" missed="8" covered="0"/><counter type="METHOD" missed="1" covered="0"/><counter type="CLASS" missed="1" covered="0"/></sourcefile><counter type="INSTRUCTION" missed="313" covered="0"/><counter type="BRANCH" missed="44" covered="0"/><counter type="LINE" missed="77" covered="0"/><counter type="COMPLEXITY" missed="35" covered="0"/><counter type="METHOD" missed="13" covered="0"/><counter type="CLASS" missed="4" covered="0"/></package><package name="network/ike/plugin/support/upgrade"><class name="network/ike/plugin/support/upgrade/VersionUpgradeApplyException" sourcefilename="VersionUpgradeApplyException.java"><method name="&lt;init&gt;" desc="(Ljava/lang/String;)V" line="22"><counter type="INSTRUCTION" missed="0" covered="4"/><counter type="LINE" missed="0" covered="2"/><counter type="COMPLEXITY" missed="0" covered="1"/><counter type="METHOD" missed="0" covered="1"/></method><method name="&lt;init&gt;" desc="(Ljava/lang/String;Ljava/lang/Throwable;)V" line="32"><counter type="INSTRUCTION" missed="5" covered="0"/><counter type="LINE" missed="2" covered="0"/><counter type="COMPLEXITY" missed="1" covered="0"/><counter type="METHOD" missed="1" covered="0"/></method><counter type="INSTRUCTION" missed="5" covered="4"/><counter type="LINE" missed="2" covered="2"/><counter type="COMPLEXITY" missed="1" covered="1"/><counter type="METHOD" missed="1" covered="1"/><counter type="CLASS" missed="0" covered="1"/></class><class name="network/ike/plugin/support/upgrade/PomScanner$Coord" sourcefilename="PomScanner.java"><method name="&lt;init&gt;" desc="(Ljava/lang/String;Ljava/lang/String;Ljava/lang/String;)V" line="247"><counter type="INSTRUCTION" missed="0" covered="12"/><counter type="LINE" missed="0" covered="1"/><counter type="COMPLEXITY" missed="0" covered="1"/><counter type="METHOD" missed="0" covered="1"/></method><counter type="INSTRUCTION" missed="0" covered="12"/><counter type="LINE" missed="0" covered="1"/><counter type="COMPLEXITY" missed="0" covered="1"/><counter type="METHOD" missed="0" covered="1"/><counter type="CLASS" missed="0" covered="1"/></class><class name="network/ike/plugin/support/upgrade/VersionUpgradePlanApplier" sourcefilename="VersionUpgradePlanApplier.java"><method name="apply" desc="(Ljava/nio/file/Path;Lnetwork/ike/workspace/NodeVersionUpgrade;)I" line="72"><counter type="INSTRUCTION" missed="35" covered="0"/><counter type="BRANCH" missed="2" covered="0"/><counter type="LINE" missed="8" covered="0"/><counter type="COMPLEXITY" missed="2" covered="0"/><counter type="METHOD" missed="1" covered="0"/></method><method name="apply" desc="(Ljava/lang/String;Lnetwork/ike/workspace/NodeVersionUpgrade;)Lnetwork/ike/plugin/support/upgrade/VersionUpgradePlanApplier$ApplyResult;" line="95"><counter type="INSTRUCTION" missed="2" covered="87"/><counter type="BRANCH" missed="2" covered="10"/><counter type="LINE" missed="2" covered="22"/><counter type="COMPLEXITY" missed="2" covered="5"/><counter type="METHOD" missed="0" covered="1"/></method><method name="applyParent" desc="(Lorg/openrewrite/xml/tree/Xml$Tag;Lnetwork/ike/workspace/ParentVersionUpgrade;)Lorg/openrewrite/xml/tree/Xml$Tag;" line="140"><counter type="INSTRUCTION" missed="5" covered="88"/><counter type="BRANCH" missed="2" covered="6"/><counter type="LINE" missed="1" covered="18"/><counter type="COMPLEXITY" missed="2" covered="3"/><counter type="METHOD" missed="0" covered="1"/></method><method name="applyProperty" desc="(Lorg/openrewrite/xml/tree/Xml$Tag;Lnetwork/ike/workspace/PropertyVersionUpgrade;)Lorg/openrewrite/xml/tree/Xml$Tag;" line="178"><counter type="INSTRUCTION" missed="0" covered="53"/><counter type="BRANCH" missed="0" covered="2"/><counter type="LINE" missed="0" covered="13"/><counter type="COMPLEXITY" missed="0" covered="2"/><counter type="METHOD" missed="0" covered="1"/></method><method name="applyLiteral" desc="(Lorg/openrewrite/xml/tree/Xml$Tag;Lnetwork/ike/workspace/LiteralVersionUpgrade;)Lorg/openrewrite/xml/tree/Xml$Tag;" line="205"><counter type="INSTRUCTION" missed="0" covered="36"/><counter type="BRANCH" missed="0" covered="2"/><counter type="LINE" missed="0" covered="9"/><counter type="COMPLEXITY" missed="0" covered="2"/><counter type="METHOD" missed="0" covered="1"/></method><method name="findLiteral" desc="(Lorg/openrewrite/xml/tree/Xml$Tag;Lnetwork/ike/workspace/LiteralVersionUpgrade;)Lnetwork/ike/plugin/support/upgrade/VersionUpgradePlanApplier$LiteralEdit;" line="229"><counter type="INSTRUCTION" missed="0" covered="7"/><counter type="LINE" missed="0" covered="1"/><counter type="COMPLEXITY" missed="0" covered="1"/><counter type="METHOD" missed="0" covered="1"/></method><method name="walkForLiteral" desc="(Lorg/openrewrite/xml/tree/Xml$Tag;Ljava/util/List;Lnetwork/ike/workspace/LiteralVersionUpgrade;)Lnetwork/ike/plugin/support/upgrade/VersionUpgradePlanApplier$LiteralEdit;" line="234"><counter type="INSTRUCTION" missed="4" covered="92"/><counter type="BRANCH" missed="5" covered="13"/><counter type="LINE" missed="1" covered="19"/><counter type="COMPLEXITY" missed="5" covered="5"/><counter type="METHOD" missed="0" covered="1"/></method><method name="coordMatches" desc="(Lorg/openrewrite/xml/tree/Xml$Tag;Lnetwork/ike/workspace/LiteralVersionUpgrade;)Z" line="266"><counter type="INSTRUCTION" missed="1" covered="21"/><counter type="BRANCH" missed="2" covered="2"/><counter type="LINE" missed="0" covered="3"/><counter type="COMPLEXITY" missed="2" covered="1"/><counter type="METHOD" missed="0" covered="1"/></method><method name="rewritePath" desc="(Lorg/openrewrite/xml/tree/Xml$Tag;Ljava/util/List;Lorg/openrewrite/xml/tree/Xml$Tag;)Lorg/openrewrite/xml/tree/Xml$Tag;" line="279"><counter type="INSTRUCTION" missed="0" covered="37"/><counter type="BRANCH" missed="0" covered="2"/><counter type="LINE" missed="0" covered="7"/><counter type="COMPLEXITY" missed="0" covered="2"/><counter type="METHOD" missed="0" covered="1"/></method><method name="replaceChild" desc="(Lorg/openrewrite/xml/tree/Xml$Tag;Lorg/openrewrite/xml/tree/Xml$Tag;Lorg/openrewrite/xml/tree/Xml$Tag;)Lorg/openrewrite/xml/tree/Xml$Tag;" line="291"><counter type="INSTRUCTION" missed="2" covered="35"/><counter type="BRANCH" missed="1" covered="5"/><counter type="LINE" missed="1" covered="7"/><counter type="COMPLEXITY" missed="1" covered="3"/><counter type="METHOD" missed="0" covered="1"/></method><method name="lambda$applyProperty$1" desc="(Lnetwork/ike/workspace/PropertyVersionUpgrade;)Lnetwork/ike/plugin/support/upgrade/VersionUpgradeApplyException;" line="183"><counter type="INSTRUCTION" missed="0" covered="7"/><counter type="LINE" missed="0" covered="2"/><counter type="COMPLEXITY" missed="0" covered="1"/><counter type="METHOD" missed="0" covered="1"/></method><method name="lambda$applyProperty$0" desc="()Lnetwork/ike/plugin/support/upgrade/VersionUpgradeApplyException;" line="179"><counter type="INSTRUCTION" missed="5" covered="0"/><counter type="LINE" missed="1" covered="0"/><counter type="COMPLEXITY" missed="1" covered="0"/><counter type="METHOD" missed="1" covered="0"/></method><method name="lambda$applyParent$0" desc="()Lnetwork/ike/plugin/support/upgrade/VersionUpgradeApplyException;" line="159"><counter type="INSTRUCTION" missed="5" covered="0"/><counter type="LINE" missed="1" covered="0"/><counter type="COMPLEXITY" missed="1" covered="0"/><counter type="METHOD" missed="1" covered="0"/></method><method name="lambda$apply$1" desc="()Lnetwork/ike/plugin/support/upgrade/VersionUpgradeApplyException;" line="98"><counter type="INSTRUCTION" missed="5" covered="0"/><counter type="LINE" missed="1" covered="0"/><counter type="COMPLEXITY" missed="1" covered="0"/><counter type="METHOD" missed="1" covered="0"/></method><method name="lambda$apply$0" desc="(Lorg/openrewrite/SourceFile;)Lorg/openrewrite/xml/tree/Xml$Document;" line="97"><counter type="INSTRUCTION" missed="0" covered="3"/><counter type="LINE" missed="0" covered="1"/><counter type="COMPLEXITY" missed="0" covered="1"/><counter type="METHOD" missed="0" covered="1"/></method><method name="&lt;clinit&gt;" desc="()V" line="55"><counter type="INSTRUCTION" missed="0" covered="5"/><counter type="LINE" missed="0" covered="1"/><counter type="COMPLEXITY" missed="0" covered="1"/><counter type="METHOD" missed="0" covered="1"/></method><counter type="INSTRUCTION" missed="64" covered="471"/><counter type="BRANCH" missed="14" covered="42"/><counter type="LINE" missed="13" covered="101"/><counter type="COMPLEXITY" missed="17" covered="27"/><counter type="METHOD" missed="4" covered="12"/><counter type="CLASS" missed="0" covered="1"/></class><class name="network/ike/plugin/support/upgrade/PomScanner$LiteralCoord" sourcefilename="PomScanner.java"><method name="&lt;init&gt;" desc="(Ljava/lang/String;Ljava/lang/String;Ljava/lang/String;Ljava/lang/String;)V" line="259"><counter type="INSTRUCTION" missed="0" covered="15"/><counter type="LINE" missed="0" covered="1"/><counter type="COMPLEXITY" missed="0" covered="1"/><counter type="METHOD" missed="0" covered="1"/></method><counter type="INSTRUCTION" missed="0" covered="15"/><counter type="LINE" missed="0" covered="1"/><counter type="COMPLEXITY" missed="0" covered="1"/><counter type="METHOD" missed="0" covered="1"/><counter type="CLASS" missed="0" covered="1"/></class><class name="network/ike/plugin/support/upgrade/VersionUpgradePlanBuilder" sourcefilename="VersionUpgradePlanBuilder.java"><method name="&lt;init&gt;" desc="(Lnetwork/ike/workspace/VersionUpgradeRules;Lnetwork/ike/plugin/support/upgrade/CandidateVersionResolver;)V" line="74"><counter type="INSTRUCTION" missed="0" covered="9"/><counter type="LINE" missed="0" covered="4"/><counter type="COMPLEXITY" missed="0" covered="1"/><counter type="METHOD" missed="0" covered="1"/></method><method name="buildModulePlan" desc="(Ljava/lang/String;Ljava/nio/file/Path;Ljava/lang/String;)Lnetwork/ike/workspace/VersionUpgradePlan;" line="92"><counter type="INSTRUCTION" missed="0" covered="30"/><counter type="LINE" missed="0" covered="5"/><counter type="COMPLEXITY" missed="0" covered="1"/><counter type="METHOD" missed="0" covered="1"/></method><method name="buildWorkspacePlan" desc="(Ljava/util/Map;Ljava/lang/String;)Lnetwork/ike/workspace/VersionUpgradePlan;" line="115"><counter type="INSTRUCTION" missed="0" covered="57"/><counter type="BRANCH" missed="0" covered="2"/><counter type="LINE" missed="0" covered="9"/><counter type="COMPLEXITY" missed="0" covered="2"/><counter type="METHOD" missed="0" covered="1"/></method><method name="buildNode" desc="(Ljava/lang/String;Ljava/nio/file/Path;)Lnetwork/ike/workspace/NodeVersionUpgrade;" line="131"><counter type="INSTRUCTION" missed="0" covered="24"/><counter type="LINE" missed="0" covered="5"/><counter type="COMPLEXITY" missed="0" covered="1"/><counter type="METHOD" missed="0" covered="1"/></method><method name="buildParent" desc="(Lnetwork/ike/plugin/support/upgrade/PomScanner$Coord;)Lnetwork/ike/workspace/ParentVersionUpgrade;" line="142"><counter type="INSTRUCTION" missed="0" covered="17"/><counter type="BRANCH" missed="0" covered="2"/><counter type="LINE" missed="0" covered="5"/><counter type="COMPLEXITY" missed="0" covered="2"/><counter type="METHOD" missed="0" covered="1"/></method><method name="decideParent" desc="(Lnetwork/ike/plugin/support/upgrade/PomScanner$Coord;Lnetwork/ike/workspace/VersionUpgradeRule;)Lnetwork/ike/workspace/ParentVersionUpgrade;" line="152"><counter type="INSTRUCTION" missed="4" covered="74"/><counter type="BRANCH" missed="2" covered="7"/><counter type="LINE" missed="2" covered="20"/><counter type="COMPLEXITY" missed="2" covered="4"/><counter type="METHOD" missed="0" covered="1"/></method><method name="buildProperties" desc="(Lnetwork/ike/plugin/support/upgrade/PomScanner$PomScanResult;)Ljava/util/List;" line="187"><counter type="INSTRUCTION" missed="1" covered="47"/><counter type="BRANCH" missed="1" covered="5"/><counter type="LINE" missed="1" covered="11"/><counter type="COMPLEXITY" missed="1" covered="3"/><counter type="METHOD" missed="0" covered="1"/></method><method name="decideProperty" desc="(Ljava/lang/String;Ljava/lang/String;Ljava/util/Set;)Lnetwork/ike/workspace/PropertyVersionUpgrade;" line="212"><counter type="INSTRUCTION" missed="33" covered="105"/><counter type="BRANCH" missed="11" covered="15"/><counter type="LINE" missed="8" covered="26"/><counter type="COMPLEXITY" missed="9" covered="6"/><counter type="METHOD" missed="0" covered="1"/></method><method name="buildLiterals" desc="(Lnetwork/ike/plugin/support/upgrade/PomScanner$PomScanResult;)Ljava/util/List;" line="267"><counter type="INSTRUCTION" missed="0" covered="37"/><counter type="BRANCH" missed="1" covered="3"/><counter type="LINE" missed="0" covered="9"/><counter type="COMPLEXITY" missed="1" covered="2"/><counter type="METHOD" missed="0" covered="1"/></method><method name="decideLiteral" desc="(Lnetwork/ike/plugin/support/upgrade/PomScanner$LiteralCoord;Lnetwork/ike/workspace/VersionUpgradeRule;)Lnetwork/ike/workspace/LiteralVersionUpgrade;" line="281"><counter type="INSTRUCTION" missed="50" covered="34"/><counter type="BRANCH" missed="7" covered="2"/><counter type="LINE" missed="12" covered="6"/><counter type="COMPLEXITY" missed="5" covered="1"/><counter type="METHOD" missed="0" covered="1"/></method><method name="fingerprint" desc="(Ljava/util/List;)Ljava/lang/String;" line="326"><counter type="INSTRUCTION" missed="7" covered="69"/><counter type="BRANCH" missed="0" covered="4"/><counter type="LINE" missed="2" covered="12"/><counter type="COMPLEXITY" missed="0" covered="3"/><counter type="METHOD" missed="0" covered="1"/></method><counter type="INSTRUCTION" missed="95" covered="503"/><counter type="BRANCH" missed="22" covered="40"/><counter type="LINE" missed="25" covered="112"/><counter type="COMPLEXITY" missed="18" covered="26"/><counter type="METHOD" missed="0" covered="11"/><counter type="CLASS" missed="0" covered="1"/></class><class name="network/ike/plugin/support/upgrade/VersionUpgradePlanApplier$ApplyResult" sourcefilename="VersionUpgradePlanApplier.java"><method name="&lt;init&gt;" desc="(Ljava/lang/String;I)V" line="310"><counter type="INSTRUCTION" missed="0" covered="9"/><counter type="LINE" missed="0" covered="1"/><counter type="COMPLEXITY" missed="0" covered="1"/><counter type="METHOD" missed="0" covered="1"/></method><counter type="INSTRUCTION" missed="0" covered="9"/><counter type="LINE" missed="0" covered="1"/><counter type="COMPLEXITY" missed="0" covered="1"/><counter type="METHOD" missed="0" covered="1"/><counter type="CLASS" missed="0" covered="1"/></class><class name="network/ike/plugin/support/upgrade/SessionCandidateVersionResolver" sourcefilename="SessionCandidateVersionResolver.java"><method name="&lt;init&gt;" desc="(Lorg/apache/maven/api/Session;)V" line="42"><counter type="INSTRUCTION" missed="20" covered="0"/><counter type="BRANCH" missed="2" covered="0"/><counter type="LINE" missed="6" covered="0"/><counter type="COMPLEXITY" missed="2" covered="0"/><counter type="METHOD" missed="1" covered="0"/></method><method name="resolveCandidates" desc="(Ljava/lang/String;Ljava/lang/String;Ljava/lang/String;)Ljava/util/List;" line="56"><counter type="INSTRUCTION" missed="80" covered="0"/><counter type="BRANCH" missed="8" covered="0"/><counter type="LINE" missed="21" covered="0"/><counter type="COMPLEXITY" missed="5" covered="0"/><counter type="METHOD" missed="1" covered="0"/></method><counter type="INSTRUCTION" missed="100" covered="0"/><counter type="BRANCH" missed="10" covered="0"/><counter type="LINE" missed="27" covered="0"/><counter type="COMPLEXITY" missed="7" covered="0"/><counter type="METHOD" missed="2" covered="0"/><counter type="CLASS" missed="1" covered="0"/></class><class name="network/ike/plugin/support/upgrade/PomScanException" sourcefilename="PomScanException.java"><method name="&lt;init&gt;" desc="(Ljava/lang/String;)V" line="21"><counter type="INSTRUCTION" missed="4" covered="0"/><counter type="LINE" missed="2" covered="0"/><counter type="COMPLEXITY" missed="1" covered="0"/><counter type="METHOD" missed="1" covered="0"/></method><method name="&lt;init&gt;" desc="(Ljava/lang/String;Ljava/lang/Throwable;)V" line="31"><counter type="INSTRUCTION" missed="5" covered="0"/><counter type="LINE" missed="2" covered="0"/><counter type="COMPLEXITY" missed="1" covered="0"/><counter type="METHOD" missed="1" covered="0"/></method><counter type="INSTRUCTION" missed="9" covered="0"/><counter type="LINE" missed="4" covered="0"/><counter type="COMPLEXITY" missed="2" covered="0"/><counter type="METHOD" missed="2" covered="0"/><counter type="CLASS" missed="1" covered="0"/></class><class name="network/ike/plugin/support/upgrade/MavenVersionComparator" sourcefilename="MavenVersionComparator.java"><method name="compare" desc="(Ljava/lang/String;Ljava/lang/String;)I" line="33"><counter type="INSTRUCTION" missed="0" covered="63"/><counter type="BRANCH" missed="0" covered="16"/><counter type="LINE" missed="0" covered="16"/><counter type="COMPLEXITY" missed="0" covered="9"/><counter type="METHOD" missed="0" covered="1"/></method><method name="split" desc="(Ljava/lang/String;)[Ljava/lang/String;" line="66"><counter type="INSTRUCTION" missed="0" covered="82"/><counter type="BRANCH" missed="3" covered="13"/><counter type="LINE" missed="0" covered="20"/><counter type="COMPLEXITY" missed="3" covered="6"/><counter type="METHOD" missed="0" covered="1"/></method><method name="compareSegment" desc="(Ljava/lang/String;Ljava/lang/String;)I" line="94"><counter type="INSTRUCTION" missed="4" covered="24"/><counter type="BRANCH" missed="3" covered="5"/><counter type="LINE" missed="2" covered="7"/><counter type="COMPLEXITY" missed="3" covered="2"/><counter type="METHOD" missed="0" covered="1"/></method><method name="isAllDigits" desc="(Ljava/lang/String;)Z" line="113"><counter type="INSTRUCTION" missed="0" covered="22"/><counter type="BRANCH" missed="0" covered="6"/><counter type="LINE" missed="0" covered="6"/><counter type="COMPLEXITY" missed="0" covered="4"/><counter type="METHOD" missed="0" covered="1"/></method><method name="compareNumeric" desc="(Ljava/lang/String;Ljava/lang/String;)I" line="126"><counter type="INSTRUCTION" missed="0" covered="25"/><counter type="BRANCH" missed="0" covered="2"/><counter type="LINE" missed="0" covered="5"/><counter type="COMPLEXITY" missed="0" covered="2"/><counter type="METHOD" missed="0" covered="1"/></method><method name="qualifierRank" desc="(Ljava/lang/String;)I" line="143"><counter type="INSTRUCTION" missed="3" covered="25"/><counter type="BRANCH" missed="2" covered="6"/><counter type="LINE" missed="2" covered="8"/><counter type="COMPLEXITY" missed="2" covered="6"/><counter type="METHOD" missed="0" covered="1"/></method><method name="&lt;clinit&gt;" desc="()V" line="26"><counter type="INSTRUCTION" missed="0" covered="5"/><counter type="LINE" missed="0" covered="1"/><counter type="COMPLEXITY" missed="0" covered="1"/><counter type="METHOD" missed="0" covered="1"/></method><counter type="INSTRUCTION" missed="7" covered="246"/><counter type="BRANCH" missed="8" covered="48"/><counter type="LINE" missed="4" covered="63"/><counter type="COMPLEXITY" missed="8" covered="30"/><counter type="METHOD" missed="0" covered="7"/><counter type="CLASS" missed="0" covered="1"/></class><class name="network/ike/plugin/support/upgrade/VersionResolverFailureException" sourcefilename="VersionResolverFailureException.java"><method name="&lt;init&gt;" desc="(Ljava/lang/String;Ljava/lang/Throwable;)V" line="24"><counter type="INSTRUCTION" missed="5" covered="0"/><counter type="LINE" missed="2" covered="0"/><counter type="COMPLEXITY" missed="1" covered="0"/><counter type="METHOD" missed="1" covered="0"/></method><counter type="INSTRUCTION" missed="5" covered="0"/><counter type="LINE" missed="2" covered="0"/><counter type="COMPLEXITY" missed="1" covered="0"/><counter type="METHOD" missed="1" covered="0"/><counter type="CLASS" missed="1" covered="0"/></class><class name="network/ike/plugin/support/upgrade/PomScanner" sourcefilename="PomScanner.java"><method name="scan" desc="(Ljava/nio/file/Path;)Lnetwork/ike/plugin/support/upgrade/PomScanner$PomScanResult;" line="65"><counter type="INSTRUCTION" missed="9" covered="10"/><counter type="LINE" missed="2" covered="2"/><counter type="COMPLEXITY" missed="0" covered="1"/><counter type="METHOD" missed="0" covered="1"/></method><method name="scan" desc="(Ljava/lang/String;)Lnetwork/ike/plugin/support/upgrade/PomScanner$PomScanResult;" line="80"><counter type="INSTRUCTION" missed="7" covered="89"/><counter type="BRANCH" missed="1" covered="5"/><counter type="LINE" missed="2" covered="19"/><counter type="COMPLEXITY" missed="1" covered="3"/><counter type="METHOD" missed="0" covered="1"/></method><method name="parseParent" desc="(Lorg/openrewrite/xml/tree/Xml$Tag;)Lnetwork/ike/plugin/support/upgrade/PomScanner$Coord;" line="117"><counter type="INSTRUCTION" missed="2" covered="47"/><counter type="BRANCH" missed="3" covered="5"/><counter type="LINE" missed="1" covered="9"/><counter type="COMPLEXITY" missed="3" covered="2"/><counter type="METHOD" missed="0" covered="1"/></method><method name="parseProperties" desc="(Lorg/openrewrite/xml/tree/Xml$Tag;)Ljava/util/Map;" line="132"><counter type="INSTRUCTION" missed="1" covered="53"/><counter type="BRANCH" missed="2" covered="6"/><counter type="LINE" missed="1" covered="11"/><counter type="COMPLEXITY" missed="2" covered="3"/><counter type="METHOD" missed="0" covered="1"/></method><method name="scanScope" desc="(Lorg/openrewrite/xml/tree/Xml$Tag;Ljava/lang/String;Ljava/util/Map;Ljava/util/List;)V" line="153"><counter type="INSTRUCTION" missed="0" covered="168"/><counter type="BRANCH" missed="0" covered="22"/><counter type="LINE" missed="0" covered="27"/><counter type="COMPLEXITY" missed="0" covered="12"/><counter type="METHOD" missed="0" covered="1"/></method><method name="handleCoord" desc="(Lorg/openrewrite/xml/tree/Xml$Tag;Ljava/lang/String;Ljava/util/Map;Ljava/util/List;)V" line="191"><counter type="INSTRUCTION" missed="0" covered="59"/><counter type="BRANCH" missed="2" covered="6"/><counter type="LINE" missed="0" covered="12"/><counter type="COMPLEXITY" missed="2" covered="3"/><counter type="METHOD" missed="0" covered="1"/></method><method name="extractPropertyReference" desc="(Ljava/lang/String;)Ljava/lang/String;" line="220"><counter type="INSTRUCTION" missed="4" covered="40"/><counter type="BRANCH" missed="4" covered="8"/><counter type="LINE" missed="2" covered="8"/><counter type="COMPLEXITY" missed="4" covered="3"/><counter type="METHOD" missed="0" covered="1"/></method><method name="lambda$handleCoord$0" desc="(Ljava/lang/String;)Ljava/util/Set;" line="203"><counter type="INSTRUCTION" missed="0" covered="4"/><counter type="LINE" missed="0" covered="1"/><counter type="COMPLEXITY" missed="0" covered="1"/><counter type="METHOD" missed="0" covered="1"/></method><method name="lambda$scan$1" desc="()Lnetwork/ike/plugin/support/upgrade/PomScanException;" line="83"><counter type="INSTRUCTION" missed="5" covered="0"/><counter type="LINE" missed="1" covered="0"/><counter type="COMPLEXITY" missed="1" covered="0"/><counter type="METHOD" missed="1" covered="0"/></method><method name="lambda$scan$0" desc="(Lorg/openrewrite/SourceFile;)Lorg/openrewrite/xml/tree/Xml$Document;" line="82"><counter type="INSTRUCTION" missed="0" covered="3"/><counter type="LINE" missed="0" covered="1"/><counter type="COMPLEXITY" missed="0" covered="1"/><counter type="METHOD" missed="0" covered="1"/></method><method name="&lt;clinit&gt;" desc="()V" line="52"><counter type="INSTRUCTION" missed="0" covered="7"/><counter type="LINE" missed="0" covered="2"/><counter type="COMPLEXITY" missed="0" covered="1"/><counter type="METHOD" missed="0" covered="1"/></method><counter type="INSTRUCTION" missed="28" covered="480"/><counter type="BRANCH" missed="12" covered="52"/><counter type="LINE" missed="8" covered="90"/><counter type="COMPLEXITY" missed="13" covered="30"/><counter type="METHOD" missed="1" covered="10"/><counter type="CLASS" missed="0" covered="1"/></class><class name="network/ike/plugin/support/upgrade/VersionUpgradePlanApplier$LiteralEdit" sourcefilename="VersionUpgradePlanApplier.java"><method name="&lt;init&gt;" desc="(Ljava/util/List;Lorg/openrewrite/xml/tree/Xml$Tag;Lorg/openrewrite/xml/tree/Xml$Tag;)V" line="313"><counter type="INSTRUCTION" missed="0" covered="12"/><counter type="LINE" missed="0" covered="1"/><counter type="COMPLEXITY" missed="0" covered="1"/><counter type="METHOD" missed="0" covered="1"/></method><counter type="INSTRUCTION" missed="0" covered="12"/><counter type="LINE" missed="0" covered="1"/><counter type="COMPLEXITY" missed="0" covered="1"/><counter type="METHOD" missed="0" covered="1"/><counter type="CLASS" missed="0" covered="1"/></class><class name="network/ike/plugin/support/upgrade/PomScanner$PomScanResult" sourcefilename="PomScanner.java"><method name="&lt;init&gt;" desc="(Lnetwork/ike/plugin/support/upgrade/PomScanner$Coord;Ljava/util/Map;Ljava/util/Map;Ljava/util/List;)V" line="292"><counter type="INSTRUCTION" missed="6" covered="30"/><counter type="BRANCH" missed="3" covered="3"/><counter type="LINE" missed="0" covered="8"/><counter type="COMPLEXITY" missed="3" covered="1"/><counter type="METHOD" missed="0" covered="1"/></method><counter type="INSTRUCTION" missed="6" covered="30"/><counter type="BRANCH" missed="3" covered="3"/><counter type="LINE" missed="0" covered="8"/><counter type="COMPLEXITY" missed="3" covered="1"/><counter type="METHOD" missed="0" covered="1"/><counter type="CLASS" missed="0" covered="1"/></class><class name="network/ike/plugin/support/upgrade/CandidateVersionResolver" sourcefilename="CandidateVersionResolver.java"><method name="resolveHighestCandidate" desc="(Ljava/lang/String;Ljava/lang/String;Ljava/lang/String;)Ljava/lang/String;" line="57"><counter type="INSTRUCTION" missed="0" covered="38"/><counter type="BRANCH" missed="0" covered="10"/><counter type="LINE" missed="0" covered="11"/><counter type="COMPLEXITY" missed="0" covered="6"/><counter type="METHOD" missed="0" covered="1"/></method><counter type="INSTRUCTION" missed="0" covered="38"/><counter type="BRANCH" missed="0" covered="10"/><counter type="LINE" missed="0" covered="11"/><counter type="COMPLEXITY" missed="0" covered="6"/><counter type="METHOD" missed="0" covered="1"/><counter type="CLASS" missed="0" covered="1"/></class><sourcefile name="MavenVersionComparator.java"><line nr="26" mi="0" ci="5" mb="0" cb="0"/><line nr="33" mi="0" ci="4" mb="0" cb="4"/><line nr="34" mi="0" ci="2" mb="0" cb="0"/><line nr="36" mi="0" ci="2" mb="0" cb="2"/><line nr="37" mi="0" ci="2" mb="0" cb="0"/><line nr="39" mi="0" ci="2" mb="0" cb="2"/><line nr="40" mi="0" ci="2" mb="0" cb="0"/><line nr="42" mi="0" ci="3" mb="0" cb="0"/><line nr="43" mi="0" ci="3" mb="0" cb="0"/><line nr="44" mi="0" ci="6" mb="0" cb="0"/><line nr="45" mi="0" ci="7" mb="0" cb="2"/><line nr="46" mi="0" ci="10" mb="0" cb="2"/><line nr="47" mi="0" ci="10" mb="0" cb="2"/><line nr="48" mi="0" ci="4" mb="0" cb="0"/><line nr="49" mi="0" ci="2" mb="0" cb="2"/><line nr="50" mi="0" ci="2" mb="0" cb="0"/><line nr="53" mi="0" ci="2" mb="0" cb="0"/><line nr="66" mi="0" ci="4" mb="0" cb="0"/><line nr="67" mi="0" ci="4" mb="0" cb="0"/><line nr="68" mi="0" ci="2" mb="0" cb="0"/><line nr="69" mi="0" ci="8" mb="0" cb="2"/><line nr="70" mi="0" ci="4" mb="0" cb="0"/><line nr="71" mi="0" ci="9" mb="1" cb="5"/><line nr="72" mi="0" ci="3" mb="1" cb="1"/><line nr="73" mi="0" ci="5" mb="0" cb="0"/><line nr="74" mi="0" ci="3" mb="0" cb="0"/><line nr="76" mi="0" ci="2" mb="0" cb="0"/><line nr="77" mi="0" ci="1" mb="0" cb="0"/><line nr="79" mi="0" ci="3" mb="0" cb="0"/><line nr="80" mi="0" ci="6" mb="0" cb="4"/><line nr="81" mi="0" ci="5" mb="0" cb="0"/><line nr="82" mi="0" ci="3" mb="0" cb="0"/><line nr="84" mi="0" ci="4" mb="0" cb="0"/><line nr="85" mi="0" ci="2" mb="0" cb="0"/><line nr="87" mi="0" ci="3" mb="1" cb="1"/><line nr="88" mi="0" ci="5" mb="0" cb="0"/><line nr="90" mi="0" ci="6" mb="0" cb="0"/><line nr="94" mi="0" ci="3" mb="0" cb="0"/><line nr="95" mi="0" ci="3" mb="0" cb="0"/><line nr="96" mi="0" ci="4" mb="1" cb="3"/><line nr="100" mi="0" ci="4" mb="0" cb="0"/><line nr="102" mi="0" ci="2" mb="1" cb="1"/><line nr="104" mi="2" ci="0" mb="0" cb="0"/><line nr="106" mi="0" ci="2" mb="1" cb="1"/><line nr="107" mi="2" ci="0" mb="0" cb="0"/><line nr="109" mi="0" ci="6" mb="0" cb="0"/><line nr="113" mi="0" ci="3" mb="0" cb="2"/><line nr="114" mi="0" ci="2" mb="0" cb="0"/><line nr="116" mi="0" ci="8" mb="0" cb="2"/><line nr="117" mi="0" ci="5" mb="0" cb="2"/><line nr="118" mi="0" ci="2" mb="0" cb="0"/><line nr="121" mi="0" ci="2" mb="0" cb="0"/><line nr="126" mi="0" ci="5" mb="0" cb="0"/><line nr="127" mi="0" ci="5" mb="0" cb="0"/><line nr="128" mi="0" ci="5" mb="0" cb="2"/><line nr="129" mi="0" ci="6" mb="0" cb="0"/><line nr="131" mi="0" ci="4" mb="0" cb="0"/><line nr="143" mi="0" ci="4" mb="0" cb="0"/><line nr="144" mi="0" ci="9" mb="2" cb="6"/><line nr="145" mi="0" ci="2" mb="0" cb="0"/><line nr="146" mi="0" ci="2" mb="0" cb="0"/><line nr="147" mi="2" ci="0" mb="0" cb="0"/><line nr="148" mi="0" ci="2" mb="0" cb="0"/><line nr="149" mi="0" ci="2" mb="0" cb="0"/><line nr="150" mi="0" ci="2" mb="0" cb="0"/><line nr="151" mi="0" ci="2" mb="0" cb="0"/><line nr="152" mi="1" ci="0" mb="0" cb="0"/><counter type="INSTRUCTION" missed="7" covered="246"/><counter type="BRANCH" missed="8" covered="48"/><counter type="LINE" missed="4" covered="63"/><counter type="COMPLEXITY" missed="8" covered="30"/><counter type="METHOD" missed="0" covered="7"/><counter type="CLASS" missed="0" covered="1"/></sourcefile><sourcefile name="PomScanner.java"><line nr="52" mi="0" ci="4" mb="0" cb="0"/><line nr="65" mi="0" ci="3" mb="0" cb="0"/><line nr="66" mi="0" ci="7" mb="0" cb="0"/><line nr="67" mi="1" ci="0" mb="0" cb="0"/><line nr="68" mi="8" ci="0" mb="0" cb="0"/><line nr="80" mi="0" ci="8" mb="0" cb="0"/><line nr="81" mi="0" ci="2" mb="0" cb="0"/><line nr="82" mi="0" ci="5" mb="0" cb="0"/><line nr="83" mi="5" ci="3" mb="0" cb="0"/><line nr="85" mi="0" ci="3" mb="0" cb="0"/><line nr="86" mi="0" ci="5" mb="1" cb="1"/><line nr="87" mi="3" ci="0" mb="0" cb="0"/><line nr="89" mi="4" ci="0" mb="0" cb="0"/><line nr="92" mi="0" ci="3" mb="0" cb="0"/><line nr="93" mi="0" ci="3" mb="0" cb="0"/><line nr="94" mi="0" ci="4" mb="0" cb="0"/><line nr="95" mi="0" ci="4" mb="0" cb="0"/><line nr="98" mi="0" ci="5" mb="0" cb="0"/><line nr="101" mi="0" ci="12" mb="0" cb="2"/><line nr="102" mi="0" ci="12" mb="0" cb="2"/><line nr="103" mi="0" ci="4" mb="0" cb="0"/><line nr="104" mi="0" ci="3" mb="0" cb="0"/><line nr="105" mi="0" ci="6" mb="0" cb="0"/><line nr="107" mi="0" ci="1" mb="0" cb="0"/><line nr="108" mi="0" ci="1" mb="0" cb="0"/><line nr="110" mi="0" ci="8" mb="0" cb="0"/><line nr="117" mi="0" ci="4" mb="0" cb="0"/><line nr="118" mi="0" ci="3" mb="0" cb="2"/><line nr="119" mi="0" ci="2" mb="0" cb="0"/><line nr="121" mi="0" ci="4" mb="0" cb="0"/><line nr="122" mi="0" ci="7" mb="0" cb="0"/><line nr="123" mi="0" ci="7" mb="0" cb="0"/><line nr="124" mi="0" ci="7" mb="0" cb="0"/><line nr="125" mi="0" ci="6" mb="3" cb="3"/><line nr="126" mi="2" ci="0" mb="0" cb="0"/><line nr="128" mi="0" ci="7" mb="0" cb="0"/><line nr="132" mi="0" ci="4" mb="0" cb="0"/><line nr="133" mi="0" ci="4" mb="0" cb="0"/><line nr="134" mi="0" ci="3" mb="0" cb="2"/><line nr="135" mi="0" ci="2" mb="0" cb="0"/><line nr="138" mi="0" ci="14" mb="1" cb="3"/><line nr="139" mi="0" ci="5" mb="0" cb="0"/><line nr="140" mi="1" ci="0" mb="0" cb="0"/><line nr="141" mi="0" ci="6" mb="1" cb="1"/><line nr="142" mi="0" ci="6" mb="0" cb="0"/><line nr="143" mi="0" ci="6" mb="0" cb="0"/><line nr="145" mi="0" ci="1" mb="0" cb="0"/><line nr="146" mi="0" ci="2" mb="0" cb="0"/><line nr="153" mi="0" ci="12" mb="0" cb="2"/><line nr="154" mi="0" ci="12" mb="0" cb="2"/><line nr="155" mi="0" ci="6" mb="0" cb="0"/><line nr="157" mi="0" ci="1" mb="0" cb="0"/><line nr="158" mi="0" ci="1" mb="0" cb="0"/><line nr="160" mi="0" ci="12" mb="0" cb="2"/><line nr="161" mi="0" ci="12" mb="0" cb="2"/><line nr="162" mi="0" ci="12" mb="0" cb="2"/><line nr="163" mi="0" ci="6" mb="0" cb="0"/><line nr="165" mi="0" ci="1" mb="0" cb="0"/><line nr="166" mi="0" ci="1" mb="0" cb="0"/><line nr="167" mi="0" ci="1" mb="0" cb="0"/><line nr="169" mi="0" ci="12" mb="0" cb="2"/><line nr="170" mi="0" ci="12" mb="0" cb="2"/><line nr="171" mi="0" ci="12" mb="0" cb="2"/><line nr="172" mi="0" ci="6" mb="0" cb="0"/><line nr="174" mi="0" ci="1" mb="0" cb="0"/><line nr="175" mi="0" ci="1" mb="0" cb="0"/><line nr="176" mi="0" ci="12" mb="0" cb="2"/><line nr="177" mi="0" ci="12" mb="0" cb="2"/><line nr="178" mi="0" ci="12" mb="0" cb="2"/><line nr="179" mi="0" ci="6" mb="0" cb="0"/><line nr="182" mi="0" ci="1" mb="0" cb="0"/><line nr="183" mi="0" ci="1" mb="0" cb="0"/><line nr="184" mi="0" ci="1" mb="0" cb="0"/><line nr="185" mi="0" ci="1" mb="0" cb="0"/><line nr="186" mi="0" ci="1" mb="0" cb="0"/><line nr="191" mi="0" ci="7" mb="0" cb="0"/><line nr="192" mi="0" ci="7" mb="0" cb="0"/><line nr="193" mi="0" ci="7" mb="0" cb="0"/><line nr="194" mi="0" ci="6" mb="2" cb="4"/><line nr="195" mi="0" ci="1" mb="0" cb="0"/><line nr="200" mi="0" ci="3" mb="0" cb="0"/><line nr="201" mi="0" ci="2" mb="0" cb="2"/><line nr="202" mi="0" ci="3" mb="0" cb="0"/><line nr="203" mi="0" ci="13" mb="0" cb="0"/><line nr="204" mi="0" ci="3" mb="0" cb="0"/><line nr="206" mi="0" ci="10" mb="0" cb="0"/><line nr="209" mi="0" ci="1" mb="0" cb="0"/><line nr="220" mi="0" ci="2" mb="1" cb="1"/><line nr="221" mi="2" ci="0" mb="0" cb="0"/><line nr="223" mi="0" ci="3" mb="0" cb="0"/><line nr="224" mi="0" ci="10" mb="0" cb="4"/><line nr="225" mi="0" ci="6" mb="1" cb="1"/><line nr="226" mi="0" ci="8" mb="0" cb="0"/><line nr="227" mi="0" ci="7" mb="2" cb="2"/><line nr="228" mi="2" ci="0" mb="0" cb="0"/><line nr="230" mi="0" ci="2" mb="0" cb="0"/><line nr="232" mi="0" ci="2" mb="0" cb="0"/><line nr="247" mi="0" ci="12" mb="0" cb="0"/><line nr="259" mi="0" ci="15" mb="0" cb="0"/><line nr="292" mi="0" ci="14" mb="0" cb="0"/><line nr="293" mi="0" ci="2" mb="1" cb="1"/><line nr="294" mi="2" ci="3" mb="0" cb="0"/><line nr="295" mi="0" ci="2" mb="1" cb="1"/><line nr="296" mi="2" ci="3" mb="0" cb="0"/><line nr="297" mi="0" ci="2" mb="1" cb="1"/><line nr="298" mi="2" ci="3" mb="0" cb="0"/><line nr="299" mi="0" ci="1" mb="0" cb="0"/><line nr="304" mi="0" ci="3" mb="0" cb="0"/><counter type="INSTRUCTION" missed="34" covered="537"/><counter type="BRANCH" missed="15" covered="55"/><counter type="LINE" missed="8" covered="100"/><counter type="COMPLEXITY" missed="16" covered="33"/><counter type="METHOD" missed="1" covered="13"/><counter type="CLASS" missed="0" covered="4"/></sourcefile><sourcefile name="PomScanException.java"><line nr="21" mi="3" ci="0" mb="0" cb="0"/><line nr="22" mi="1" ci="0" mb="0" cb="0"/><line nr="31" mi="4" ci="0" mb="0" cb="0"/><line nr="32" mi="1" ci="0" mb="0" cb="0"/><counter type="INSTRUCTION" missed="9" covered="0"/><counter type="LINE" missed="4" covered="0"/><counter type="COMPLEXITY" missed="2" covered="0"/><counter type="METHOD" missed="2" covered="0"/><counter type="CLASS" missed="1" covered="0"/></sourcefile><sourcefile name="VersionUpgradePlanBuilder.java"><line nr="74" mi="0" ci="2" mb="0" cb="0"/><line nr="75" mi="0" ci="3" mb="0" cb="0"/><line nr="76" mi="0" ci="3" mb="0" cb="0"/><line nr="77" mi="0" ci="1" mb="0" cb="0"/><line nr="92" mi="0" ci="5" mb="0" cb="0"/><line nr="93" mi="0" ci="4" mb="0" cb="0"/><line nr="94" mi="0" ci="5" mb="0" cb="0"/><line nr="95" mi="0" ci="4" mb="0" cb="0"/><line nr="96" mi="0" ci="12" mb="0" cb="0"/><line nr="115" mi="0" ci="4" mb="0" cb="0"/><line nr="116" mi="0" ci="6" mb="0" cb="0"/><line nr="117" mi="0" ci="11" mb="0" cb="2"/><line nr="118" mi="0" ci="8" mb="0" cb="0"/><line nr="119" mi="0" ci="6" mb="0" cb="0"/><line nr="120" mi="0" ci="6" mb="0" cb="0"/><line nr="121" mi="0" ci="1" mb="0" cb="0"/><line nr="122" mi="0" ci="3" mb="0" cb="0"/><line nr="123" mi="0" ci="12" mb="0" cb="0"/><line nr="131" mi="0" ci="3" mb="0" cb="0"/><line nr="133" mi="0" ci="5" mb="0" cb="0"/><line nr="134" mi="0" ci="4" mb="0" cb="0"/><line nr="135" mi="0" ci="4" mb="0" cb="0"/><line nr="137" mi="0" ci="8" mb="0" cb="0"/><line nr="142" mi="0" ci="2" mb="0" cb="2"/><line nr="143" mi="0" ci="2" mb="0" cb="0"/><line nr="145" mi="0" ci="5" mb="0" cb="0"/><line nr="146" mi="0" ci="3" mb="0" cb="0"/><line nr="147" mi="0" ci="5" mb="0" cb="0"/><line nr="152" mi="0" ci="7" mb="0" cb="3"/><line nr="153" mi="0" ci="3" mb="0" cb="0"/><line nr="154" mi="0" ci="4" mb="0" cb="0"/><line nr="155" mi="0" ci="4" mb="0" cb="0"/><line nr="157" mi="0" ci="3" mb="1" cb="1"/><line nr="158" mi="2" ci="0" mb="0" cb="0"/><line nr="159" mi="0" ci="4" mb="0" cb="0"/><line nr="161" mi="0" ci="3" mb="0" cb="0"/><line nr="162" mi="0" ci="5" mb="1" cb="1"/><line nr="163" mi="2" ci="0" mb="0" cb="0"/><line nr="165" mi="0" ci="3" mb="0" cb="0"/><line nr="166" mi="0" ci="4" mb="0" cb="0"/><line nr="167" mi="0" ci="4" mb="0" cb="0"/><line nr="168" mi="0" ci="3" mb="0" cb="0"/><line nr="171" mi="0" ci="5" mb="0" cb="0"/><line nr="172" mi="0" ci="4" mb="0" cb="0"/><line nr="173" mi="0" ci="1" mb="0" cb="0"/><line nr="174" mi="0" ci="2" mb="0" cb="2"/><line nr="175" mi="0" ci="2" mb="0" cb="0"/><line nr="177" mi="0" ci="3" mb="0" cb="0"/><line nr="178" mi="0" ci="4" mb="0" cb="0"/><line nr="179" mi="0" ci="6" mb="0" cb="0"/><line nr="187" mi="0" ci="4" mb="0" cb="0"/><line nr="189" mi="0" ci="12" mb="0" cb="2"/><line nr="190" mi="0" ci="4" mb="0" cb="0"/><line nr="191" mi="0" ci="4" mb="0" cb="0"/><line nr="192" mi="0" ci="6" mb="0" cb="0"/><line nr="193" mi="0" ci="2" mb="1" cb="1"/><line nr="198" mi="1" ci="0" mb="0" cb="0"/><line nr="200" mi="0" ci="6" mb="0" cb="0"/><line nr="202" mi="0" ci="2" mb="0" cb="2"/><line nr="203" mi="0" ci="4" mb="0" cb="0"/><line nr="205" mi="0" ci="1" mb="0" cb="0"/><line nr="206" mi="0" ci="2" mb="0" cb="0"/><line nr="212" mi="0" ci="2" mb="0" cb="0"/><line nr="213" mi="0" ci="2" mb="0" cb="0"/><line nr="214" mi="0" ci="2" mb="0" cb="0"/><line nr="215" mi="0" ci="2" mb="0" cb="0"/><line nr="216" mi="0" ci="10" mb="0" cb="2"/><line nr="217" mi="0" ci="5" mb="0" cb="0"/><line nr="218" mi="0" ci="3" mb="0" cb="0"/><line nr="219" mi="0" ci="7" mb="2" cb="1"/><line nr="220" mi="2" ci="0" mb="0" cb="0"/><line nr="221" mi="3" ci="0" mb="0" cb="0"/><line nr="223" mi="0" ci="5" mb="0" cb="0"/><line nr="224" mi="0" ci="4" mb="0" cb="0"/><line nr="226" mi="0" ci="6" mb="0" cb="2"/><line nr="229" mi="0" ci="2" mb="0" cb="2"/><line nr="230" mi="0" ci="3" mb="0" cb="0"/><line nr="231" mi="0" ci="2" mb="0" cb="0"/><line nr="232" mi="0" ci="4" mb="0" cb="0"/><line nr="233" mi="0" ci="8" mb="2" cb="2"/><line nr="235" mi="0" ci="2" mb="1" cb="1"/><line nr="236" mi="0" ci="2" mb="0" cb="0"/><line nr="237" mi="0" ci="1" mb="0" cb="0"/><line nr="239" mi="0" ci="1" mb="0" cb="0"/><line nr="240" mi="0" ci="2" mb="0" cb="2"/><line nr="241" mi="0" ci="10" mb="0" cb="0"/><line nr="246" mi="0" ci="6" mb="2" cb="1"/><line nr="247" mi="6" ci="0" mb="0" cb="0"/><line nr="250" mi="2" ci="0" mb="2" cb="0"/><line nr="251" mi="5" ci="0" mb="0" cb="0"/><line nr="252" mi="4" ci="0" mb="2" cb="0"/><line nr="253" mi="2" ci="0" mb="0" cb="0"/><line nr="254" mi="9" ci="0" mb="0" cb="0"/><line nr="257" mi="0" ci="4" mb="0" cb="2"/><line nr="258" mi="0" ci="2" mb="0" cb="0"/><line nr="259" mi="0" ci="8" mb="0" cb="0"/><line nr="267" mi="0" ci="4" mb="0" cb="0"/><line nr="268" mi="0" ci="11" mb="0" cb="2"/><line nr="269" mi="0" ci="5" mb="0" cb="0"/><line nr="270" mi="0" ci="3" mb="0" cb="0"/><line nr="271" mi="0" ci="5" mb="0" cb="0"/><line nr="272" mi="0" ci="2" mb="1" cb="1"/><line nr="273" mi="0" ci="4" mb="0" cb="0"/><line nr="275" mi="0" ci="1" mb="0" cb="0"/><line nr="276" mi="0" ci="2" mb="0" cb="0"/><line nr="281" mi="0" ci="7" mb="2" cb="1"/><line nr="282" mi="3" ci="0" mb="0" cb="0"/><line nr="283" mi="6" ci="0" mb="0" cb="0"/><line nr="284" mi="4" ci="0" mb="0" cb="0"/><line nr="286" mi="3" ci="0" mb="2" cb="0"/><line nr="287" mi="6" ci="0" mb="0" cb="0"/><line nr="289" mi="3" ci="0" mb="0" cb="0"/><line nr="290" mi="5" ci="0" mb="2" cb="0"/><line nr="291" mi="2" ci="0" mb="0" cb="0"/><line nr="293" mi="5" ci="0" mb="0" cb="0"/><line nr="294" mi="8" ci="0" mb="0" cb="0"/><line nr="295" mi="3" ci="0" mb="0" cb="0"/><line nr="298" mi="0" ci="5" mb="0" cb="0"/><line nr="299" mi="0" ci="5" mb="0" cb="0"/><line nr="300" mi="0" ci="2" mb="1" cb="1"/><line nr="301" mi="2" ci="0" mb="0" cb="0"/><line nr="303" mi="0" ci="5" mb="0" cb="0"/><line nr="304" mi="0" ci="10" mb="0" cb="0"/><line nr="326" mi="0" ci="3" mb="0" cb="0"/><line nr="327" mi="0" ci="10" mb="0" cb="2"/><line nr="328" mi="0" ci="6" mb="0" cb="0"/><line nr="329" mi="0" ci="3" mb="0" cb="0"/><line nr="330" mi="0" ci="4" mb="0" cb="0"/><line nr="331" mi="0" ci="3" mb="0" cb="0"/><line nr="332" mi="0" ci="1" mb="0" cb="0"/><line nr="333" mi="0" ci="3" mb="0" cb="0"/><line nr="334" mi="0" ci="5" mb="0" cb="0"/><line nr="335" mi="0" ci="16" mb="0" cb="2"/><line nr="336" mi="0" ci="12" mb="0" cb="0"/><line nr="338" mi="0" ci="3" mb="0" cb="0"/><line nr="339" mi="1" ci="0" mb="0" cb="0"/><line nr="340" mi="6" ci="0" mb="0" cb="0"/><counter type="INSTRUCTION" missed="95" covered="503"/><counter type="BRANCH" missed="22" covered="40"/><counter type="LINE" missed="25" covered="112"/><counter type="COMPLEXITY" missed="18" covered="26"/><counter type="METHOD" missed="0" covered="11"/><counter type="CLASS" missed="0" covered="1"/></sourcefile><sourcefile name="SessionCandidateVersionResolver.java"><line nr="42" mi="2" ci="0" mb="0" cb="0"/><line nr="43" mi="3" ci="0" mb="0" cb="0"/><line nr="44" mi="6" ci="0" mb="0" cb="0"/><line nr="45" mi="3" ci="0" mb="2" cb="0"/><line nr="46" mi="5" ci="0" mb="0" cb="0"/><line nr="49" mi="1" ci="0" mb="0" cb="0"/><line nr="56" mi="4" ci="0" mb="0" cb="0"/><line nr="59" mi="5" ci="0" mb="0" cb="0"/><line nr="60" mi="1" ci="0" mb="0" cb="0"/><line nr="61" mi="8" ci="0" mb="0" cb="0"/><line nr="64" mi="1" ci="0" mb="0" cb="0"/><line nr="68" mi="7" ci="0" mb="0" cb="0"/><line nr="69" mi="1" ci="0" mb="0" cb="0"/><line nr="70" mi="8" ci="0" mb="0" cb="0"/><line nr="73" mi="1" ci="0" mb="0" cb="0"/><line nr="75" mi="3" ci="0" mb="0" cb="0"/><line nr="76" mi="5" ci="0" mb="4" cb="0"/><line nr="77" mi="2" ci="0" mb="0" cb="0"/><line nr="80" mi="6" ci="0" mb="0" cb="0"/><line nr="81" mi="10" ci="0" mb="2" cb="0"/><line nr="82" mi="3" ci="0" mb="0" cb="0"/><line nr="83" mi="4" ci="0" mb="2" cb="0"/><line nr="84" mi="1" ci="0" mb="0" cb="0"/><line nr="86" mi="4" ci="0" mb="0" cb="0"/><line nr="87" mi="1" ci="0" mb="0" cb="0"/><line nr="89" mi="3" ci="0" mb="0" cb="0"/><line nr="90" mi="2" ci="0" mb="0" cb="0"/><counter type="INSTRUCTION" missed="100" covered="0"/><counter type="BRANCH" missed="10" covered="0"/><counter type="LINE" missed="27" covered="0"/><counter type="COMPLEXITY" missed="7" covered="0"/><counter type="METHOD" missed="2" covered="0"/><counter type="CLASS" missed="1" covered="0"/></sourcefile><sourcefile name="CandidateVersionResolver.java"><line nr="57" mi="0" ci="6" mb="0" cb="0"/><line nr="59" mi="0" ci="2" mb="0" cb="0"/><line nr="60" mi="0" ci="10" mb="0" cb="2"/><line nr="61" mi="0" ci="5" mb="0" cb="2"/><line nr="62" mi="0" ci="2" mb="0" cb="2"/><line nr="64" mi="0" ci="1" mb="0" cb="0"/><line nr="66" mi="0" ci="5" mb="0" cb="2"/><line nr="67" mi="0" ci="2" mb="0" cb="2"/><line nr="69" mi="0" ci="2" mb="0" cb="0"/><line nr="71" mi="0" ci="1" mb="0" cb="0"/><line nr="72" mi="0" ci="2" mb="0" cb="0"/><counter type="INSTRUCTION" missed="0" covered="38"/><counter type="BRANCH" missed="0" covered="10"/><counter type="LINE" missed="0" covered="11"/><counter type="COMPLEXITY" missed="0" covered="6"/><counter type="METHOD" missed="0" covered="1"/><counter type="CLASS" missed="0" covered="1"/></sourcefile><sourcefile name="VersionUpgradeApplyException.java"><line nr="22" mi="0" ci="3" mb="0" cb="0"/><line nr="23" mi="0" ci="1" mb="0" cb="0"/><line nr="32" mi="4" ci="0" mb="0" cb="0"/><line nr="33" mi="1" ci="0" mb="0" cb="0"/><counter type="INSTRUCTION" missed="5" covered="4"/><counter type="LINE" missed="2" covered="2"/><counter type="COMPLEXITY" missed="1" covered="1"/><counter type="METHOD" missed="1" covered="1"/><counter type="CLASS" missed="0" covered="1"/></sourcefile><sourcefile name="VersionUpgradePlanApplier.java"><line nr="55" mi="0" ci="5" mb="0" cb="0"/><line nr="72" mi="3" ci="0" mb="0" cb="0"/><line nr="73" mi="6" ci="0" mb="0" cb="0"/><line nr="74" mi="4" ci="0" mb="0" cb="0"/><line nr="75" mi="3" ci="0" mb="2" cb="0"/><line nr="76" mi="7" ci="0" mb="0" cb="0"/><line nr="78" mi="3" ci="0" mb="0" cb="0"/><line nr="79" mi="1" ci="0" mb="0" cb="0"/><line nr="80" mi="8" ci="0" mb="0" cb="0"/><line nr="95" mi="0" ci="8" mb="0" cb="0"/><line nr="96" mi="0" ci="2" mb="0" cb="0"/><line nr="97" mi="0" ci="5" mb="0" cb="0"/><line nr="98" mi="5" ci="3" mb="0" cb="0"/><line nr="100" mi="0" ci="3" mb="0" cb="0"/><line nr="102" mi="0" ci="2" mb="0" cb="0"/><line nr="108" mi="0" ci="4" mb="0" cb="2"/><line nr="109" mi="0" ci="4" mb="0" cb="2"/><line nr="110" mi="0" ci="5" mb="0" cb="0"/><line nr="111" mi="0" ci="1" mb="0" cb="0"/><line nr="115" mi="0" ci="11" mb="0" cb="2"/><line nr="116" mi="0" ci="4" mb="1" cb="1"/><line nr="117" mi="1" ci="0" mb="0" cb="0"/><line nr="119" mi="0" ci="4" mb="0" cb="0"/><line nr="120" mi="0" ci="1" mb="0" cb="0"/><line nr="121" mi="0" ci="1" mb="0" cb="0"/><line nr="124" mi="0" ci="11" mb="0" cb="2"/><line nr="125" mi="0" ci="4" mb="1" cb="1"/><line nr="126" mi="1" ci="0" mb="0" cb="0"/><line nr="128" mi="0" ci="4" mb="0" cb="0"/><line nr="129" mi="0" ci="1" mb="0" cb="0"/><line nr="130" mi="0" ci="1" mb="0" cb="0"/><line nr="132" mi="0" ci="4" mb="0" cb="0"/><line nr="133" mi="0" ci="7" mb="0" cb="0"/><line nr="140" mi="0" ci="4" mb="0" cb="0"/><line nr="141" mi="0" ci="3" mb="1" cb="1"/><line nr="142" mi="5" ci="0" mb="0" cb="0"/><line nr="146" mi="0" ci="4" mb="0" cb="0"/><line nr="147" mi="0" ci="7" mb="0" cb="0"/><line nr="148" mi="0" ci="7" mb="0" cb="0"/><line nr="149" mi="0" ci="6" mb="1" cb="1"/><line nr="150" mi="0" ci="4" mb="0" cb="2"/><line nr="151" mi="0" ci="5" mb="0" cb="0"/><line nr="154" mi="0" ci="6" mb="0" cb="0"/><line nr="158" mi="0" ci="4" mb="0" cb="0"/><line nr="159" mi="5" ci="3" mb="0" cb="0"/><line nr="162" mi="0" ci="8" mb="0" cb="2"/><line nr="163" mi="0" ci="3" mb="0" cb="0"/><line nr="165" mi="0" ci="5" mb="0" cb="0"/><line nr="167" mi="0" ci="4" mb="0" cb="0"/><line nr="171" mi="0" ci="5" mb="0" cb="0"/><line nr="172" mi="0" ci="5" mb="0" cb="0"/><line nr="173" mi="0" ci="5" mb="0" cb="0"/><line nr="178" mi="0" ci="4" mb="0" cb="0"/><line nr="179" mi="5" ci="3" mb="0" cb="0"/><line nr="182" mi="0" ci="6" mb="0" cb="0"/><line nr="183" mi="0" ci="7" mb="0" cb="0"/><line nr="185" mi="0" ci="3" mb="0" cb="0"/><line nr="187" mi="0" ci="5" mb="0" cb="2"/><line nr="188" mi="0" ci="3" mb="0" cb="0"/><line nr="189" mi="0" ci="3" mb="0" cb="0"/><line nr="190" mi="0" ci="2" mb="0" cb="0"/><line nr="191" mi="0" ci="5" mb="0" cb="0"/><line nr="193" mi="0" ci="4" mb="0" cb="0"/><line nr="197" mi="0" ci="5" mb="0" cb="0"/><line nr="198" mi="0" ci="5" mb="0" cb="0"/><line nr="200" mi="0" ci="5" mb="0" cb="0"/><line nr="205" mi="0" ci="4" mb="0" cb="0"/><line nr="206" mi="0" ci="2" mb="0" cb="2"/><line nr="207" mi="0" ci="3" mb="0" cb="0"/><line nr="209" mi="0" ci="2" mb="0" cb="0"/><line nr="210" mi="0" ci="2" mb="0" cb="0"/><line nr="211" mi="0" ci="4" mb="0" cb="0"/><line nr="215" mi="0" ci="6" mb="0" cb="0"/><line nr="216" mi="0" ci="7" mb="0" cb="0"/><line nr="218" mi="0" ci="6" mb="0" cb="0"/><line nr="229" mi="0" ci="7" mb="0" cb="0"/><line nr="234" mi="0" ci="4" mb="0" cb="0"/><line nr="236" mi="0" ci="7" mb="0" cb="2"/><line nr="237" mi="0" ci="5" mb="1" cb="1"/><line nr="238" mi="0" ci="2" mb="1" cb="1"/><line nr="239" mi="0" ci="4" mb="0" cb="0"/><line nr="240" mi="0" ci="4" mb="1" cb="1"/><line nr="241" mi="0" ci="4" mb="1" cb="1"/><line nr="242" mi="0" ci="5" mb="0" cb="0"/><line nr="243" mi="0" ci="10" mb="0" cb="0"/><line nr="244" mi="0" ci="4" mb="0" cb="0"/><line nr="247" mi="0" ci="3" mb="1" cb="1"/><line nr="248" mi="4" ci="0" mb="0" cb="0"/><line nr="250" mi="0" ci="11" mb="0" cb="2"/><line nr="251" mi="0" ci="6" mb="0" cb="2"/><line nr="252" mi="0" ci="5" mb="0" cb="0"/><line nr="253" mi="0" ci="2" mb="0" cb="2"/><line nr="254" mi="0" ci="4" mb="0" cb="0"/><line nr="257" mi="0" ci="1" mb="0" cb="0"/><line nr="258" mi="0" ci="4" mb="0" cb="0"/><line nr="260" mi="0" ci="7" mb="0" cb="0"/><line nr="266" mi="0" ci="11" mb="1" cb="1"/><line nr="267" mi="1" ci="7" mb="1" cb="1"/><line nr="268" mi="0" ci="3" mb="0" cb="0"/><line nr="279" mi="0" ci="2" mb="0" cb="0"/><line nr="280" mi="0" ci="9" mb="0" cb="2"/><line nr="281" mi="0" ci="5" mb="0" cb="0"/><line nr="282" mi="0" ci="7" mb="0" cb="0"/><line nr="283" mi="0" ci="5" mb="0" cb="0"/><line nr="284" mi="0" ci="7" mb="0" cb="0"/><line nr="286" mi="0" ci="2" mb="0" cb="0"/><line nr="291" mi="0" ci="3" mb="1" cb="1"/><line nr="292" mi="2" ci="0" mb="0" cb="0"/><line nr="294" mi="0" ci="3" mb="0" cb="0"/><line nr="295" mi="0" ci="4" mb="0" cb="0"/><line nr="296" mi="0" ci="11" mb="0" cb="2"/><line nr="297" mi="0" ci="9" mb="0" cb="2"/><line nr="298" mi="0" ci="1" mb="0" cb="0"/><line nr="299" mi="0" ci="4" mb="0" cb="0"/><line nr="310" mi="0" ci="9" mb="0" cb="0"/><line nr="313" mi="0" ci="12" mb="0" cb="0"/><counter type="INSTRUCTION" missed="64" covered="492"/><counter type="BRANCH" missed="14" covered="42"/><counter type="LINE" missed="13" covered="103"/><counter type="COMPLEXITY" missed="17" covered="29"/><counter type="METHOD" missed="4" covered="14"/><counter type="CLASS" missed="0" covered="3"/></sourcefile><sourcefile name="VersionResolverFailureException.java"><line nr="24" mi="4" ci="0" mb="0" cb="0"/><line nr="25" mi="1" ci="0" mb="0" cb="0"/><counter type="INSTRUCTION" missed="5" covered="0"/><counter type="LINE" missed="2" covered="0"/><counter type="COMPLEXITY" missed="1" covered="0"/><counter type="METHOD" missed="1" covered="0"/><counter type="CLASS" missed="1" covered="0"/></sourcefile><counter type="INSTRUCTION" missed="319" covered="1820"/><counter type="BRANCH" missed="69" covered="195"/><counter type="LINE" missed="85" covered="391"/><counter type="COMPLEXITY" missed="70" covered="125"/><counter type="METHOD" missed="11" covered="47"/><counter type="CLASS" missed="3" covered="11"/></package><counter type="INSTRUCTION" missed="632" covered="1820"/><counter type="BRANCH" missed="113" covered="195"/><counter type="LINE" missed="162" covered="391"/><counter type="COMPLEXITY" missed="105" covered="125"/><counter type="METHOD" missed="24" covered="47"/><counter type="CLASS" missed="7" covered="11"/></report>