<?xml version="1.0" encoding="UTF-8" standalone="yes"?><!DOCTYPE report PUBLIC "-//JACOCO//DTD Report 1.1//EN" "report.dtd"><report name="IKE Workspace Model"><sessioninfo id="Komet-MacBook-16.local-be925426" start="1778614336639" dump="1778614342195"/><sessioninfo id="Komet-MacBook-16.local-4d09a441" start="1778614357292" dump="1778614363319"/><package name="network/ike/workspace"><class name="network/ike/workspace/WorkspaceGraph" sourcefilename="WorkspaceGraph.java"><method name="&lt;init&gt;" desc="(Lnetwork/ike/workspace/Manifest;)V" line="35"><counter type="INSTRUCTION" missed="0" covered="14"/><counter type="LINE" missed="0" covered="5"/><counter type="COMPLEXITY" missed="0" covered="1"/><counter type="METHOD" missed="0" covered="1"/></method><method name="manifest" desc="()Lnetwork/ike/workspace/Manifest;" line="47"><counter type="INSTRUCTION" missed="0" covered="3"/><counter type="LINE" missed="0" covered="1"/><counter type="COMPLEXITY" missed="0" covered="1"/><counter type="METHOD" missed="0" covered="1"/></method><method name="topologicalSort" desc="(Ljava/util/Set;)Ljava/util/List;" line="61"><counter type="INSTRUCTION" missed="16" covered="154"/><counter type="BRANCH" missed="1" covered="21"/><counter type="LINE" missed="3" covered="31"/><counter type="COMPLEXITY" missed="1" covered="11"/><counter type="METHOD" missed="0" covered="1"/></method><method name="topologicalSort" desc="()Ljava/util/List;" line="113"><counter type="INSTRUCTION" missed="0" covered="4"/><counter type="LINE" missed="0" covered="1"/><counter type="COMPLEXITY" missed="0" covered="1"/><counter type="METHOD" missed="0" covered="1"/></method><method name="cascade" desc="(Ljava/lang/String;)Ljava/util/List;" line="129"><counter type="INSTRUCTION" missed="0" covered="73"/><counter type="BRANCH" missed="0" covered="8"/><counter type="LINE" missed="0" covered="17"/><counter type="COMPLEXITY" missed="0" covered="5"/><counter type="METHOD" missed="0" covered="1"/></method><method name="detectCycle" desc="()Ljava/util/List;" line="165"><counter type="INSTRUCTION" missed="1" covered="102"/><counter type="BRANCH" missed="1" covered="13"/><counter type="LINE" missed="0" covered="23"/><counter type="COMPLEXITY" missed="1" covered="7"/><counter type="METHOD" missed="0" covered="1"/></method><method name="reconstructCycle" desc="(Ljava/util/Map;Ljava/lang/String;Ljava/lang/String;)Ljava/util/List;" line="201"><counter type="INSTRUCTION" missed="0" covered="34"/><counter type="BRANCH" missed="0" covered="2"/><counter type="LINE" missed="0" covered="9"/><counter type="COMPLEXITY" missed="0" covered="2"/><counter type="METHOD" missed="0" covered="1"/></method><method name="verify" desc="()Ljava/util/List;" line="222"><counter type="INSTRUCTION" missed="7" covered="54"/><counter type="BRANCH" missed="1" covered="7"/><counter type="LINE" missed="1" covered="11"/><counter type="COMPLEXITY" missed="1" covered="4"/><counter type="METHOD" missed="0" covered="1"/></method><method name="forwardDeps" desc="(Ljava/lang/String;)Ljava/util/List;" line="250"><counter type="INSTRUCTION" missed="0" covered="7"/><counter type="LINE" missed="0" covered="1"/><counter type="COMPLEXITY" missed="0" covered="1"/><counter type="METHOD" missed="0" covered="1"/></method><method name="depsInSet" desc="(Ljava/lang/String;Ljava/util/Set;)Ljava/util/Set;" line="254"><counter type="INSTRUCTION" missed="0" covered="27"/><counter type="BRANCH" missed="0" covered="4"/><counter type="LINE" missed="0" covered="6"/><counter type="COMPLEXITY" missed="0" covered="3"/><counter type="METHOD" missed="0" covered="1"/></method><method name="buildForwardEdges" desc="()Ljava/util/Map;" line="264"><counter type="INSTRUCTION" missed="0" covered="49"/><counter type="BRANCH" missed="0" covered="4"/><counter type="LINE" missed="0" covered="9"/><counter type="COMPLEXITY" missed="0" covered="3"/><counter type="METHOD" missed="0" covered="1"/></method><method name="buildReverseEdges" desc="()Ljava/util/Map;" line="276"><counter type="INSTRUCTION" missed="0" covered="90"/><counter type="BRANCH" missed="0" covered="8"/><counter type="LINE" missed="0" covered="16"/><counter type="COMPLEXITY" missed="0" covered="5"/><counter type="METHOD" missed="0" covered="1"/></method><method name="lambda$buildReverseEdges$0" desc="(Ljava/lang/String;)Ljava/util/List;" line="282"><counter type="INSTRUCTION" missed="0" covered="4"/><counter type="LINE" missed="0" covered="1"/><counter type="COMPLEXITY" missed="0" covered="1"/><counter type="METHOD" missed="0" covered="1"/></method><counter type="INSTRUCTION" missed="24" covered="615"/><counter type="BRANCH" missed="3" covered="67"/><counter type="LINE" missed="4" covered="130"/><counter type="COMPLEXITY" missed="3" covered="45"/><counter type="METHOD" missed="0" covered="13"/><counter type="CLASS" missed="0" covered="1"/></class><class name="network/ike/workspace/DependencyConvergenceAnalysis" sourcefilename="DependencyConvergenceAnalysis.java"><method name="analyze" desc="(Ljava/util/Map;)Ljava/util/List;" line="81"><counter type="INSTRUCTION" missed="1" covered="124"/><counter type="BRANCH" missed="1" covered="13"/><counter type="LINE" missed="0" covered="27"/><counter type="COMPLEXITY" missed="1" covered="7"/><counter type="METHOD" missed="0" covered="1"/></method><method name="formatMarkdownReport" desc="(Ljava/util/List;Ljava/lang/String;)Ljava/lang/String;" line="140"><counter type="INSTRUCTION" missed="0" covered="148"/><counter type="BRANCH" missed="0" covered="8"/><counter type="LINE" missed="0" covered="30"/><counter type="COMPLEXITY" missed="0" covered="5"/><counter type="METHOD" missed="0" covered="1"/></method><method name="lambda$analyze$1" desc="(Lnetwork/ike/workspace/DependencyConvergenceAnalysis$Divergence;Lnetwork/ike/workspace/DependencyConvergenceAnalysis$Divergence;)I" line="122"><counter type="INSTRUCTION" missed="6" covered="0"/><counter type="LINE" missed="1" covered="0"/><counter type="COMPLEXITY" missed="1" covered="0"/><counter type="METHOD" missed="1" covered="0"/></method><method name="lambda$analyze$0" desc="(Ljava/lang/String;)Ljava/util/Map;" line="93"><counter type="INSTRUCTION" missed="0" covered="4"/><counter type="LINE" missed="0" covered="1"/><counter type="COMPLEXITY" missed="0" covered="1"/><counter type="METHOD" missed="0" covered="1"/></method><counter type="INSTRUCTION" missed="7" covered="276"/><counter type="BRANCH" missed="1" covered="21"/><counter type="LINE" missed="0" covered="57"/><counter type="COMPLEXITY" missed="2" covered="13"/><counter type="METHOD" missed="1" covered="3"/><counter type="CLASS" missed="0" covered="1"/></class><class name="network/ike/workspace/VersionUpgradeRulesException" sourcefilename="VersionUpgradeRulesException.java"><method name="&lt;init&gt;" desc="(Ljava/lang/String;)V" line="21"><counter type="INSTRUCTION" missed="0" covered="4"/><counter type="LINE" missed="0" covered="2"/><counter type="COMPLEXITY" missed="0" covered="1"/><counter type="METHOD" missed="0" covered="1"/></method><method name="&lt;init&gt;" desc="(Ljava/lang/String;Ljava/lang/Throwable;)V" line="32"><counter type="INSTRUCTION" missed="0" covered="5"/><counter type="LINE" missed="0" covered="2"/><counter type="COMPLEXITY" missed="0" covered="1"/><counter type="METHOD" missed="0" covered="1"/></method><counter type="INSTRUCTION" missed="0" covered="9"/><counter type="LINE" missed="0" covered="4"/><counter type="COMPLEXITY" missed="0" covered="2"/><counter type="METHOD" missed="0" covered="2"/><counter type="CLASS" missed="0" covered="1"/></class><class name="network/ike/workspace/PropertyVersionUpgrade" sourcefilename="PropertyVersionUpgrade.java"><method name="&lt;init&gt;" desc="(Ljava/lang/String;Ljava/lang/String;Ljava/lang/String;Lnetwork/ike/workspace/VersionUpgradeStatus;Ljava/lang/String;)V" line="25"><counter type="INSTRUCTION" missed="0" covered="18"/><counter type="LINE" missed="0" covered="1"/><counter type="COMPLEXITY" missed="0" covered="1"/><counter type="METHOD" missed="0" covered="1"/></method><counter type="INSTRUCTION" missed="0" covered="18"/><counter type="LINE" missed="0" covered="1"/><counter type="COMPLEXITY" missed="0" covered="1"/><counter type="METHOD" missed="0" covered="1"/><counter type="CLASS" missed="0" covered="1"/></class><class name="network/ike/workspace/MavenVersion" sourcefilename="MavenVersion.java"><method name="&lt;init&gt;" desc="(Ljava/lang/String;)V" line="51"><counter type="INSTRUCTION" missed="0" covered="6"/><counter type="LINE" missed="0" covered="3"/><counter type="COMPLEXITY" missed="0" covered="1"/><counter type="METHOD" missed="0" covered="1"/></method><method name="of" desc="(Ljava/lang/String;)Lnetwork/ike/workspace/MavenVersion;" line="67"><counter type="INSTRUCTION" missed="0" covered="26"/><counter type="BRANCH" missed="0" covered="6"/><counter type="LINE" missed="0" covered="5"/><counter type="COMPLEXITY" missed="0" covered="4"/><counter type="METHOD" missed="0" covered="1"/></method><method name="value" desc="()Ljava/lang/String;" line="87"><counter type="INSTRUCTION" missed="0" covered="3"/><counter type="LINE" missed="0" covered="1"/><counter type="COMPLEXITY" missed="0" covered="1"/><counter type="METHOD" missed="0" covered="1"/></method><method name="isSnapshot" desc="()Z" line="97"><counter type="INSTRUCTION" missed="0" covered="5"/><counter type="LINE" missed="0" covered="1"/><counter type="COMPLEXITY" missed="0" covered="1"/><counter type="METHOD" missed="0" covered="1"/></method><method name="equals" desc="(Ljava/lang/Object;)Z" line="102"><counter type="INSTRUCTION" missed="0" covered="16"/><counter type="BRANCH" missed="0" covered="4"/><counter type="LINE" missed="0" covered="1"/><counter type="COMPLEXITY" missed="0" covered="3"/><counter type="METHOD" missed="0" covered="1"/></method><method name="hashCode" desc="()I" line="107"><counter type="INSTRUCTION" missed="0" covered="9"/><counter type="LINE" missed="0" covered="1"/><counter type="COMPLEXITY" missed="0" covered="1"/><counter type="METHOD" missed="0" covered="1"/></method><method name="toString" desc="()Ljava/lang/String;" line="112"><counter type="INSTRUCTION" missed="3" covered="0"/><counter type="LINE" missed="1" covered="0"/><counter type="COMPLEXITY" missed="1" covered="0"/><counter type="METHOD" missed="1" covered="0"/></method><method name="&lt;clinit&gt;" desc="()V" line="46"><counter type="INSTRUCTION" missed="0" covered="4"/><counter type="LINE" missed="0" covered="2"/><counter type="COMPLEXITY" missed="0" covered="1"/><counter type="METHOD" missed="0" covered="1"/></method><counter type="INSTRUCTION" missed="3" covered="69"/><counter type="BRANCH" missed="0" covered="10"/><counter type="LINE" missed="1" covered="14"/><counter type="COMPLEXITY" missed="1" covered="12"/><counter type="METHOD" missed="1" covered="7"/><counter type="CLASS" missed="0" covered="1"/></class><class name="network/ike/workspace/PublishedArtifactSet" sourcefilename="PublishedArtifactSet.java"><method name="scan" desc="(Ljava/nio/file/Path;)Ljava/util/Set;" line="65"><counter type="INSTRUCTION" missed="2" covered="20"/><counter type="BRANCH" missed="1" covered="1"/><counter type="LINE" missed="1" covered="5"/><counter type="COMPLEXITY" missed="1" covered="1"/><counter type="METHOD" missed="0" covered="1"/></method><method name="matches" desc="(Ljava/util/Set;Ljava/lang/String;Ljava/lang/String;)Z" line="86"><counter type="INSTRUCTION" missed="0" covered="8"/><counter type="LINE" missed="0" covered="1"/><counter type="COMPLEXITY" missed="0" covered="1"/><counter type="METHOD" missed="0" covered="1"/></method><method name="scanPom" desc="(Ljava/nio/file/Path;Ljava/nio/file/Path;Ljava/lang/String;Ljava/util/Set;)V" line="101"><counter type="INSTRUCTION" missed="24" covered="122"/><counter type="BRANCH" missed="9" covered="15"/><counter type="LINE" missed="6" covered="34"/><counter type="COMPLEXITY" missed="8" covered="5"/><counter type="METHOD" missed="0" covered="1"/></method><method name="&lt;clinit&gt;" desc="()V" line="39"><counter type="INSTRUCTION" missed="0" covered="19"/><counter type="LINE" missed="0" covered="12"/><counter type="COMPLEXITY" missed="0" covered="1"/><counter type="METHOD" missed="0" covered="1"/></method><counter type="INSTRUCTION" missed="26" covered="169"/><counter type="BRANCH" missed="10" covered="16"/><counter type="LINE" missed="7" covered="52"/><counter type="COMPLEXITY" missed="9" covered="8"/><counter type="METHOD" missed="0" covered="4"/><counter type="CLASS" missed="0" covered="1"/></class><class name="network/ike/workspace/VersionUpgradeRules" sourcefilename="VersionUpgradeRules.java"><method name="&lt;init&gt;" desc="(Ljava/lang/String;Lnetwork/ike/workspace/VersionUpgradeRule$Action;Ljava/util/List;)V" line="56"><counter type="INSTRUCTION" missed="0" covered="19"/><counter type="BRANCH" missed="0" covered="2"/><counter type="LINE" missed="0" covered="3"/><counter type="COMPLEXITY" missed="0" covered="2"/><counter type="METHOD" missed="0" covered="1"/></method><method name="resolve" desc="(Ljava/lang/String;Ljava/lang/String;)Lnetwork/ike/workspace/VersionUpgradeRule;" line="72"><counter type="INSTRUCTION" missed="0" covered="29"/><counter type="BRANCH" missed="0" covered="4"/><counter type="LINE" missed="0" covered="5"/><counter type="COMPLEXITY" missed="0" covered="3"/><counter type="METHOD" missed="0" covered="1"/></method><method name="allowAll" desc="()Lnetwork/ike/workspace/VersionUpgradeRules;" line="89"><counter type="INSTRUCTION" missed="0" covered="7"/><counter type="LINE" missed="0" covered="2"/><counter type="COMPLEXITY" missed="0" covered="1"/><counter type="METHOD" missed="0" covered="1"/></method><counter type="INSTRUCTION" missed="0" covered="55"/><counter type="BRANCH" missed="0" covered="6"/><counter type="LINE" missed="0" covered="10"/><counter type="COMPLEXITY" missed="0" covered="6"/><counter type="METHOD" missed="0" covered="3"/><counter type="CLASS" missed="0" covered="1"/></class><class name="network/ike/workspace/Defaults" sourcefilename="Defaults.java"><method name="&lt;init&gt;" desc="(Ljava/lang/String;Ljava/lang/String;)V" line="10"><counter type="INSTRUCTION" missed="0" covered="9"/><counter type="LINE" missed="0" covered="1"/><counter type="COMPLEXITY" missed="0" covered="1"/><counter type="METHOD" missed="0" covered="1"/></method><counter type="INSTRUCTION" missed="0" covered="9"/><counter type="LINE" missed="0" covered="1"/><counter type="COMPLEXITY" missed="0" covered="1"/><counter type="METHOD" missed="0" covered="1"/><counter type="CLASS" missed="0" covered="1"/></class><class name="network/ike/workspace/BomAnalysis$BomImport" sourcefilename="BomAnalysis.java"><method name="&lt;init&gt;" desc="(Ljava/lang/String;Ljava/lang/String;Ljava/lang/String;ZLjava/lang/String;I)V" line="54"><counter type="INSTRUCTION" missed="21" covered="0"/><counter type="LINE" missed="1" covered="0"/><counter type="COMPLEXITY" missed="1" covered="0"/><counter type="METHOD" missed="1" covered="0"/></method><counter type="INSTRUCTION" missed="21" covered="0"/><counter type="LINE" missed="1" covered="0"/><counter type="COMPLEXITY" missed="1" covered="0"/><counter type="METHOD" missed="1" covered="0"/><counter type="CLASS" missed="1" covered="0"/></class><class name="network/ike/workspace/BomAnalysis$CascadeIssue" sourcefilename="BomAnalysis.java"><method name="&lt;init&gt;" desc="(Ljava/lang/String;Ljava/lang/String;ZZLjava/util/List;)V" line="68"><counter type="INSTRUCTION" missed="18" covered="0"/><counter type="LINE" missed="1" covered="0"/><counter type="COMPLEXITY" missed="1" covered="0"/><counter type="METHOD" missed="1" covered="0"/></method><method name="canCascade" desc="()Z" line="79"><counter type="INSTRUCTION" missed="10" covered="0"/><counter type="BRANCH" missed="4" covered="0"/><counter type="LINE" missed="1" covered="0"/><counter type="COMPLEXITY" missed="3" covered="0"/><counter type="METHOD" missed="1" covered="0"/></method><counter type="INSTRUCTION" missed="28" covered="0"/><counter type="BRANCH" missed="4" covered="0"/><counter type="LINE" missed="2" covered="0"/><counter type="COMPLEXITY" missed="4" covered="0"/><counter type="METHOD" missed="2" covered="0"/><counter type="CLASS" missed="1" covered="0"/></class><class name="network/ike/workspace/Manifest" sourcefilename="Manifest.java"><method name="&lt;init&gt;" desc="(Ljava/lang/String;Ljava/lang/String;Lnetwork/ike/workspace/Defaults;Lnetwork/ike/workspace/WorkspaceRoot;Ljava/util/Map;Lnetwork/ike/workspace/IdeSettings;)V" line="25"><counter type="INSTRUCTION" missed="0" covered="21"/><counter type="LINE" missed="0" covered="1"/><counter type="COMPLEXITY" missed="0" covered="1"/><counter type="METHOD" missed="0" covered="1"/></method><counter type="INSTRUCTION" missed="0" covered="21"/><counter type="LINE" missed="0" covered="1"/><counter type="COMPLEXITY" missed="0" covered="1"/><counter type="METHOD" missed="0" covered="1"/><counter type="CLASS" missed="0" covered="1"/></class><class name="network/ike/workspace/VersionUpgradePlanReader" sourcefilename="VersionUpgradePlanReader.java"><method name="read" desc="(Ljava/nio/file/Path;)Lnetwork/ike/workspace/VersionUpgradePlan;" line="42"><counter type="INSTRUCTION" missed="17" covered="0"/><counter type="LINE" missed="4" covered="0"/><counter type="COMPLEXITY" missed="1" covered="0"/><counter type="METHOD" missed="1" covered="0"/></method><method name="read" desc="(Ljava/io/Reader;)Lnetwork/ike/workspace/VersionUpgradePlan;" line="57"><counter type="INSTRUCTION" missed="0" covered="19"/><counter type="BRANCH" missed="0" covered="2"/><counter type="LINE" missed="0" covered="5"/><counter type="COMPLEXITY" missed="0" covered="2"/><counter type="METHOD" missed="0" covered="1"/></method><method name="parsePlan" desc="(Ljava/util/Map;)Lnetwork/ike/workspace/VersionUpgradePlan;" line="66"><counter type="INSTRUCTION" missed="0" covered="47"/><counter type="LINE" missed="0" covered="10"/><counter type="COMPLEXITY" missed="0" covered="1"/><counter type="METHOD" missed="0" covered="1"/></method><method name="parseScope" desc="(Ljava/lang/String;)Lnetwork/ike/workspace/VersionUpgradeScope;" line="82"><counter type="INSTRUCTION" missed="0" covered="21"/><counter type="BRANCH" missed="0" covered="2"/><counter type="LINE" missed="0" covered="5"/><counter type="COMPLEXITY" missed="0" covered="2"/><counter type="METHOD" missed="0" covered="1"/></method><method name="parseNodes" desc="(Ljava/util/Map;)Ljava/util/Map;" line="97"><counter type="INSTRUCTION" missed="6" covered="43"/><counter type="BRANCH" missed="2" covered="6"/><counter type="LINE" missed="1" covered="10"/><counter type="COMPLEXITY" missed="2" covered="3"/><counter type="METHOD" missed="0" covered="1"/></method><method name="parseNode" desc="(Ljava/lang/String;Ljava/util/Map;)Lnetwork/ike/workspace/NodeVersionUpgrade;" line="116"><counter type="INSTRUCTION" missed="0" covered="23"/><counter type="LINE" missed="0" covered="6"/><counter type="COMPLEXITY" missed="0" covered="1"/><counter type="METHOD" missed="0" covered="1"/></method><method name="parseParent" desc="(Ljava/util/Map;)Lnetwork/ike/workspace/ParentVersionUpgrade;" line="125"><counter type="INSTRUCTION" missed="0" covered="31"/><counter type="BRANCH" missed="1" covered="3"/><counter type="LINE" missed="0" covered="9"/><counter type="COMPLEXITY" missed="1" covered="2"/><counter type="METHOD" missed="0" covered="1"/></method><method name="parseProperties" desc="(Ljava/util/Map;)Ljava/util/List;" line="139"><counter type="INSTRUCTION" missed="6" covered="59"/><counter type="BRANCH" missed="2" covered="6"/><counter type="LINE" missed="1" covered="14"/><counter type="COMPLEXITY" missed="2" covered="3"/><counter type="METHOD" missed="0" covered="1"/></method><method name="parseLiterals" desc="(Ljava/util/List;)Ljava/util/List;" line="163"><counter type="INSTRUCTION" missed="0" covered="57"/><counter type="BRANCH" missed="1" covered="5"/><counter type="LINE" missed="0" covered="14"/><counter type="COMPLEXITY" missed="1" covered="3"/><counter type="METHOD" missed="0" covered="1"/></method><method name="parseStatus" desc="(Ljava/lang/String;)Lnetwork/ike/workspace/VersionUpgradeStatus;" line="181"><counter type="INSTRUCTION" missed="0" covered="19"/><counter type="LINE" missed="0" covered="4"/><counter type="COMPLEXITY" missed="0" covered="1"/><counter type="METHOD" missed="0" covered="1"/></method><method name="mapField" desc="(Ljava/util/Map;Ljava/lang/String;)Ljava/util/Map;" line="194"><counter type="INSTRUCTION" missed="9" covered="14"/><counter type="BRANCH" missed="1" covered="3"/><counter type="LINE" missed="2" covered="5"/><counter type="COMPLEXITY" missed="1" covered="2"/><counter type="METHOD" missed="0" covered="1"/></method><method name="listOfMaps" desc="(Ljava/util/Map;Ljava/lang/String;)Ljava/util/List;" line="209"><counter type="INSTRUCTION" missed="11" covered="12"/><counter type="BRANCH" missed="2" covered="2"/><counter type="LINE" missed="3" covered="4"/><counter type="COMPLEXITY" missed="2" covered="1"/><counter type="METHOD" missed="0" covered="1"/></method><method name="stringField" desc="(Ljava/util/Map;Ljava/lang/String;Ljava/lang/String;)Ljava/lang/String;" line="223"><counter type="INSTRUCTION" missed="0" covered="11"/><counter type="BRANCH" missed="0" covered="2"/><counter type="LINE" missed="0" covered="4"/><counter type="COMPLEXITY" missed="0" covered="2"/><counter type="METHOD" missed="0" covered="1"/></method><method name="requireString" desc="(Ljava/util/Map;Ljava/lang/String;)Ljava/lang/String;" line="231"><counter type="INSTRUCTION" missed="0" covered="15"/><counter type="BRANCH" missed="0" covered="2"/><counter type="LINE" missed="0" covered="4"/><counter type="COMPLEXITY" missed="0" covered="2"/><counter type="METHOD" missed="0" covered="1"/></method><counter type="INSTRUCTION" missed="49" covered="371"/><counter type="BRANCH" missed="9" covered="33"/><counter type="LINE" missed="11" covered="94"/><counter type="COMPLEXITY" missed="10" covered="25"/><counter type="METHOD" missed="1" covered="13"/><counter type="CLASS" missed="0" covered="1"/></class><class name="network/ike/workspace/DependencyConvergenceAnalysis$Divergence" sourcefilename="DependencyConvergenceAnalysis.java"><method name="&lt;init&gt;" desc="(Ljava/lang/String;Ljava/lang/String;Ljava/util/Map;)V" line="38"><counter type="INSTRUCTION" missed="0" covered="12"/><counter type="LINE" missed="0" covered="1"/><counter type="COMPLEXITY" missed="0" covered="1"/><counter type="METHOD" missed="0" covered="1"/></method><method name="coordinate" desc="()Ljava/lang/String;" line="48"><counter type="INSTRUCTION" missed="0" covered="6"/><counter type="LINE" missed="0" covered="1"/><counter type="COMPLEXITY" missed="0" covered="1"/><counter type="METHOD" missed="0" covered="1"/></method><method name="versionCount" desc="()I" line="57"><counter type="INSTRUCTION" missed="0" covered="4"/><counter type="LINE" missed="0" covered="1"/><counter type="COMPLEXITY" missed="0" covered="1"/><counter type="METHOD" missed="0" covered="1"/></method><counter type="INSTRUCTION" missed="0" covered="22"/><counter type="LINE" missed="0" covered="3"/><counter type="COMPLEXITY" missed="0" covered="3"/><counter type="METHOD" missed="0" covered="3"/><counter type="CLASS" missed="0" covered="1"/></class><class name="network/ike/workspace/SubprojectName" sourcefilename="SubprojectName.java"><method name="&lt;init&gt;" desc="(Ljava/lang/String;)V" line="32"><counter type="INSTRUCTION" missed="0" covered="6"/><counter type="LINE" missed="0" covered="3"/><counter type="COMPLEXITY" missed="0" covered="1"/><counter type="METHOD" missed="0" covered="1"/></method><method name="of" desc="(Ljava/lang/String;)Lnetwork/ike/workspace/SubprojectName;" line="47"><counter type="INSTRUCTION" missed="0" covered="26"/><counter type="BRANCH" missed="0" covered="6"/><counter type="LINE" missed="0" covered="5"/><counter type="COMPLEXITY" missed="0" covered="4"/><counter type="METHOD" missed="0" covered="1"/></method><method name="value" desc="()Ljava/lang/String;" line="67"><counter type="INSTRUCTION" missed="0" covered="3"/><counter type="LINE" missed="0" covered="1"/><counter type="COMPLEXITY" missed="0" covered="1"/><counter type="METHOD" missed="0" covered="1"/></method><method name="equals" desc="(Ljava/lang/Object;)Z" line="72"><counter type="INSTRUCTION" missed="0" covered="16"/><counter type="BRANCH" missed="0" covered="4"/><counter type="LINE" missed="0" covered="1"/><counter type="COMPLEXITY" missed="0" covered="3"/><counter type="METHOD" missed="0" covered="1"/></method><method name="hashCode" desc="()I" line="77"><counter type="INSTRUCTION" missed="0" covered="9"/><counter type="LINE" missed="0" covered="1"/><counter type="COMPLEXITY" missed="0" covered="1"/><counter type="METHOD" missed="0" covered="1"/></method><method name="toString" desc="()Ljava/lang/String;" line="82"><counter type="INSTRUCTION" missed="0" covered="3"/><counter type="LINE" missed="0" covered="1"/><counter type="COMPLEXITY" missed="0" covered="1"/><counter type="METHOD" missed="0" covered="1"/></method><method name="&lt;clinit&gt;" desc="()V" line="27"><counter type="INSTRUCTION" missed="0" covered="4"/><counter type="LINE" missed="0" covered="2"/><counter type="COMPLEXITY" missed="0" covered="1"/><counter type="METHOD" missed="0" covered="1"/></method><counter type="INSTRUCTION" missed="0" covered="67"/><counter type="BRANCH" missed="0" covered="10"/><counter type="LINE" missed="0" covered="14"/><counter type="COMPLEXITY" missed="0" covered="12"/><counter type="METHOD" missed="0" covered="7"/><counter type="CLASS" missed="0" covered="1"/></class><class name="network/ike/workspace/FeatureName" sourcefilename="FeatureName.java"><method name="&lt;init&gt;" desc="(Ljava/lang/String;)V" line="44"><counter type="INSTRUCTION" missed="0" covered="6"/><counter type="LINE" missed="0" covered="3"/><counter type="COMPLEXITY" missed="0" covered="1"/><counter type="METHOD" missed="0" covered="1"/></method><method name="of" desc="(Ljava/lang/String;)Lnetwork/ike/workspace/FeatureName;" line="58"><counter type="INSTRUCTION" missed="0" covered="26"/><counter type="BRANCH" missed="0" covered="6"/><counter type="LINE" missed="0" covered="5"/><counter type="COMPLEXITY" missed="0" covered="4"/><counter type="METHOD" missed="0" covered="1"/></method><method name="value" desc="()Ljava/lang/String;" line="78"><counter type="INSTRUCTION" missed="0" covered="3"/><counter type="LINE" missed="0" covered="1"/><counter type="COMPLEXITY" missed="0" covered="1"/><counter type="METHOD" missed="0" covered="1"/></method><method name="siblingDirectoryName" desc="(Ljava/lang/String;)Ljava/lang/String;" line="99"><counter type="INSTRUCTION" missed="0" covered="15"/><counter type="BRANCH" missed="0" covered="4"/><counter type="LINE" missed="0" covered="3"/><counter type="COMPLEXITY" missed="0" covered="3"/><counter type="METHOD" missed="0" covered="1"/></method><method name="equals" desc="(Ljava/lang/Object;)Z" line="108"><counter type="INSTRUCTION" missed="0" covered="16"/><counter type="BRANCH" missed="0" covered="4"/><counter type="LINE" missed="0" covered="1"/><counter type="COMPLEXITY" missed="0" covered="3"/><counter type="METHOD" missed="0" covered="1"/></method><method name="hashCode" desc="()I" line="113"><counter type="INSTRUCTION" missed="0" covered="9"/><counter type="LINE" missed="0" covered="1"/><counter type="COMPLEXITY" missed="0" covered="1"/><counter type="METHOD" missed="0" covered="1"/></method><method name="toString" desc="()Ljava/lang/String;" line="118"><counter type="INSTRUCTION" missed="0" covered="3"/><counter type="LINE" missed="0" covered="1"/><counter type="COMPLEXITY" missed="0" covered="1"/><counter type="METHOD" missed="0" covered="1"/></method><method name="&lt;clinit&gt;" desc="()V" line="39"><counter type="INSTRUCTION" missed="0" covered="4"/><counter type="LINE" missed="0" covered="2"/><counter type="COMPLEXITY" missed="0" covered="1"/><counter type="METHOD" missed="0" covered="1"/></method><counter type="INSTRUCTION" missed="0" covered="82"/><counter type="BRANCH" missed="0" covered="14"/><counter type="LINE" missed="0" covered="17"/><counter type="COMPLEXITY" missed="0" covered="15"/><counter type="METHOD" missed="0" covered="8"/><counter type="CLASS" missed="0" covered="1"/></class><class name="network/ike/workspace/VersionUpgradePlanWriter" sourcefilename="VersionUpgradePlanWriter.java"><method name="write" desc="(Lnetwork/ike/workspace/VersionUpgradePlan;Ljava/nio/file/Path;)V" line="38"><counter type="INSTRUCTION" missed="19" covered="0"/><counter type="LINE" missed="5" covered="0"/><counter type="COMPLEXITY" missed="1" covered="0"/><counter type="METHOD" missed="1" covered="0"/></method><method name="toYaml" desc="(Lnetwork/ike/workspace/VersionUpgradePlan;)Ljava/lang/String;" line="52"><counter type="INSTRUCTION" missed="0" covered="145"/><counter type="BRANCH" missed="0" covered="14"/><counter type="LINE" missed="0" covered="32"/><counter type="COMPLEXITY" missed="0" covered="8"/><counter type="METHOD" missed="0" covered="1"/></method><method name="appendNode" desc="(Ljava/util/List;Ljava/lang/String;Lnetwork/ike/workspace/NodeVersionUpgrade;)V" line="101"><counter type="INSTRUCTION" missed="0" covered="18"/><counter type="LINE" missed="0" covered="5"/><counter type="COMPLEXITY" missed="0" covered="1"/><counter type="METHOD" missed="0" covered="1"/></method><method name="appendParent" desc="(Ljava/util/List;Lnetwork/ike/workspace/ParentVersionUpgrade;)V" line="109"><counter type="INSTRUCTION" missed="0" covered="53"/><counter type="BRANCH" missed="0" covered="4"/><counter type="LINE" missed="0" covered="12"/><counter type="COMPLEXITY" missed="0" covered="3"/><counter type="METHOD" missed="0" covered="1"/></method><method name="appendProperties" desc="(Ljava/util/List;Ljava/util/List;)V" line="126"><counter type="INSTRUCTION" missed="0" covered="59"/><counter type="BRANCH" missed="0" covered="6"/><counter type="LINE" missed="0" covered="13"/><counter type="COMPLEXITY" missed="0" covered="4"/><counter type="METHOD" missed="0" covered="1"/></method><method name="appendLiterals" desc="(Ljava/util/List;Ljava/util/List;)V" line="144"><counter type="INSTRUCTION" missed="7" covered="71"/><counter type="BRANCH" missed="3" covered="7"/><counter type="LINE" missed="1" covered="15"/><counter type="COMPLEXITY" missed="3" covered="3"/><counter type="METHOD" missed="0" covered="1"/></method><method name="yamlStatus" desc="(Lnetwork/ike/workspace/VersionUpgradeStatus;)Ljava/lang/String;" line="165"><counter type="INSTRUCTION" missed="0" covered="8"/><counter type="LINE" missed="0" covered="1"/><counter type="COMPLEXITY" missed="0" covered="1"/><counter type="METHOD" missed="0" covered="1"/></method><method name="escape" desc="(Ljava/lang/String;)Ljava/lang/String;" line="169"><counter type="INSTRUCTION" missed="0" covered="8"/><counter type="LINE" missed="0" covered="1"/><counter type="COMPLEXITY" missed="0" covered="1"/><counter type="METHOD" missed="0" covered="1"/></method><counter type="INSTRUCTION" missed="26" covered="362"/><counter type="BRANCH" missed="3" covered="31"/><counter type="LINE" missed="6" covered="79"/><counter type="COMPLEXITY" missed="4" covered="21"/><counter type="METHOD" missed="1" covered="7"/><counter type="CLASS" missed="0" covered="1"/></class><class name="network/ike/workspace/VersionUpgradeStatus" sourcefilename="VersionUpgradeStatus.java"><method name="&lt;clinit&gt;" desc="()V" line="10"><counter type="INSTRUCTION" missed="0" covered="21"/><counter type="LINE" missed="0" covered="4"/><counter type="COMPLEXITY" missed="0" covered="1"/><counter type="METHOD" missed="0" covered="1"/></method><counter type="INSTRUCTION" missed="0" covered="21"/><counter type="LINE" missed="0" covered="4"/><counter type="COMPLEXITY" missed="0" covered="1"/><counter type="METHOD" missed="0" covered="1"/><counter type="CLASS" missed="0" covered="1"/></class><class name="network/ike/workspace/PublishedArtifactSet$Artifact" sourcefilename="PublishedArtifactSet.java"><method name="&lt;init&gt;" desc="(Ljava/lang/String;Ljava/lang/String;)V" line="37"><counter type="INSTRUCTION" missed="0" covered="9"/><counter type="LINE" missed="0" covered="1"/><counter type="COMPLEXITY" missed="0" covered="1"/><counter type="METHOD" missed="0" covered="1"/></method><counter type="INSTRUCTION" missed="0" covered="9"/><counter type="LINE" missed="0" covered="1"/><counter type="COMPLEXITY" missed="0" covered="1"/><counter type="METHOD" missed="0" covered="1"/><counter type="CLASS" missed="0" covered="1"/></class><class name="network/ike/workspace/DependencyTreeParser$ResolvedDependency" sourcefilename="DependencyTreeParser.java"><method name="&lt;init&gt;" desc="(Ljava/lang/String;Ljava/lang/String;Ljava/lang/String;Ljava/lang/String;Ljava/lang/String;I)V" line="48"><counter type="INSTRUCTION" missed="0" covered="21"/><counter type="LINE" missed="0" covered="1"/><counter type="COMPLEXITY" missed="0" covered="1"/><counter type="METHOD" missed="0" covered="1"/></method><counter type="INSTRUCTION" missed="0" covered="21"/><counter type="LINE" missed="0" covered="1"/><counter type="COMPLEXITY" missed="0" covered="1"/><counter type="METHOD" missed="0" covered="1"/><counter type="CLASS" missed="0" covered="1"/></class><class name="network/ike/workspace/BomAnalysis" sourcefilename="BomAnalysis.java"><method name="extractBomImports" desc="(Ljava/nio/file/Path;Ljava/util/Map;)Ljava/util/List;" line="107"><counter type="INSTRUCTION" missed="163" covered="0"/><counter type="BRANCH" missed="28" covered="0"/><counter type="LINE" missed="36" covered="0"/><counter type="COMPLEXITY" missed="15" covered="0"/><counter type="METHOD" missed="1" covered="0"/></method><method name="analyzeCascadeIssues" desc="(Ljava/nio/file/Path;Lnetwork/ike/workspace/Manifest;Ljava/util/Map;)Ljava/util/List;" line="178"><counter type="INSTRUCTION" missed="117" covered="0"/><counter type="BRANCH" missed="18" covered="0"/><counter type="LINE" missed="24" covered="0"/><counter type="COMPLEXITY" missed="10" covered="0"/><counter type="METHOD" missed="1" covered="0"/></method><method name="updateBomImportVersion" desc="(Ljava/nio/file/Path;Ljava/lang/String;Ljava/lang/String;Ljava/lang/String;)Z" line="244"><counter type="INSTRUCTION" missed="97" covered="0"/><counter type="BRANCH" missed="16" covered="0"/><counter type="LINE" missed="24" covered="0"/><counter type="COMPLEXITY" missed="9" covered="0"/><counter type="METHOD" missed="1" covered="0"/></method><method name="extractBlock" desc="(Ljava/lang/String;Ljava/lang/String;Ljava/lang/String;)Ljava/lang/String;" line="293"><counter type="INSTRUCTION" missed="25" covered="0"/><counter type="BRANCH" missed="4" covered="0"/><counter type="LINE" missed="5" covered="0"/><counter type="COMPLEXITY" missed="3" covered="0"/><counter type="METHOD" missed="1" covered="0"/></method><method name="readProperties" desc="(Lorg/w3c/dom/Element;)Ljava/util/Map;" line="301"><counter type="INSTRUCTION" missed="44" covered="0"/><counter type="BRANCH" missed="8" covered="0"/><counter type="LINE" missed="11" covered="0"/><counter type="COMPLEXITY" missed="5" covered="0"/><counter type="METHOD" missed="1" covered="0"/></method><method name="resolve" desc="(Ljava/lang/String;Ljava/util/Map;)Ljava/lang/String;" line="319"><counter type="INSTRUCTION" missed="32" covered="0"/><counter type="BRANCH" missed="6" covered="0"/><counter type="LINE" missed="5" covered="0"/><counter type="COMPLEXITY" missed="4" covered="0"/><counter type="METHOD" missed="1" covered="0"/></method><method name="childText" desc="(Lorg/w3c/dom/Element;Ljava/lang/String;)Ljava/lang/String;" line="327"><counter type="INSTRUCTION" missed="19" covered="0"/><counter type="BRANCH" missed="4" covered="0"/><counter type="LINE" missed="4" covered="0"/><counter type="COMPLEXITY" missed="3" covered="0"/><counter type="METHOD" missed="1" covered="0"/></method><method name="firstChild" desc="(Lorg/w3c/dom/Element;Ljava/lang/String;)Lorg/w3c/dom/Element;" line="334"><counter type="INSTRUCTION" missed="29" covered="0"/><counter type="BRANCH" missed="6" covered="0"/><counter type="LINE" missed="7" covered="0"/><counter type="COMPLEXITY" missed="4" covered="0"/><counter type="METHOD" missed="1" covered="0"/></method><method name="children" desc="(Lorg/w3c/dom/Element;Ljava/lang/String;)Ljava/util/List;" line="346"><counter type="INSTRUCTION" missed="35" covered="0"/><counter type="BRANCH" missed="6" covered="0"/><counter type="LINE" missed="8" covered="0"/><counter type="COMPLEXITY" missed="4" covered="0"/><counter type="METHOD" missed="1" covered="0"/></method><method name="lambda$analyzeCascadeIssues$0" desc="(Ljava/lang/String;Lnetwork/ike/workspace/BomAnalysis$BomImport;)Z" line="196"><counter type="INSTRUCTION" missed="12" covered="0"/><counter type="BRANCH" missed="4" covered="0"/><counter type="LINE" missed="2" covered="0"/><counter type="COMPLEXITY" missed="3" covered="0"/><counter type="METHOD" missed="1" covered="0"/></method><method name="&lt;clinit&gt;" desc="()V" line="85"><counter type="INSTRUCTION" missed="17" covered="0"/><counter type="LINE" missed="6" covered="0"/><counter type="COMPLEXITY" missed="1" covered="0"/><counter type="METHOD" missed="1" covered="0"/></method><counter type="INSTRUCTION" missed="590" covered="0"/><counter type="BRANCH" missed="100" covered="0"/><counter type="LINE" missed="131" covered="0"/><counter type="COMPLEXITY" missed="61" covered="0"/><counter type="METHOD" missed="11" covered="0"/><counter type="CLASS" missed="1" covered="0"/></class><class name="network/ike/workspace/VersionUpgradePlan" sourcefilename="VersionUpgradePlan.java"><method name="&lt;init&gt;" desc="(Ljava/lang/String;Ljava/lang/String;Lnetwork/ike/workspace/VersionUpgradeScope;Ljava/lang/String;Ljava/lang/String;Ljava/lang/String;Ljava/util/Map;)V" line="70"><counter type="INSTRUCTION" missed="0" covered="38"/><counter type="BRANCH" missed="1" covered="3"/><counter type="LINE" missed="0" covered="5"/><counter type="COMPLEXITY" missed="1" covered="2"/><counter type="METHOD" missed="0" covered="1"/></method><counter type="INSTRUCTION" missed="0" covered="38"/><counter type="BRANCH" missed="1" covered="3"/><counter type="LINE" missed="0" covered="5"/><counter type="COMPLEXITY" missed="1" covered="2"/><counter type="METHOD" missed="0" covered="1"/><counter type="CLASS" missed="0" covered="1"/></class><class name="network/ike/workspace/ParentVersionUpgrade" sourcefilename="ParentVersionUpgrade.java"><method name="&lt;init&gt;" desc="(Ljava/lang/String;Ljava/lang/String;Ljava/lang/String;Ljava/lang/String;Lnetwork/ike/workspace/VersionUpgradeStatus;Ljava/lang/String;)V" line="26"><counter type="INSTRUCTION" missed="0" covered="21"/><counter type="LINE" missed="0" covered="1"/><counter type="COMPLEXITY" missed="0" covered="1"/><counter type="METHOD" missed="0" covered="1"/></method><counter type="INSTRUCTION" missed="0" covered="21"/><counter type="LINE" missed="0" covered="1"/><counter type="COMPLEXITY" missed="0" covered="1"/><counter type="METHOD" missed="0" covered="1"/><counter type="CLASS" missed="0" covered="1"/></class><class name="network/ike/workspace/ManifestWriter" sourcefilename="ManifestWriter.java"><method name="updateBranches" desc="(Ljava/nio/file/Path;Ljava/util/Map;)V" line="31"><counter type="INSTRUCTION" missed="0" covered="37"/><counter type="BRANCH" missed="0" covered="2"/><counter type="LINE" missed="0" covered="8"/><counter type="COMPLEXITY" missed="0" covered="2"/><counter type="METHOD" missed="0" covered="1"/></method><method name="updateDefaultMavenVersion" desc="(Ljava/nio/file/Path;Ljava/lang/String;)V" line="51"><counter type="INSTRUCTION" missed="17" covered="0"/><counter type="LINE" missed="4" covered="0"/><counter type="COMPLEXITY" missed="1" covered="0"/><counter type="METHOD" missed="1" covered="0"/></method><method name="updateMavenVersions" desc="(Ljava/nio/file/Path;Ljava/util/Map;)V" line="65"><counter type="INSTRUCTION" missed="38" covered="0"/><counter type="BRANCH" missed="2" covered="0"/><counter type="LINE" missed="8" covered="0"/><counter type="COMPLEXITY" missed="2" covered="0"/><counter type="METHOD" missed="1" covered="0"/></method><method name="updateShas" desc="(Ljava/nio/file/Path;Ljava/util/Map;)V" line="87"><counter type="INSTRUCTION" missed="40" covered="0"/><counter type="BRANCH" missed="2" covered="0"/><counter type="LINE" missed="8" covered="0"/><counter type="COMPLEXITY" missed="2" covered="0"/><counter type="METHOD" missed="1" covered="0"/></method><method name="addOrUpdateSubprojectField" desc="(Ljava/lang/String;Ljava/lang/String;Ljava/lang/String;Ljava/lang/String;Ljava/lang/String;)Ljava/lang/String;" line="114"><counter type="INSTRUCTION" missed="0" covered="52"/><counter type="BRANCH" missed="0" covered="4"/><counter type="LINE" missed="0" covered="11"/><counter type="COMPLEXITY" missed="0" covered="3"/><counter type="METHOD" missed="0" covered="1"/></method><method name="updateDefaultField" desc="(Ljava/lang/String;Ljava/lang/String;Ljava/lang/String;)Ljava/lang/String;" line="145"><counter type="INSTRUCTION" missed="23" covered="0"/><counter type="BRANCH" missed="2" covered="0"/><counter type="LINE" missed="6" covered="0"/><counter type="COMPLEXITY" missed="2" covered="0"/><counter type="METHOD" missed="1" covered="0"/></method><method name="updateSubprojectField" desc="(Ljava/lang/String;Ljava/lang/String;Ljava/lang/String;Ljava/lang/String;)Ljava/lang/String;" line="168"><counter type="INSTRUCTION" missed="0" covered="27"/><counter type="BRANCH" missed="0" covered="2"/><counter type="LINE" missed="0" covered="7"/><counter type="COMPLEXITY" missed="0" covered="2"/><counter type="METHOD" missed="0" covered="1"/></method><method name="updateSubprojectBranch" desc="(Ljava/lang/String;Ljava/lang/String;Ljava/lang/String;)Ljava/lang/String;" line="195"><counter type="INSTRUCTION" missed="0" covered="7"/><counter type="LINE" missed="0" covered="1"/><counter type="COMPLEXITY" missed="0" covered="1"/><counter type="METHOD" missed="0" covered="1"/></method><counter type="INSTRUCTION" missed="118" covered="123"/><counter type="BRANCH" missed="6" covered="8"/><counter type="LINE" missed="26" covered="27"/><counter type="COMPLEXITY" missed="7" covered="8"/><counter type="METHOD" missed="4" covered="4"/><counter type="CLASS" missed="0" covered="1"/></class><class name="network/ike/workspace/VersionUpgradeRule$Action" sourcefilename="VersionUpgradeRule.java"><method name="&lt;clinit&gt;" desc="()V" line="48"><counter type="INSTRUCTION" missed="0" covered="21"/><counter type="LINE" missed="0" covered="4"/><counter type="COMPLEXITY" missed="0" covered="1"/><counter type="METHOD" missed="0" covered="1"/></method><counter type="INSTRUCTION" missed="0" covered="21"/><counter type="LINE" missed="0" covered="4"/><counter type="COMPLEXITY" missed="0" covered="1"/><counter type="METHOD" missed="0" covered="1"/><counter type="CLASS" missed="0" covered="1"/></class><class name="network/ike/workspace/VersionUpgradeRule" sourcefilename="VersionUpgradeRule.java"><method name="&lt;init&gt;" desc="(Ljava/lang/String;Ljava/lang/String;Lnetwork/ike/workspace/VersionUpgradeRule$Action;Ljava/lang/String;Ljava/lang/String;)V" line="37"><counter type="INSTRUCTION" missed="0" covered="18"/><counter type="LINE" missed="0" covered="1"/><counter type="COMPLEXITY" missed="0" covered="1"/><counter type="METHOD" missed="0" covered="1"/></method><method name="matches" desc="(Ljava/lang/String;Ljava/lang/String;)Z" line="66"><counter type="INSTRUCTION" missed="0" covered="14"/><counter type="BRANCH" missed="0" covered="4"/><counter type="LINE" missed="0" covered="2"/><counter type="COMPLEXITY" missed="0" covered="3"/><counter type="METHOD" missed="0" covered="1"/></method><method name="globMatch" desc="(Ljava/lang/String;Ljava/lang/String;)Z" line="84"><counter type="INSTRUCTION" missed="0" covered="79"/><counter type="BRANCH" missed="0" covered="22"/><counter type="LINE" missed="0" covered="23"/><counter type="COMPLEXITY" missed="0" covered="12"/><counter type="METHOD" missed="0" covered="1"/></method><counter type="INSTRUCTION" missed="0" covered="111"/><counter type="BRANCH" missed="0" covered="26"/><counter type="LINE" missed="0" covered="26"/><counter type="COMPLEXITY" missed="0" covered="16"/><counter type="METHOD" missed="0" covered="3"/><counter type="CLASS" missed="0" covered="1"/></class><class name="network/ike/workspace/WorkspaceRoot" sourcefilename="WorkspaceRoot.java"><method name="&lt;init&gt;" desc="(Ljava/lang/String;Ljava/lang/String;Ljava/lang/String;)V" line="26"><counter type="INSTRUCTION" missed="0" covered="12"/><counter type="LINE" missed="0" covered="1"/><counter type="COMPLEXITY" missed="0" covered="1"/><counter type="METHOD" missed="0" covered="1"/></method><counter type="INSTRUCTION" missed="0" covered="12"/><counter type="LINE" missed="0" covered="1"/><counter type="COMPLEXITY" missed="0" covered="1"/><counter type="METHOD" missed="0" covered="1"/><counter type="CLASS" missed="0" covered="1"/></class><class name="network/ike/workspace/Dependency" sourcefilename="Dependency.java"><method name="&lt;init&gt;" desc="(Ljava/lang/String;Ljava/lang/String;)V" line="27"><counter type="INSTRUCTION" missed="6" covered="0"/><counter type="LINE" missed="2" covered="0"/><counter type="COMPLEXITY" missed="1" covered="0"/><counter type="METHOD" missed="1" covered="0"/></method><method name="&lt;init&gt;" desc="(Ljava/lang/String;Ljava/lang/String;Ljava/lang/String;)V" line="15"><counter type="INSTRUCTION" missed="0" covered="12"/><counter type="LINE" missed="0" covered="1"/><counter type="COMPLEXITY" missed="0" covered="1"/><counter type="METHOD" missed="0" covered="1"/></method><counter type="INSTRUCTION" missed="6" covered="12"/><counter type="LINE" missed="2" covered="1"/><counter type="COMPLEXITY" missed="1" covered="1"/><counter type="METHOD" missed="1" covered="1"/><counter type="CLASS" missed="0" covered="1"/></class><class name="network/ike/workspace/VersionUpgradeScope" sourcefilename="VersionUpgradeScope.java"><method name="&lt;clinit&gt;" desc="()V" line="12"><counter type="INSTRUCTION" missed="0" covered="15"/><counter type="LINE" missed="0" covered="3"/><counter type="COMPLEXITY" missed="0" covered="1"/><counter type="METHOD" missed="0" covered="1"/></method><counter type="INSTRUCTION" missed="0" covered="15"/><counter type="LINE" missed="0" covered="3"/><counter type="COMPLEXITY" missed="0" covered="1"/><counter type="METHOD" missed="0" covered="1"/><counter type="CLASS" missed="0" covered="1"/></class><class name="network/ike/workspace/Subproject" sourcefilename="Subproject.java"><method name="&lt;init&gt;" desc="(Ljava/lang/String;Ljava/lang/String;Ljava/lang/String;Ljava/lang/String;Ljava/lang/String;Ljava/lang/String;Ljava/util/List;Ljava/lang/String;Ljava/lang/String;Ljava/lang/String;Ljava/lang/String;Ljava/lang/String;Ljava/lang/String;Ljava/lang/String;)V" line="62"><counter type="INSTRUCTION" missed="0" covered="45"/><counter type="LINE" missed="0" covered="1"/><counter type="COMPLEXITY" missed="0" covered="1"/><counter type="METHOD" missed="0" covered="1"/></method><method name="isSnapshotAligned" desc="()Z" line="101"><counter type="INSTRUCTION" missed="0" covered="12"/><counter type="BRANCH" missed="1" covered="3"/><counter type="LINE" missed="0" covered="1"/><counter type="COMPLEXITY" missed="1" covered="2"/><counter type="METHOD" missed="0" covered="1"/></method><method name="isTagAligned" desc="()Z" line="111"><counter type="INSTRUCTION" missed="0" covered="5"/><counter type="LINE" missed="0" covered="1"/><counter type="COMPLEXITY" missed="0" covered="1"/><counter type="METHOD" missed="0" covered="1"/></method><counter type="INSTRUCTION" missed="0" covered="62"/><counter type="BRANCH" missed="1" covered="3"/><counter type="LINE" missed="0" covered="3"/><counter type="COMPLEXITY" missed="1" covered="4"/><counter type="METHOD" missed="0" covered="3"/><counter type="CLASS" missed="0" covered="1"/></class><class name="network/ike/workspace/NodeVersionUpgrade" sourcefilename="NodeVersionUpgrade.java"><method name="&lt;init&gt;" desc="(Ljava/lang/String;Lnetwork/ike/workspace/ParentVersionUpgrade;Ljava/util/List;Ljava/util/List;)V" line="40"><counter type="INSTRUCTION" missed="4" covered="25"/><counter type="BRANCH" missed="2" covered="2"/><counter type="LINE" missed="0" covered="4"/><counter type="COMPLEXITY" missed="2" covered="1"/><counter type="METHOD" missed="0" covered="1"/></method><counter type="INSTRUCTION" missed="4" covered="25"/><counter type="BRANCH" missed="2" covered="2"/><counter type="LINE" missed="0" covered="4"/><counter type="COMPLEXITY" missed="2" covered="1"/><counter type="METHOD" missed="0" covered="1"/><counter type="CLASS" missed="0" covered="1"/></class><class name="network/ike/workspace/VersionUpgradeRulesReader" sourcefilename="VersionUpgradeRulesReader.java"><method name="read" desc="(Ljava/nio/file/Path;)Lnetwork/ike/workspace/VersionUpgradeRules;" line="41"><counter type="INSTRUCTION" missed="17" covered="0"/><counter type="LINE" missed="4" covered="0"/><counter type="COMPLEXITY" missed="1" covered="0"/><counter type="METHOD" missed="1" covered="0"/></method><method name="read" desc="(Ljava/io/Reader;)Lnetwork/ike/workspace/VersionUpgradeRules;" line="58"><counter type="INSTRUCTION" missed="0" covered="19"/><counter type="BRANCH" missed="0" covered="2"/><counter type="LINE" missed="0" covered="5"/><counter type="COMPLEXITY" missed="0" covered="2"/><counter type="METHOD" missed="0" covered="1"/></method><method name="parseRules" desc="(Ljava/util/Map;)Lnetwork/ike/workspace/VersionUpgradeRules;" line="67"><counter type="INSTRUCTION" missed="0" covered="23"/><counter type="LINE" missed="0" covered="6"/><counter type="COMPLEXITY" missed="0" covered="1"/><counter type="METHOD" missed="0" covered="1"/></method><method name="parseRuleList" desc="(Ljava/util/List;)Ljava/util/List;" line="77"><counter type="INSTRUCTION" missed="0" covered="35"/><counter type="BRANCH" missed="1" covered="5"/><counter type="LINE" missed="0" covered="9"/><counter type="COMPLEXITY" missed="1" covered="3"/><counter type="METHOD" missed="0" covered="1"/></method><method name="parseRule" desc="(Ljava/util/Map;I)Lnetwork/ike/workspace/VersionUpgradeRule;" line="91"><counter type="INSTRUCTION" missed="0" covered="58"/><counter type="BRANCH" missed="1" covered="5"/><counter type="LINE" missed="0" covered="12"/><counter type="COMPLEXITY" missed="1" covered="3"/><counter type="METHOD" missed="0" covered="1"/></method><method name="splitMatch" desc="(Ljava/lang/String;I)[Ljava/lang/String;" line="111"><counter type="INSTRUCTION" missed="0" covered="66"/><counter type="BRANCH" missed="1" covered="7"/><counter type="LINE" missed="0" covered="10"/><counter type="COMPLEXITY" missed="1" covered="4"/><counter type="METHOD" missed="0" covered="1"/></method><method name="parseAction" desc="(Ljava/lang/String;)Lnetwork/ike/workspace/VersionUpgradeRule$Action;" line="133"><counter type="INSTRUCTION" missed="5" covered="18"/><counter type="BRANCH" missed="1" covered="1"/><counter type="LINE" missed="1" covered="5"/><counter type="COMPLEXITY" missed="1" covered="1"/><counter type="METHOD" missed="0" covered="1"/></method><method name="listOfMaps" desc="(Ljava/util/Map;Ljava/lang/String;)Ljava/util/List;" line="150"><counter type="INSTRUCTION" missed="11" covered="12"/><counter type="BRANCH" missed="2" covered="2"/><counter type="LINE" missed="3" covered="4"/><counter type="COMPLEXITY" missed="2" covered="1"/><counter type="METHOD" missed="0" covered="1"/></method><method name="stringField" desc="(Ljava/util/Map;Ljava/lang/String;Ljava/lang/String;)Ljava/lang/String;" line="164"><counter type="INSTRUCTION" missed="0" covered="11"/><counter type="BRANCH" missed="0" covered="2"/><counter type="LINE" missed="0" covered="4"/><counter type="COMPLEXITY" missed="0" covered="2"/><counter type="METHOD" missed="0" covered="1"/></method><method name="requireString" desc="(Ljava/util/Map;Ljava/lang/String;Ljava/lang/String;)Ljava/lang/String;" line="173"><counter type="INSTRUCTION" missed="0" covered="16"/><counter type="BRANCH" missed="0" covered="2"/><counter type="LINE" missed="0" covered="4"/><counter type="COMPLEXITY" missed="0" covered="2"/><counter type="METHOD" missed="0" covered="1"/></method><counter type="INSTRUCTION" missed="33" covered="258"/><counter type="BRANCH" missed="6" covered="26"/><counter type="LINE" missed="8" covered="59"/><counter type="COMPLEXITY" missed="7" covered="19"/><counter type="METHOD" missed="1" covered="9"/><counter type="CLASS" missed="0" covered="1"/></class><class name="network/ike/workspace/ManifestReader" sourcefilename="ManifestReader.java"><method name="read" desc="(Ljava/nio/file/Path;)Lnetwork/ike/workspace/Manifest;" line="45"><counter type="INSTRUCTION" missed="9" covered="8"/><counter type="LINE" missed="2" covered="2"/><counter type="COMPLEXITY" missed="0" covered="1"/><counter type="METHOD" missed="0" covered="1"/></method><method name="read" desc="(Ljava/io/Reader;)Lnetwork/ike/workspace/Manifest;" line="61"><counter type="INSTRUCTION" missed="0" covered="32"/><counter type="BRANCH" missed="0" covered="6"/><counter type="LINE" missed="0" covered="7"/><counter type="COMPLEXITY" missed="0" covered="4"/><counter type="METHOD" missed="0" covered="1"/></method><method name="parseManifest" desc="(Ljava/util/Map;)Lnetwork/ike/workspace/Manifest;" line="79"><counter type="INSTRUCTION" missed="0" covered="41"/><counter type="LINE" missed="0" covered="9"/><counter type="COMPLEXITY" missed="0" covered="1"/><counter type="METHOD" missed="0" covered="1"/></method><method name="parseWorkspaceRoot" desc="(Ljava/util/Map;)Lnetwork/ike/workspace/WorkspaceRoot;" line="101"><counter type="INSTRUCTION" missed="0" covered="20"/><counter type="BRANCH" missed="0" covered="2"/><counter type="LINE" missed="0" covered="6"/><counter type="COMPLEXITY" missed="0" covered="2"/><counter type="METHOD" missed="0" covered="1"/></method><method name="parseIdeSettings" desc="(Ljava/util/Map;)Lnetwork/ike/workspace/IdeSettings;" line="112"><counter type="INSTRUCTION" missed="0" covered="16"/><counter type="BRANCH" missed="0" covered="2"/><counter type="LINE" missed="0" covered="5"/><counter type="COMPLEXITY" missed="0" covered="2"/><counter type="METHOD" missed="0" covered="1"/></method><method name="parseDefaults" desc="(Ljava/util/Map;)Lnetwork/ike/workspace/Defaults;" line="122"><counter type="INSTRUCTION" missed="0" covered="20"/><counter type="BRANCH" missed="0" covered="2"/><counter type="LINE" missed="0" covered="5"/><counter type="COMPLEXITY" missed="0" covered="2"/><counter type="METHOD" missed="0" covered="1"/></method><method name="parseSubprojects" desc="(Ljava/util/Map;Lnetwork/ike/workspace/Defaults;)Ljava/util/Map;" line="133"><counter type="INSTRUCTION" missed="0" covered="39"/><counter type="BRANCH" missed="0" covered="4"/><counter type="LINE" missed="0" covered="9"/><counter type="COMPLEXITY" missed="0" covered="3"/><counter type="METHOD" missed="0" covered="1"/></method><method name="parseSubproject" desc="(Ljava/lang/String;Ljava/util/Map;Lnetwork/ike/workspace/Defaults;)Lnetwork/ike/workspace/Subproject;" line="149"><counter type="INSTRUCTION" missed="2" covered="77"/><counter type="BRANCH" missed="1" covered="1"/><counter type="LINE" missed="1" covered="17"/><counter type="COMPLEXITY" missed="1" covered="1"/><counter type="METHOD" missed="0" covered="1"/></method><method name="parseDependencies" desc="(Ljava/util/List;)Ljava/util/List;" line="188"><counter type="INSTRUCTION" missed="0" covered="45"/><counter type="BRANCH" missed="0" covered="6"/><counter type="LINE" missed="0" covered="10"/><counter type="COMPLEXITY" missed="0" covered="4"/><counter type="METHOD" missed="0" covered="1"/></method><method name="mapField" desc="(Ljava/util/Map;Ljava/lang/String;)Ljava/util/Map;" line="205"><counter type="INSTRUCTION" missed="0" covered="11"/><counter type="BRANCH" missed="0" covered="2"/><counter type="LINE" missed="0" covered="4"/><counter type="COMPLEXITY" missed="0" covered="2"/><counter type="METHOD" missed="0" covered="1"/></method><method name="stringField" desc="(Ljava/util/Map;Ljava/lang/String;Ljava/lang/String;)Ljava/lang/String;" line="214"><counter type="INSTRUCTION" missed="0" covered="11"/><counter type="BRANCH" missed="0" covered="2"/><counter type="LINE" missed="0" covered="4"/><counter type="COMPLEXITY" missed="0" covered="2"/><counter type="METHOD" missed="0" covered="1"/></method><method name="migrateLegacySchemaIfNeeded" desc="(Ljava/nio/file/Path;Ljava/util/function/Consumer;)Z" line="270"><counter type="INSTRUCTION" missed="20" covered="55"/><counter type="BRANCH" missed="4" covered="10"/><counter type="LINE" missed="5" covered="15"/><counter type="COMPLEXITY" missed="4" covered="4"/><counter type="METHOD" missed="0" covered="1"/></method><method name="migrate" desc="(Ljava/lang/String;)Ljava/lang/String;" line="311"><counter type="INSTRUCTION" missed="0" covered="24"/><counter type="LINE" missed="0" covered="8"/><counter type="COMPLEXITY" missed="0" covered="1"/><counter type="METHOD" missed="0" covered="1"/></method><method name="stripTopLevelBlock" desc="(Ljava/lang/String;Ljava/lang/String;)Ljava/lang/String;" line="338"><counter type="INSTRUCTION" missed="15" covered="116"/><counter type="BRANCH" missed="10" covered="20"/><counter type="LINE" missed="4" covered="28"/><counter type="COMPLEXITY" missed="10" covered="6"/><counter type="METHOD" missed="0" covered="1"/></method><method name="&lt;clinit&gt;" desc="()V" line="224"><counter type="INSTRUCTION" missed="0" covered="17"/><counter type="LINE" missed="0" covered="8"/><counter type="COMPLEXITY" missed="0" covered="1"/><counter type="METHOD" missed="0" covered="1"/></method><counter type="INSTRUCTION" missed="46" covered="532"/><counter type="BRANCH" missed="15" covered="57"/><counter type="LINE" missed="12" covered="137"/><counter type="COMPLEXITY" missed="15" covered="36"/><counter type="METHOD" missed="0" covered="15"/><counter type="CLASS" missed="0" covered="1"/></class><class name="network/ike/workspace/ManifestException" sourcefilename="ManifestException.java"><method name="&lt;init&gt;" desc="(Ljava/lang/String;)V" line="15"><counter type="INSTRUCTION" missed="0" covered="4"/><counter type="LINE" missed="0" covered="2"/><counter type="COMPLEXITY" missed="0" covered="1"/><counter type="METHOD" missed="0" covered="1"/></method><method name="&lt;init&gt;" desc="(Ljava/lang/String;Ljava/lang/Throwable;)V" line="24"><counter type="INSTRUCTION" missed="5" covered="0"/><counter type="LINE" missed="2" covered="0"/><counter type="COMPLEXITY" missed="1" covered="0"/><counter type="METHOD" missed="1" covered="0"/></method><counter type="INSTRUCTION" missed="5" covered="4"/><counter type="LINE" missed="2" covered="2"/><counter type="COMPLEXITY" missed="1" covered="1"/><counter type="METHOD" missed="1" covered="1"/><counter type="CLASS" missed="0" covered="1"/></class><class name="network/ike/workspace/VersionUpgradePlanException" sourcefilename="VersionUpgradePlanException.java"><method name="&lt;init&gt;" desc="(Ljava/lang/String;)V" line="20"><counter type="INSTRUCTION" missed="0" covered="4"/><counter type="LINE" missed="0" covered="2"/><counter type="COMPLEXITY" missed="0" covered="1"/><counter type="METHOD" missed="0" covered="1"/></method><method name="&lt;init&gt;" desc="(Ljava/lang/String;Ljava/lang/Throwable;)V" line="30"><counter type="INSTRUCTION" missed="0" covered="5"/><counter type="LINE" missed="0" covered="2"/><counter type="COMPLEXITY" missed="0" covered="1"/><counter type="METHOD" missed="0" covered="1"/></method><counter type="INSTRUCTION" missed="0" covered="9"/><counter type="LINE" missed="0" covered="4"/><counter type="COMPLEXITY" missed="0" covered="2"/><counter type="METHOD" missed="0" covered="2"/><counter type="CLASS" missed="0" covered="1"/></class><class name="network/ike/workspace/DependencyTreeParser" sourcefilename="DependencyTreeParser.java"><method name="parse" desc="(Ljava/lang/String;)Ljava/util/List;" line="63"><counter type="INSTRUCTION" missed="1" covered="94"/><counter type="BRANCH" missed="1" covered="11"/><counter type="LINE" missed="0" covered="25"/><counter type="COMPLEXITY" missed="1" covered="6"/><counter type="METHOD" missed="0" covered="1"/></method><method name="measureDepth" desc="(Ljava/lang/String;)I" line="112"><counter type="INSTRUCTION" missed="1" covered="70"/><counter type="BRANCH" missed="5" covered="17"/><counter type="LINE" missed="0" covered="17"/><counter type="COMPLEXITY" missed="5" covered="7"/><counter type="METHOD" missed="0" covered="1"/></method><method name="findMarkerPosition" desc="(Ljava/lang/String;)I" line="142"><counter type="INSTRUCTION" missed="2" covered="20"/><counter type="BRANCH" missed="1" covered="5"/><counter type="LINE" missed="1" covered="3"/><counter type="COMPLEXITY" missed="1" covered="3"/><counter type="METHOD" missed="0" covered="1"/></method><method name="stripTreeChars" desc="(Ljava/lang/String;)Ljava/lang/String;" line="155"><counter type="INSTRUCTION" missed="0" covered="32"/><counter type="BRANCH" missed="1" covered="11"/><counter type="LINE" missed="0" covered="7"/><counter type="COMPLEXITY" missed="1" covered="6"/><counter type="METHOD" missed="0" covered="1"/></method><method name="&lt;clinit&gt;" desc="()V" line="32"><counter type="INSTRUCTION" missed="0" covered="4"/><counter type="LINE" missed="0" covered="1"/><counter type="COMPLEXITY" missed="0" covered="1"/><counter type="METHOD" missed="0" covered="1"/></method><counter type="INSTRUCTION" missed="4" covered="220"/><counter type="BRANCH" missed="8" covered="44"/><counter type="LINE" missed="1" covered="53"/><counter type="COMPLEXITY" missed="8" covered="23"/><counter type="METHOD" missed="0" covered="5"/><counter type="CLASS" missed="0" covered="1"/></class><class name="network/ike/workspace/LiteralVersionUpgrade" sourcefilename="LiteralVersionUpgrade.java"><method name="&lt;init&gt;" desc="(Ljava/lang/String;Ljava/lang/String;Ljava/lang/String;Ljava/lang/String;Ljava/lang/String;Lnetwork/ike/workspace/VersionUpgradeStatus;Ljava/lang/String;)V" line="29"><counter type="INSTRUCTION" missed="0" covered="24"/><counter type="LINE" missed="0" covered="1"/><counter type="COMPLEXITY" missed="0" covered="1"/><counter type="METHOD" missed="0" covered="1"/></method><counter type="INSTRUCTION" missed="0" covered="24"/><counter type="LINE" missed="0" covered="1"/><counter type="COMPLEXITY" missed="0" covered="1"/><counter type="METHOD" missed="0" covered="1"/><counter type="CLASS" missed="0" covered="1"/></class><class name="network/ike/workspace/IdeSettings" sourcefilename="IdeSettings.java"><method name="&lt;init&gt;" desc="(Ljava/lang/String;Ljava/lang/String;)V" line="28"><counter type="INSTRUCTION" missed="0" covered="9"/><counter type="LINE" missed="0" covered="1"/><counter type="COMPLEXITY" missed="0" covered="1"/><counter type="METHOD" missed="0" covered="1"/></method><method name="hasAnyValue" desc="()Z" line="44"><counter type="INSTRUCTION" missed="0" covered="10"/><counter type="BRANCH" missed="1" covered="3"/><counter type="LINE" missed="0" covered="1"/><counter type="COMPLEXITY" missed="1" covered="2"/><counter type="METHOD" missed="0" covered="1"/></method><method name="&lt;clinit&gt;" desc="()V" line="34"><counter type="INSTRUCTION" missed="0" covered="7"/><counter type="LINE" missed="0" covered="1"/><counter type="COMPLEXITY" missed="0" covered="1"/><counter type="METHOD" missed="0" covered="1"/></method><counter type="INSTRUCTION" missed="0" covered="26"/><counter type="BRANCH" missed="1" covered="3"/><counter type="LINE" missed="0" covered="3"/><counter type="COMPLEXITY" missed="1" covered="4"/><counter type="METHOD" missed="0" covered="3"/><counter type="CLASS" missed="0" covered="1"/></class><class name="network/ike/workspace/VersionSupport" sourcefilename="VersionSupport.java"><method name="stripSnapshot" desc="(Ljava/lang/String;)Ljava/lang/String;" line="22"><counter type="INSTRUCTION" missed="0" covered="15"/><counter type="BRANCH" missed="0" covered="2"/><counter type="LINE" missed="0" covered="3"/><counter type="COMPLEXITY" missed="0" covered="2"/><counter type="METHOD" missed="0" covered="1"/></method><method name="deriveReleaseVersion" desc="(Ljava/lang/String;)Ljava/lang/String;" line="35"><counter type="INSTRUCTION" missed="3" covered="0"/><counter type="LINE" missed="1" covered="0"/><counter type="COMPLEXITY" missed="1" covered="0"/><counter type="METHOD" missed="1" covered="0"/></method><method name="deriveNextSnapshot" desc="(Ljava/lang/String;)Ljava/lang/String;" line="47"><counter type="INSTRUCTION" missed="0" covered="35"/><counter type="BRANCH" missed="0" covered="2"/><counter type="LINE" missed="0" covered="7"/><counter type="COMPLEXITY" missed="0" covered="2"/><counter type="METHOD" missed="0" covered="1"/></method><method name="safeBranchName" desc="(Ljava/lang/String;)Ljava/lang/String;" line="66"><counter type="INSTRUCTION" missed="0" covered="50"/><counter type="BRANCH" missed="0" covered="4"/><counter type="LINE" missed="0" covered="6"/><counter type="COMPLEXITY" missed="0" covered="3"/><counter type="METHOD" missed="0" covered="1"/></method><method name="branchQualifiedVersion" desc="(Ljava/lang/String;Ljava/lang/String;)Ljava/lang/String;" line="89"><counter type="INSTRUCTION" missed="0" covered="24"/><counter type="BRANCH" missed="0" covered="4"/><counter type="LINE" missed="0" covered="7"/><counter type="COMPLEXITY" missed="0" covered="3"/><counter type="METHOD" missed="0" covered="1"/></method><method name="extractNumericBase" desc="(Ljava/lang/String;)Ljava/lang/String;" line="110"><counter type="INSTRUCTION" missed="0" covered="40"/><counter type="BRANCH" missed="3" covered="7"/><counter type="LINE" missed="0" covered="6"/><counter type="COMPLEXITY" missed="3" covered="3"/><counter type="METHOD" missed="0" covered="1"/></method><method name="isSnapshot" desc="(Ljava/lang/String;)Z" line="127"><counter type="INSTRUCTION" missed="0" covered="10"/><counter type="BRANCH" missed="1" covered="3"/><counter type="LINE" missed="0" covered="1"/><counter type="COMPLEXITY" missed="1" covered="2"/><counter type="METHOD" missed="0" covered="1"/></method><method name="isBranchQualified" desc="(Ljava/lang/String;)Z" line="138"><counter type="INSTRUCTION" missed="0" covered="17"/><counter type="BRANCH" missed="0" covered="4"/><counter type="LINE" missed="0" covered="3"/><counter type="COMPLEXITY" missed="0" covered="3"/><counter type="METHOD" missed="0" covered="1"/></method><counter type="INSTRUCTION" missed="3" covered="191"/><counter type="BRANCH" missed="4" covered="26"/><counter type="LINE" missed="1" covered="33"/><counter type="COMPLEXITY" missed="5" covered="18"/><counter type="METHOD" missed="1" covered="7"/><counter type="CLASS" missed="0" covered="1"/></class><sourcefile name="VersionUpgradePlanException.java"><line nr="20" mi="0" ci="3" mb="0" cb="0"/><line nr="21" mi="0" ci="1" mb="0" cb="0"/><line nr="30" mi="0" ci="4" mb="0" cb="0"/><line nr="31" mi="0" ci="1" mb="0" cb="0"/><counter type="INSTRUCTION" missed="0" covered="9"/><counter type="LINE" missed="0" covered="4"/><counter type="COMPLEXITY" missed="0" covered="2"/><counter type="METHOD" missed="0" covered="2"/><counter type="CLASS" missed="0" covered="1"/></sourcefile><sourcefile name="WorkspaceGraph.java"><line nr="35" mi="0" ci="2" mb="0" cb="0"/><line nr="36" mi="0" ci="3" mb="0" cb="0"/><line nr="37" mi="0" ci="4" mb="0" cb="0"/><line nr="38" mi="0" ci="4" mb="0" cb="0"/><line nr="39" mi="0" ci="1" mb="0" cb="0"/><line nr="47" mi="0" ci="3" mb="0" cb="0"/><line nr="61" mi="0" ci="3" mb="0" cb="2"/><line nr="62" mi="0" ci="5" mb="0" cb="0"/><line nr="63" mi="0" ci="2" mb="0" cb="0"/><line nr="66" mi="0" ci="4" mb="0" cb="0"/><line nr="67" mi="0" ci="10" mb="0" cb="2"/><line nr="68" mi="0" ci="6" mb="0" cb="0"/><line nr="69" mi="0" ci="1" mb="0" cb="0"/><line nr="70" mi="0" ci="10" mb="0" cb="2"/><line nr="71" mi="0" ci="13" mb="0" cb="2"/><line nr="72" mi="0" ci="7" mb="0" cb="0"/><line nr="73" mi="0" ci="7" mb="0" cb="0"/><line nr="74" mi="0" ci="1" mb="0" cb="0"/><line nr="75" mi="0" ci="1" mb="0" cb="0"/><line nr="77" mi="0" ci="4" mb="0" cb="0"/><line nr="78" mi="0" ci="11" mb="0" cb="2"/><line nr="79" mi="0" ci="5" mb="0" cb="2"/><line nr="80" mi="0" ci="6" mb="0" cb="0"/><line nr="82" mi="0" ci="1" mb="0" cb="0"/><line nr="84" mi="0" ci="4" mb="0" cb="0"/><line nr="85" mi="0" ci="3" mb="0" cb="2"/><line nr="86" mi="0" ci="4" mb="0" cb="0"/><line nr="87" mi="0" ci="4" mb="0" cb="0"/><line nr="88" mi="0" ci="10" mb="0" cb="2"/><line nr="89" mi="0" ci="7" mb="0" cb="2"/><line nr="90" mi="0" ci="9" mb="0" cb="0"/><line nr="91" mi="0" ci="2" mb="0" cb="2"/><line nr="92" mi="0" ci="4" mb="0" cb="0"/><line nr="95" mi="0" ci="1" mb="0" cb="0"/><line nr="96" mi="0" ci="1" mb="0" cb="0"/><line nr="98" mi="0" ci="5" mb="1" cb="1"/><line nr="99" mi="5" ci="0" mb="0" cb="0"/><line nr="100" mi="4" ci="0" mb="0" cb="0"/><line nr="101" mi="7" ci="0" mb="0" cb="0"/><line nr="104" mi="0" ci="3" mb="0" cb="0"/><line nr="113" mi="0" ci="4" mb="0" cb="0"/><line nr="129" mi="0" ci="6" mb="0" cb="2"/><line nr="130" mi="0" ci="6" mb="0" cb="0"/><line nr="134" mi="0" ci="4" mb="0" cb="0"/><line nr="135" mi="0" ci="4" mb="0" cb="0"/><line nr="136" mi="0" ci="4" mb="0" cb="0"/><line nr="138" mi="0" ci="4" mb="0" cb="0"/><line nr="139" mi="0" ci="4" mb="0" cb="0"/><line nr="141" mi="0" ci="3" mb="0" cb="2"/><line nr="142" mi="0" ci="4" mb="0" cb="0"/><line nr="143" mi="0" ci="7" mb="0" cb="0"/><line nr="144" mi="0" ci="10" mb="0" cb="2"/><line nr="145" mi="0" ci="4" mb="0" cb="2"/><line nr="146" mi="0" ci="4" mb="0" cb="0"/><line nr="147" mi="0" ci="4" mb="0" cb="0"/><line nr="149" mi="0" ci="1" mb="0" cb="0"/><line nr="150" mi="0" ci="1" mb="0" cb="0"/><line nr="151" mi="0" ci="3" mb="0" cb="0"/><line nr="165" mi="0" ci="8" mb="0" cb="0"/><line nr="166" mi="0" ci="4" mb="0" cb="0"/><line nr="167" mi="0" ci="4" mb="0" cb="0"/><line nr="169" mi="0" ci="13" mb="0" cb="2"/><line nr="170" mi="1" ci="4" mb="1" cb="1"/><line nr="172" mi="0" ci="4" mb="0" cb="0"/><line nr="173" mi="0" ci="3" mb="0" cb="0"/><line nr="175" mi="0" ci="3" mb="0" cb="2"/><line nr="176" mi="0" ci="4" mb="0" cb="0"/><line nr="178" mi="0" ci="4" mb="0" cb="2"/><line nr="179" mi="0" ci="4" mb="0" cb="0"/><line nr="180" mi="0" ci="12" mb="0" cb="2"/><line nr="181" mi="0" ci="4" mb="0" cb="2"/><line nr="183" mi="0" ci="6" mb="0" cb="0"/><line nr="185" mi="0" ci="4" mb="0" cb="2"/><line nr="186" mi="0" ci="5" mb="0" cb="0"/><line nr="187" mi="0" ci="3" mb="0" cb="0"/><line nr="189" mi="0" ci="2" mb="0" cb="0"/><line nr="191" mi="0" ci="3" mb="0" cb="0"/><line nr="192" mi="0" ci="4" mb="0" cb="0"/><line nr="194" mi="0" ci="1" mb="0" cb="0"/><line nr="195" mi="0" ci="1" mb="0" cb="0"/><line nr="196" mi="0" ci="2" mb="0" cb="0"/><line nr="201" mi="0" ci="4" mb="0" cb="0"/><line nr="202" mi="0" ci="4" mb="0" cb="0"/><line nr="203" mi="0" ci="2" mb="0" cb="0"/><line nr="204" mi="0" ci="4" mb="0" cb="2"/><line nr="205" mi="0" ci="4" mb="0" cb="0"/><line nr="206" mi="0" ci="7" mb="0" cb="0"/><line nr="208" mi="0" ci="4" mb="0" cb="0"/><line nr="209" mi="0" ci="2" mb="0" cb="0"/><line nr="210" mi="0" ci="3" mb="0" cb="0"/><line nr="222" mi="0" ci="4" mb="0" cb="0"/><line nr="225" mi="0" ci="13" mb="0" cb="2"/><line nr="226" mi="0" ci="11" mb="0" cb="2"/><line nr="227" mi="0" ci="7" mb="0" cb="2"/><line nr="228" mi="0" ci="6" mb="0" cb="0"/><line nr="229" mi="0" ci="2" mb="0" cb="0"/><line nr="231" mi="0" ci="1" mb="0" cb="0"/><line nr="232" mi="0" ci="1" mb="0" cb="0"/><line nr="235" mi="0" ci="3" mb="0" cb="0"/><line nr="236" mi="0" ci="3" mb="1" cb="1"/><line nr="237" mi="7" ci="0" mb="0" cb="0"/><line nr="244" mi="0" ci="3" mb="0" cb="0"/><line nr="250" mi="0" ci="7" mb="0" cb="0"/><line nr="254" mi="0" ci="4" mb="0" cb="0"/><line nr="255" mi="0" ci="12" mb="0" cb="2"/><line nr="256" mi="0" ci="4" mb="0" cb="2"/><line nr="257" mi="0" ci="4" mb="0" cb="0"/><line nr="259" mi="0" ci="1" mb="0" cb="0"/><line nr="260" mi="0" ci="2" mb="0" cb="0"/><line nr="264" mi="0" ci="4" mb="0" cb="0"/><line nr="265" mi="0" ci="13" mb="0" cb="2"/><line nr="266" mi="0" ci="4" mb="0" cb="0"/><line nr="267" mi="0" ci="11" mb="0" cb="2"/><line nr="268" mi="0" ci="5" mb="0" cb="0"/><line nr="269" mi="0" ci="1" mb="0" cb="0"/><line nr="270" mi="0" ci="7" mb="0" cb="0"/><line nr="271" mi="0" ci="1" mb="0" cb="0"/><line nr="272" mi="0" ci="3" mb="0" cb="0"/><line nr="276" mi="0" ci="4" mb="0" cb="0"/><line nr="277" mi="0" ci="13" mb="0" cb="2"/><line nr="278" mi="0" ci="7" mb="0" cb="0"/><line nr="279" mi="0" ci="1" mb="0" cb="0"/><line nr="280" mi="0" ci="13" mb="0" cb="2"/><line nr="281" mi="0" ci="11" mb="0" cb="2"/><line nr="282" mi="0" ci="11" mb="0" cb="0"/><line nr="283" mi="0" ci="3" mb="0" cb="0"/><line nr="284" mi="0" ci="1" mb="0" cb="0"/><line nr="285" mi="0" ci="1" mb="0" cb="0"/><line nr="287" mi="0" ci="4" mb="0" cb="0"/><line nr="288" mi="0" ci="11" mb="0" cb="2"/><line nr="289" mi="0" ci="7" mb="0" cb="0"/><line nr="290" mi="0" ci="3" mb="0" cb="0"/><line nr="291" mi="0" ci="1" mb="0" cb="0"/><line nr="292" mi="0" ci="3" mb="0" cb="0"/><counter type="INSTRUCTION" missed="24" covered="615"/><counter type="BRANCH" missed="3" covered="67"/><counter type="LINE" missed="4" covered="130"/><counter type="COMPLEXITY" missed="3" covered="45"/><counter type="METHOD" missed="0" covered="13"/><counter type="CLASS" missed="0" covered="1"/></sourcefile><sourcefile name="Dependency.java"><line nr="15" mi="0" ci="12" mb="0" cb="0"/><line nr="27" mi="5" ci="0" mb="0" cb="0"/><line nr="28" mi="1" ci="0" mb="0" cb="0"/><counter type="INSTRUCTION" missed="6" covered="12"/><counter type="LINE" missed="2" covered="1"/><counter type="COMPLEXITY" missed="1" covered="1"/><counter type="METHOD" missed="1" covered="1"/><counter type="CLASS" missed="0" covered="1"/></sourcefile><sourcefile name="VersionUpgradeRule.java"><line nr="37" mi="0" ci="18" mb="0" cb="0"/><line nr="48" mi="0" ci="3" mb="0" cb="0"/><line nr="50" mi="0" ci="6" mb="0" cb="0"/><line nr="52" mi="0" ci="6" mb="0" cb="0"/><line nr="54" mi="0" ci="6" mb="0" cb="0"/><line nr="66" mi="0" ci="9" mb="0" cb="2"/><line nr="67" mi="0" ci="5" mb="0" cb="2"/><line nr="84" mi="0" ci="4" mb="0" cb="4"/><line nr="85" mi="0" ci="2" mb="0" cb="0"/><line nr="87" mi="0" ci="2" mb="0" cb="0"/><line nr="88" mi="0" ci="2" mb="0" cb="0"/><line nr="89" mi="0" ci="2" mb="0" cb="0"/><line nr="90" mi="0" ci="2" mb="0" cb="0"/><line nr="91" mi="0" ci="4" mb="0" cb="2"/><line nr="92" mi="0" ci="9" mb="0" cb="4"/><line nr="93" mi="0" ci="2" mb="0" cb="0"/><line nr="94" mi="0" ci="2" mb="0" cb="0"/><line nr="95" mi="0" ci="2" mb="0" cb="0"/><line nr="96" mi="0" ci="6" mb="0" cb="2"/><line nr="97" mi="0" ci="5" mb="0" cb="2"/><line nr="98" mi="0" ci="1" mb="0" cb="0"/><line nr="99" mi="0" ci="2" mb="0" cb="0"/><line nr="100" mi="0" ci="3" mb="0" cb="2"/><line nr="101" mi="0" ci="4" mb="0" cb="0"/><line nr="102" mi="0" ci="1" mb="0" cb="0"/><line nr="103" mi="0" ci="3" mb="0" cb="0"/><line nr="105" mi="0" ci="2" mb="0" cb="0"/><line nr="108" mi="0" ci="9" mb="0" cb="4"/><line nr="109" mi="0" ci="2" mb="0" cb="0"/><line nr="111" mi="0" ci="8" mb="0" cb="2"/><counter type="INSTRUCTION" missed="0" covered="132"/><counter type="BRANCH" missed="0" covered="26"/><counter type="LINE" missed="0" covered="30"/><counter type="COMPLEXITY" missed="0" covered="17"/><counter type="METHOD" missed="0" covered="4"/><counter type="CLASS" missed="0" covered="2"/></sourcefile><sourcefile name="Defaults.java"><line nr="10" mi="0" ci="9" mb="0" cb="0"/><counter type="INSTRUCTION" missed="0" covered="9"/><counter type="LINE" missed="0" covered="1"/><counter type="COMPLEXITY" missed="0" covered="1"/><counter type="METHOD" missed="0" covered="1"/><counter type="CLASS" missed="0" covered="1"/></sourcefile><sourcefile name="LiteralVersionUpgrade.java"><line nr="29" mi="0" ci="24" mb="0" cb="0"/><counter type="INSTRUCTION" missed="0" covered="24"/><counter type="LINE" missed="0" covered="1"/><counter type="COMPLEXITY" missed="0" covered="1"/><counter type="METHOD" missed="0" covered="1"/><counter type="CLASS" missed="0" covered="1"/></sourcefile><sourcefile name="MavenVersion.java"><line nr="46" mi="0" ci="2" mb="0" cb="0"/><line nr="47" mi="0" ci="2" mb="0" cb="0"/><line nr="51" mi="0" ci="2" mb="0" cb="0"/><line nr="52" mi="0" ci="3" mb="0" cb="0"/><line nr="53" mi="0" ci="1" mb="0" cb="0"/><line nr="67" mi="0" ci="5" mb="0" cb="4"/><line nr="68" mi="0" ci="5" mb="0" cb="0"/><line nr="71" mi="0" ci="5" mb="0" cb="2"/><line nr="72" mi="0" ci="6" mb="0" cb="0"/><line nr="78" mi="0" ci="5" mb="0" cb="0"/><line nr="87" mi="0" ci="3" mb="0" cb="0"/><line nr="97" mi="0" ci="5" mb="0" cb="0"/><line nr="102" mi="0" ci="16" mb="0" cb="4"/><line nr="107" mi="0" ci="9" mb="0" cb="0"/><line nr="112" mi="3" ci="0" mb="0" cb="0"/><counter type="INSTRUCTION" missed="3" covered="69"/><counter type="BRANCH" missed="0" covered="10"/><counter type="LINE" missed="1" covered="14"/><counter type="COMPLEXITY" missed="1" covered="12"/><counter type="METHOD" missed="1" covered="7"/><counter type="CLASS" missed="0" covered="1"/></sourcefile><sourcefile name="VersionSupport.java"><line nr="22" mi="0" ci="5" mb="0" cb="2"/><line nr="23" mi="0" ci="9" mb="0" cb="0"/><line nr="24" mi="0" ci="1" mb="0" cb="0"/><line nr="35" mi="3" ci="0" mb="0" cb="0"/><line nr="47" mi="0" ci="3" mb="0" cb="0"/><line nr="48" mi="0" ci="4" mb="0" cb="0"/><line nr="49" mi="0" ci="2" mb="0" cb="2"/><line nr="50" mi="0" ci="7" mb="0" cb="0"/><line nr="51" mi="0" ci="6" mb="0" cb="0"/><line nr="52" mi="0" ci="7" mb="0" cb="0"/><line nr="55" mi="0" ci="6" mb="0" cb="0"/><line nr="66" mi="0" ci="2" mb="0" cb="0"/><line nr="67" mi="0" ci="33" mb="0" cb="2"/><line nr="68" mi="0" ci="4" mb="0" cb="2"/><line nr="69" mi="0" ci="5" mb="0" cb="0"/><line nr="70" mi="0" ci="1" mb="0" cb="0"/><line nr="73" mi="0" ci="5" mb="0" cb="0"/><line nr="89" mi="0" ci="4" mb="0" cb="2"/><line nr="90" mi="0" ci="5" mb="0" cb="2"/><line nr="91" mi="0" ci="2" mb="0" cb="0"/><line nr="92" mi="0" ci="2" mb="0" cb="0"/><line nr="94" mi="0" ci="3" mb="0" cb="0"/><line nr="96" mi="0" ci="3" mb="0" cb="0"/><line nr="97" mi="0" ci="5" mb="0" cb="0"/><line nr="110" mi="0" ci="8" mb="0" cb="2"/><line nr="111" mi="0" ci="16" mb="1" cb="3"/><line nr="112" mi="0" ci="6" mb="1" cb="1"/><line nr="113" mi="0" ci="3" mb="1" cb="1"/><line nr="114" mi="0" ci="5" mb="0" cb="0"/><line nr="117" mi="0" ci="2" mb="0" cb="0"/><line nr="127" mi="0" ci="10" mb="1" cb="3"/><line nr="138" mi="0" ci="5" mb="0" cb="2"/><line nr="139" mi="0" ci="3" mb="0" cb="0"/><line nr="140" mi="0" ci="9" mb="0" cb="2"/><counter type="INSTRUCTION" missed="3" covered="191"/><counter type="BRANCH" missed="4" covered="26"/><counter type="LINE" missed="1" covered="33"/><counter type="COMPLEXITY" missed="5" covered="18"/><counter type="METHOD" missed="1" covered="7"/><counter type="CLASS" missed="0" covered="1"/></sourcefile><sourcefile name="PropertyVersionUpgrade.java"><line nr="25" mi="0" ci="18" mb="0" cb="0"/><counter type="INSTRUCTION" missed="0" covered="18"/><counter type="LINE" missed="0" covered="1"/><counter type="COMPLEXITY" missed="0" covered="1"/><counter type="METHOD" missed="0" covered="1"/><counter type="CLASS" missed="0" covered="1"/></sourcefile><sourcefile name="FeatureName.java"><line nr="39" mi="0" ci="2" mb="0" cb="0"/><line nr="40" mi="0" ci="2" mb="0" cb="0"/><line nr="44" mi="0" ci="2" mb="0" cb="0"/><line nr="45" mi="0" ci="3" m
[...]
5" mi="4" ci="0" mb="0" cb="0"/><line nr="846" mi="6" ci="0" mb="0" cb="0"/><line nr="847" mi="7" ci="0" mb="0" cb="0"/><line nr="848" mi="5" ci="0" mb="0" cb="0"/><line nr="849" mi="7" ci="0" mb="0" cb="0"/><line nr="850" mi="7" ci="0" mb="0" cb="0"/><line nr="851" mi="4" ci="0" mb="0" cb="0"/><line nr="852" mi="1" ci="0" mb="0" cb="0"/><line nr="875" mi="14" ci="0" mb="0" cb="0"/><line nr="876" mi="1" ci="0" mb="0" cb="0"/><line nr="892" mi="2" ci="0" mb="0" cb="0"/><line nr="893" mi="3" ci="0" mb="0" cb="0"/><line nr="894" mi="3" ci="0" mb="0" cb="0"/><line nr="896" mi="5" ci="0" mb="0" cb="0"/><line nr="897" mi="6" ci="0" mb="0" cb="0"/><line nr="898" mi="7" ci="0" mb="0" cb="0"/><line nr="899" mi="11" ci="0" mb="0" cb="0"/><line nr="903" mi="4" ci="0" mb="0" cb="0"/><line nr="904" mi="1" ci="0" mb="0" cb="0"/><line nr="913" mi="0" ci="3" mb="0" cb="0"/><line nr="942" mi="14" ci="0" mb="0" cb="0"/><line nr="943" mi="1" ci="0" mb="0" cb="0"/><line nr="959" mi="0" ci="2" mb="0" cb="0"/><line nr="960" mi="0" ci="3" mb="0" cb="0"/><line nr="961" mi="0" ci="3" mb="0" cb="0"/><line nr="962" mi="0" ci="7" mb="3" cb="3"/><line nr="963" mi="6" ci="0" mb="0" cb="0"/><line nr="967" mi="0" ci="5" mb="0" cb="0"/><line nr="968" mi="0" ci="6" mb="0" cb="0"/><line nr="969" mi="0" ci="7" mb="0" cb="0"/><line nr="970" mi="0" ci="7" mb="0" cb="0"/><line nr="972" mi="0" ci="4" mb="0" cb="0"/><line nr="973" mi="0" ci="1" mb="0" cb="0"/><line nr="983" mi="0" ci="4" mb="0" cb="0"/><line nr="984" mi="0" ci="4" mb="0" cb="2"/><line nr="985" mi="0" ci="5" mb="0" cb="0"/><line nr="986" mi="0" ci="8" mb="0" cb="2"/><line nr="987" mi="0" ci="3" mb="0" cb="0"/><line nr="997" mi="0" ci="4" mb="0" cb="2"/><line nr="998" mi="0" ci="10" mb="0" cb="0"/><line nr="999" mi="0" ci="4" mb="0" cb="0"/><line nr="1000" mi="2" ci="8" mb="1" cb="1"/><line nr="1010" mi="0" ci="3" mb="0" cb="0"/><line nr="1071" mi="0" ci="5" mb="1" cb="1"/><line nr="1072" mi="7" ci="0" mb="0" cb="0"/><line nr="1082" mi="0" ci="3" mb="1" cb="1"/><line nr="1083" mi="0" ci="7" mb="0" cb="0"/><line nr="1116" mi="2" ci="0" mb="0" cb="0"/><line nr="1130" mi="4" ci="0" mb="0" cb="0"/><line nr="1131" mi="2" ci="0" mb="2" cb="0"/><line nr="1132" mi="5" ci="0" mb="0" cb="0"/><line nr="1138" mi="2" ci="0" mb="0" cb="0"/><line nr="1148" mi="2" ci="0" mb="0" cb="0"/><line nr="1150" mi="4" ci="0" mb="0" cb="0"/><line nr="1151" mi="6" ci="0" mb="2" cb="0"/><line nr="1152" mi="2" ci="0" mb="2" cb="0"/><line nr="1153" mi="5" ci="0" mb="0" cb="0"/><line nr="1159" mi="2" ci="0" mb="0" cb="0"/><line nr="1174" mi="2" ci="0" mb="0" cb="0"/><line nr="1175" mi="2" ci="0" mb="0" cb="0"/><line nr="1176" mi="2" ci="0" mb="2" cb="0"/><line nr="1177" mi="5" ci="0" mb="0" cb="0"/><line nr="1183" mi="2" ci="0" mb="0" cb="0"/><line nr="1203" mi="2" ci="0" mb="0" cb="0"/><line nr="1204" mi="2" ci="0" mb="0" cb="0"/><line nr="1205" mi="2" ci="0" mb="2" cb="0"/><line nr="1206" mi="7" ci="0" mb="0" cb="0"/><line nr="1212" mi="2" ci="0" mb="0" cb="0"/><line nr="1215" mi="4" ci="0" mb="0" cb="0"/><line nr="1219" mi="5" ci="0" mb="0" cb="0"/><line nr="1220" mi="1" ci="0" mb="0" cb="0"/><line nr="1221" mi="6" ci="0" mb="0" cb="0"/><line nr="1223" mi="1" ci="0" mb="0" cb="0"/><line nr="1226" mi="3" ci="0" mb="0" cb="0"/><line nr="1232" mi="2" ci="0" mb="0" cb="0"/><line nr="1234" mi="33" ci="0" mb="0" cb="0"/><line nr="1238" mi="3" ci="0" mb="0" cb="0"/><line nr="1239" mi="1" ci="0" mb="0" cb="0"/><line nr="1243" mi="3" ci="0" mb="0" cb="0"/><line nr="1245" mi="2" ci="0" mb="0" cb="0"/><line nr="1247" mi="3" ci="0" mb="0" cb="0"/><line nr="1248" mi="3" ci="0" mb="0" cb="0"/><line nr="1249" mi="5" ci="0" mb="2" cb="0"/><line nr="1250" mi="3" ci="0" mb="0" cb="0"/><line nr="1252" mi="3" ci="0" mb="0" cb="0"/><line nr="1254" mi="1" ci="0" mb="0" cb="0"/><line nr="1256" mi="1" ci="0" mb="0" cb="0"/><line nr="1257" mi="1" ci="0" mb="0" cb="0"/><line nr="1259" mi="1" ci="0" mb="0" cb="0"/><line nr="1260" mi="13" ci="0" mb="0" cb="0"/><line nr="1261" mi="21" ci="0" mb="0" cb="0"/><line nr="1262" mi="1" ci="0" mb="0" cb="0"/><line nr="1270" mi="3" ci="0" mb="0" cb="0"/><line nr="1271" mi="1" ci="0" mb="0" cb="0"/><line nr="1272" mi="3" ci="0" mb="0" cb="0"/><line nr="1273" mi="5" ci="0" mb="0" cb="0"/><line nr="1274" mi="1" ci="0" mb="0" cb="0"/><line nr="1285" mi="3" ci="0" mb="0" cb="0"/><line nr="1287" mi="1" ci="0" mb="0" cb="0"/><line nr="1288" mi="3" ci="0" mb="0" cb="0"/><line nr="1289" mi="5" ci="0" mb="0" cb="0"/><line nr="1290" mi="1" ci="0" mb="0" cb="0"/><line nr="1296" mi="4" ci="0" mb="0" cb="0"/><line nr="1297" mi="2" ci="0" mb="0" cb="0"/><line nr="1299" mi="5" ci="0" mb="0" cb="0"/><line nr="1300" mi="3" ci="0" mb="0" cb="0"/><line nr="1302" mi="1" ci="0" mb="0" cb="0"/><line nr="1303" mi="5" ci="0" mb="0" cb="0"/><line nr="1305" mi="5" ci="0" mb="0" cb="0"/><line nr="1306" mi="1" ci="0" mb="0" cb="0"/><line nr="1312" mi="4" ci="0" mb="0" cb="0"/><line nr="1313" mi="2" ci="0" mb="0" cb="0"/><line nr="1315" mi="5" ci="0" mb="0" cb="0"/><line nr="1316" mi="3" ci="0" mb="0" cb="0"/><line nr="1318" mi="1" ci="0" mb="0" cb="0"/><line nr="1319" mi="3" ci="0" mb="0" cb="0"/><line nr="1321" mi="5" ci="0" mb="0" cb="0"/><line nr="1322" mi="1" ci="0" mb="0" cb="0"/><line nr="1338" mi="4" ci="0" mb="0" cb="0"/><line nr="1340" mi="10" ci="0" mb="2" cb="0"/><line nr="1341" mi="4" ci="0" mb="0" cb="0"/><line nr="1342" mi="5" ci="0" mb="2" cb="0"/><line nr="1343" mi="4" ci="0" mb="0" cb="0"/><line nr="1344" mi="4" ci="0" mb="0" cb="0"/><line nr="1345" mi="2" ci="0" mb="0" cb="0"/><line nr="1346" mi="2" ci="0" mb="0" cb="0"/><line nr="1347" mi="2" ci="0" mb="0" cb="0"/><line nr="1349" mi="5" ci="0" mb="0" cb="0"/><line nr="1350" mi="5" ci="0" mb="0" cb="0"/><line nr="1351" mi="3" ci="0" mb="0" cb="0"/><line nr="1352" mi="3" ci="0" mb="0" cb="0"/><line nr="1353" mi="1" ci="0" mb="0" cb="0"/><line nr="1354" mi="5" ci="0" mb="0" cb="0"/><line nr="1357" mi="5" ci="0" mb="0" cb="0"/><line nr="1358" mi="1" ci="0" mb="0" cb="0"/><line nr="1359" mi="4" ci="0" mb="0" cb="0"/><line nr="1360" mi="1" ci="0" mb="0" cb="0"/><line nr="1363" mi="4" ci="0" mb="0" cb="0"/><line nr="1365" mi="6" ci="0" mb="0" cb="0"/><line nr="1366" mi="1" ci="0" mb="0" cb="0"/><line nr="1367" mi="3" ci="0" mb="0" cb="0"/><line nr="1368" mi="5" ci="0" mb="0" cb="0"/><line nr="1369" mi="1" ci="0" mb="0" cb="0"/><line nr="1376" mi="4" ci="0" mb="0" cb="0"/><line nr="1377" mi="5" ci="0" mb="2" cb="0"/><line nr="1379" mi="2" ci="0" mb="0" cb="0"/><line nr="1380" mi="3" ci="0" mb="0" cb="0"/><line nr="1382" mi="1" ci="0" mb="0" cb="0"/><line nr="1383" mi="3" ci="0" mb="0" cb="0"/><line nr="1384" mi="5" ci="0" mb="0" cb="0"/><line nr="1385" mi="1" ci="0" mb="0" cb="0"/><line nr="1388" mi="17" ci="0" mb="0" cb="0"/><line nr="1389" mi="23" ci="0" mb="0" cb="0"/><line nr="1391" mi="2" ci="0" mb="2" cb="0"/><line nr="1392" mi="26" ci="0" mb="0" cb="0"/><line nr="1395" mi="21" ci="0" mb="0" cb="0"/><line nr="1399" mi="3" ci="0" mb="0" cb="0"/><line nr="1400" mi="4" ci="0" mb="0" cb="0"/><line nr="1401" mi="5" ci="0" mb="0" cb="0"/><line nr="1403" mi="4" ci="0" mb="0" cb="0"/><line nr="1405" mi="2" ci="0" mb="0" cb="0"/><line nr="1407" mi="1" ci="0" mb="0" cb="0"/><line nr="1435" mi="3" ci="0" mb="0" cb="0"/><line nr="1436" mi="4" ci="0" mb="0" cb="0"/><line nr="1437" mi="4" ci="0" mb="0" cb="0"/><line nr="1438" mi="4" ci="0" mb="2" cb="0"/><line nr="1439" mi="1" ci="0" mb="0" cb="0"/><line nr="1441" mi="8" ci="0" mb="4" cb="0"/><line nr="1442" mi="4" ci="0" mb="0" cb="0"/><line nr="1443" mi="1" ci="0" mb="0" cb="0"/><line nr="1445" mi="5" ci="0" mb="2" cb="0"/><line nr="1446" mi="3" ci="0" mb="0" cb="0"/><line nr="1449" mi="2" ci="0" mb="0" cb="0"/><line nr="1450" mi="1" ci="0" mb="0" cb="0"/><line nr="1451" mi="4" ci="0" mb="0" cb="0"/><line nr="1452" mi="2" ci="0" mb="0" cb="0"/><line nr="1453" mi="1" ci="0" mb="0" cb="0"/><line nr="1455" mi="1" ci="0" mb="0" cb="0"/><line nr="1457" mi="1" ci="0" mb="0" cb="0"/><line nr="1473" mi="0" ci="4" mb="0" cb="2"/><line nr="1474" mi="0" ci="4" mb="0" cb="2"/><line nr="1475" mi="0" ci="6" mb="0" cb="2"/><line nr="1489" mi="0" ci="4" mb="0" cb="2"/><line nr="1490" mi="0" ci="6" mb="0" cb="0"/><line nr="1494" mi="0" ci="5" mb="0" cb="0"/><line nr="1495" mi="0" ci="13" mb="0" cb="2"/><line nr="1496" mi="0" ci="7" mb="0" cb="4"/><line nr="1497" mi="0" ci="6" mb="0" cb="0"/><line nr="1501" mi="0" ci="1" mb="0" cb="0"/><line nr="1515" mi="0" ci="4" mb="0" cb="0"/><line nr="1516" mi="0" ci="5" mb="0" cb="4"/><line nr="1517" mi="0" ci="4" mb="0" cb="0"/><line nr="1519" mi="0" ci="2" mb="0" cb="0"/><line nr="1533" mi="0" ci="5" mb="0" cb="0"/><line nr="1536" mi="0" ci="2" mb="0" cb="0"/><line nr="1537" mi="0" ci="2" mb="0" cb="0"/><line nr="1549" mi="0" ci="5" mb="0" cb="0"/><line nr="1550" mi="0" ci="5" mb="0" cb="0"/><line nr="1552" mi="0" ci="4" mb="0" cb="0"/><line nr="1553" mi="0" ci="3" mb="0" cb="2"/><line nr="1554" mi="0" ci="4" mb="0" cb="0"/><line nr="1556" mi="0" ci="7" mb="0" cb="0"/><line nr="1558" mi="1" ci="0" mb="0" cb="0"/><line nr="1559" mi="8" ci="0" mb="0" cb="0"/><line nr="1579" mi="0" ci="3" mb="0" cb="0"/><line nr="1580" mi="0" ci="6" mb="0" cb="0"/><line nr="1581" mi="1" ci="0" mb="0" cb="0"/><line nr="1582" mi="5" ci="0" mb="0" cb="0"/><line nr="1583" mi="5" ci="0" mb="0" cb="0"/><line nr="1627" mi="0" ci="5" mb="1" cb="1"/><line nr="1628" mi="2" ci="0" mb="0" cb="0"/><line nr="1630" mi="0" ci="3" mb="0" cb="0"/><line nr="1631" mi="0" ci="3" mb="0" cb="0"/><line nr="1632" mi="0" ci="4" mb="0" cb="2"/><line nr="1633" mi="0" ci="4" mb="0" cb="0"/><line nr="1635" mi="0" ci="5" mb="0" cb="0"/><line nr="1636" mi="0" ci="5" mb="0" cb="2"/><line nr="1637" mi="0" ci="4" mb="0" cb="0"/><line nr="1639" mi="0" ci="4" mb="0" cb="0"/><line nr="1640" mi="0" ci="8" mb="0" cb="4"/><line nr="1641" mi="0" ci="4" mb="0" cb="0"/><line nr="1643" mi="0" ci="4" mb="0" cb="0"/><line nr="1644" mi="1" ci="12" mb="3" cb="3"/><line nr="1645" mi="5" ci="0" mb="0" cb="0"/><line nr="1648" mi="5" ci="0" mb="0" cb="0"/><line nr="1690" mi="0" ci="5" mb="1" cb="1"/><line nr="1691" mi="2" ci="0" mb="0" cb="0"/><line nr="1693" mi="0" ci="3" mb="0" cb="0"/><line nr="1697" mi="0" ci="5" mb="0" cb="2"/><line nr="1698" mi="0" ci="4" mb="0" cb="0"/><line nr="1700" mi="1" ci="4" mb="1" cb="1"/><line nr="1701" mi="5" ci="0" mb="0" cb="0"/><line nr="1704" mi="5" ci="0" mb="0" cb="0"/><line nr="1705" mi="0" ci="1" mb="0" cb="0"/><line nr="1707" mi="0" ci="4" mb="0" cb="0"/><line nr="1708" mi="0" ci="8" mb="0" cb="4"/><line nr="1709" mi="0" ci="2" mb="0" cb="0"/><line nr="1721" mi="0" ci="3" mb="0" cb="0"/><line nr="1722" mi="0" ci="11" mb="0" cb="2"/><line nr="1723" mi="0" ci="6" mb="0" cb="2"/><line nr="1724" mi="0" ci="4" mb="0" cb="0"/><line nr="1725" mi="0" ci="6" mb="0" cb="2"/><line nr="1726" mi="0" ci="2" mb="1" cb="1"/><line nr="1727" mi="0" ci="4" mb="0" cb="0"/><line nr="1729" mi="0" ci="1" mb="0" cb="0"/><line nr="1730" mi="1" ci="4" mb="1" cb="1"/><line nr="1731" mi="5" ci="0" mb="0" cb="0"/><line nr="1734" mi="5" ci="0" mb="0" cb="0"/><line nr="1735" mi="0" ci="1" mb="0" cb="0"/><line nr="1736" mi="0" ci="2" mb="0" cb="0"/><line nr="1783" mi="2" ci="5" mb="1" cb="1"/><line nr="1784" mi="0" ci="4" mb="0" cb="0"/><line nr="1785" mi="0" ci="5" mb="0" cb="2"/><line nr="1786" mi="0" ci="4" mb="0" cb="0"/><line nr="1787" mi="0" ci="7" mb="1" cb="1"/><line nr="1790" mi="0" ci="3" mb="0" cb="0"/><line nr="1791" mi="0" ci="10" mb="0" cb="0"/><line nr="1792" mi="0" ci="8" mb="0" cb="2"/><line nr="1793" mi="0" ci="5" mb="0" cb="0"/><line nr="1794" mi="1" ci="4" mb="1" cb="1"/><line nr="1795" mi="5" ci="0" mb="0" cb="0"/><line nr="1798" mi="5" ci="0" mb="0" cb="0"/><line nr="1799" mi="0" ci="1" mb="0" cb="0"/><line nr="1800" mi="0" ci="4" mb="0" cb="0"/><line nr="1801" mi="0" ci="6" mb="1" cb="1"/><line nr="1802" mi="0" ci="2" mb="0" cb="2"/><line nr="1803" mi="0" ci="2" mb="0" cb="0"/><line nr="1805" mi="0" ci="2" mb="0" cb="0"/><line nr="1833" mi="0" ci="4" mb="0" cb="0"/><line nr="1834" mi="0" ci="7" mb="0" cb="2"/><line nr="1835" mi="0" ci="4" mb="0" cb="2"/><line nr="1836" mi="0" ci="4" mb="0" cb="0"/><line nr="1837" mi="0" ci="3" mb="0" cb="0"/><line nr="1838" mi="0" ci="11" mb="0" cb="2"/><line nr="1839" mi="1" ci="5" mb="1" cb="1"/><line nr="1840" mi="0" ci="3" mb="0" cb="2"/><line nr="1841" mi="0" ci="3" mb="0" cb="0"/><line nr="1842" mi="0" ci="2" mb="0" cb="2"/><line nr="1843" mi="0" ci="1" mb="0" cb="0"/><line nr="1845" mi="0" ci="4" mb="0" cb="0"/><line nr="1846" mi="0" ci="5" mb="0" cb="2"/><line nr="1847" mi="0" ci="4" mb="0" cb="0"/><line nr="1849" mi="0" ci="1" mb="0" cb="0"/><line nr="1850" mi="1" ci="0" mb="0" cb="0"/><line nr="1851" mi="5" ci="0" mb="0" cb="0"/><line nr="1853" mi="5" ci="0" mb="0" cb="0"/><line nr="1854" mi="0" ci="1" mb="0" cb="0"/><line nr="1855" mi="0" ci="2" mb="0" cb="0"/><line nr="1866" mi="0" ci="9" mb="0" cb="0"/><line nr="1870" mi="0" ci="2" mb="0" cb="0"/><line nr="1871" mi="0" ci="2" mb="0" cb="0"/><line nr="1877" mi="0" ci="2" mb="0" cb="0"/><line nr="1878" mi="0" ci="2" mb="0" cb="0"/><line nr="1881" mi="1" ci="0" mb="0" cb="0"/><line nr="1883" mi="0" ci="1" mb="0" cb="0"/><line nr="1884" mi="0" ci="1" mb="0" cb="0"/><line nr="1894" mi="0" ci="5" mb="0" cb="0"/><line nr="1895" mi="0" ci="5" mb="0" cb="0"/><line nr="1897" mi="0" ci="6" mb="0" cb="0"/><line nr="1898" mi="0" ci="5" mb="0" cb="2"/><line nr="1899" mi="0" ci="6" mb="0" cb="0"/><line nr="1901" mi="0" ci="10" mb="0" cb="0"/><line nr="1903" mi="1" ci="0" mb="0" cb="0"/><line nr="1904" mi="5" ci="0" mb="0" cb="0"/><line nr="1905" mi="0" ci="1" mb="0" cb="0"/><line nr="1906" mi="0" ci="1" mb="0" cb="0"/><line nr="1908" mi="0" ci="1" mb="0" cb="0"/><line nr="1950" mi="0" ci="3" mb="0" cb="0"/><line nr="1951" mi="0" ci="14" mb="0" cb="2"/><line nr="1952" mi="0" ci="4" mb="0" cb="0"/><line nr="1953" mi="0" ci="8" mb="0" cb="4"/><line nr="1954" mi="0" ci="1" mb="0" cb="0"/><line nr="1956" mi="0" ci="4" mb="0" cb="0"/><line nr="1957" mi="0" ci="5" mb="0" cb="2"/><line nr="1958" mi="0" ci="5" mb="0" cb="0"/><line nr="1959" mi="0" ci="4" mb="0" cb="0"/><line nr="1961" mi="0" ci="10" mb="0" cb="0"/><line nr="1964" mi="0" ci="1" mb="0" cb="0"/><line nr="1966" mi="0" ci="1" mb="0" cb="0"/><line nr="1976" mi="4" ci="0" mb="0" cb="0"/><line nr="1987" mi="4" ci="0" mb="0" cb="0"/><line nr="1993" mi="5" ci="0" mb="0" cb="0"/><line nr="1994" mi="5" ci="0" mb="0" cb="0"/><line nr="1996" mi="4" ci="0" mb="0" cb="0"/><line nr="1997" mi="10" ci="0" mb="2" cb="0"/><line nr="1998" mi="1" ci="0" mb="0" cb="0"/><line nr="1999" mi="8" ci="0" mb="0" cb="0"/><counter type="INSTRUCTION" missed="1077" covered="1662"/><counter type="BRANCH" missed="65" covered="167"/><counter type="LINE" missed="252" covered="359"/><counter type="COMPLEXITY" missed="59" covered="128"/><counter type="METHOD" missed="16" covered="55"/><counter type="CLASS" missed="0" covered="3"/></sourcefile><sourcefile name="SnapshotScanner.java"><line nr="81" mi="0" ci="12" mb="0" cb="0"/><line nr="92" mi="0" ci="2" mb="0" cb="2"/><line nr="93" mi="0" ci="8" mb="0" cb="0"/><line nr="94" mi="0" ci="4" mb="0" cb="0"/><line nr="95" mi="0" ci="7" mb="0" cb="0"/><line nr="112" mi="0" ci="3" mb="0" cb="0"/><line nr="113" mi="0" ci="4" mb="0" cb="0"/><line nr="115" mi="0" ci="6" mb="0" cb="0"/><line nr="118" mi="0" ci="11" mb="0" cb="2"/><line nr="119" mi="0" ci="4" mb="0" cb="0"/><line nr="120" mi="0" ci="4" mb="0" cb="0"/><line nr="122" mi="0" ci="1" mb="0" cb="0"/><line nr="124" mi="0" ci="2" mb="0" cb="0"/><line nr="148" mi="0" ci="4" mb="0" cb="0"/><line nr="149" mi="0" ci="10" mb="0" cb="2"/><line nr="150" mi="0" ci="3" mb="0" cb="0"/><line nr="151" mi="0" ci="5" mb="0" cb="0"/><line nr="152" mi="4" ci="7" mb="1" cb="1"/><line nr="153" mi="4" ci="0" mb="0" cb="0"/><line nr="154" mi="1" ci="0" mb="0" cb="0"/><line nr="155" mi="0" ci="1" mb="0" cb="0"/><line nr="156" mi="0" ci="2" mb="0" cb="0"/><line nr="173" mi="4" ci="0" mb="0" cb="0"/><line nr="174" mi="6" ci="0" mb="0" cb="0"/><line nr="175" mi="10" ci="0" mb="2" cb="0"/><line nr="176" mi="8" ci="0" mb="0" cb="0"/><line nr="177" mi="1" ci="0" mb="0" cb="0"/><line nr="178" mi="4" ci="0" mb="0" cb="0"/><line nr="179" mi="3" ci="0" mb="0" cb="0"/><line nr="185" mi="0" ci="5" mb="0" cb="0"/><line nr="187" mi="0" ci="8" mb="0" cb="0"/><line nr="188" mi="1" ci="0" mb="0" cb="0"/><line nr="189" mi="5" ci="0" mb="0" cb="0"/><line nr="190" mi="5" ci="0" mb="0" cb="0"/><line nr="200" mi="1" ci="2" mb="1" cb="1"/><line nr="201" mi="0" ci="11" mb="0" cb="2"/><line nr="202" mi="0" ci="4" mb="0" cb="0"/><line nr="203" mi="0" ci="6" mb="1" cb="3"/><line nr="204" mi="0" ci="8" mb="0" cb="0"/><line nr="205" mi="0" ci="5" mb="0" cb="0"/><line nr="207" mi="0" ci="1" mb="0" cb="0"/><line nr="208" mi="0" ci="1" mb="0" cb="0"/><line nr="215" mi="0" ci="3" mb="0" cb="0"/><line nr="216" mi="0" ci="6" mb="1" cb="3"/><line nr="217" mi="0" ci="8" mb="0" cb="0"/><line nr="218" mi="0" ci="5" mb="0" cb="0"/><line nr="219" mi="0" ci="1" mb="0" cb="0"/><line nr="220" mi="0" ci="2" mb="0" cb="0"/><line nr="224" mi="0" ci="7" mb="0" cb="0"/><line nr="228" mi="0" ci="3" mb="0" cb="0"/><line nr="229" mi="0" ci="2" mb="0" cb="2"/><line nr="230" mi="0" ci="7" mb="0" cb="0"/><line nr="235" mi="0" ci="3" mb="0" cb="2"/><line nr="236" mi="0" ci="8" mb="0" cb="0"/><line nr="240" mi="0" ci="4" mb="0" cb="0"/><line nr="241" mi="0" ci="2" mb="0" cb="2"/><line nr="242" mi="0" ci="7" mb="0" cb="0"/><line nr="246" mi="0" ci="1" mb="0" cb="0"/><line nr="250" mi="4" ci="0" mb="0" cb="0"/><line nr="252" mi="7" ci="0" mb="0" cb="0"/><line nr="255" mi="3" ci="0" mb="0" cb="0"/><line nr="256" mi="2" ci="0" mb="2" cb="0"/><line nr="257" mi="7" ci="0" mb="0" cb="0"/><line nr="261" mi="3" ci="0" mb="2" cb="0"/><line nr="262" mi="8" ci="0" mb="0" cb="0"/><line nr="265" mi="4" ci="0" mb="0" cb="0"/><line nr="266" mi="2" ci="0" mb="2" cb="0"/><line nr="267" mi="7" ci="0" mb="0" cb="0"/><line nr="271" mi="1" ci="0" mb="0" cb="0"/><line nr="276" mi="1" ci="2" mb="1" cb="1"/><line nr="277" mi="0" ci="10" mb="0" cb="2"/><line nr="278" mi="0" ci="4" mb="0" cb="2"/><line nr="279" mi="0" ci="8" mb="0" cb="0"/><line nr="280" mi="0" ci="5" mb="0" cb="0"/><line nr="281" mi="0" ci="1" mb="0" cb="0"/><line nr="282" mi="0" ci="2" mb="0" cb="0"/><line nr="284" mi="0" ci="1" mb="0" cb="0"/><line nr="285" mi="0" ci="1" mb="0" cb="0"/><line nr="290" mi="1" ci="2" mb="1" cb="1"/><line nr="291" mi="0" ci="10" mb="0" cb="2"/><line nr="292" mi="0" ci="4" mb="0" cb="2"/><line nr="293" mi="0" ci="8" mb="0" cb="0"/><line nr="294" mi="0" ci="5" mb="0" cb="0"/><line nr="295" mi="0" ci="1" mb="0" cb="0"/><line nr="296" mi="0" ci="2" mb="0" cb="0"/><line nr="298" mi="0" ci="1" mb="0" cb="0"/><line nr="299" mi="0" ci="1" mb="0" cb="0"/><line nr="302" mi="0" ci="10" mb="1" cb="3"/><line nr="306" mi="0" ci="5" mb="2" cb="2"/><line nr="307" mi="6" ci="0" mb="2" cb="0"/><line nr="309" mi="0" ci="4" mb="0" cb="0"/><counter type="INSTRUCTION" missed="113" covered="307"/><counter type="BRANCH" missed="19" covered="37"/><counter type="LINE" missed="24" covered="67"/><counter type="COMPLEXITY" missed="16" covered="25"/><counter type="METHOD" missed="2" covered="11"/><counter type="CLASS" missed="0" covered="2"/></sourcefile><counter type="INSTRUCTION" missed="2841" covered="2458"/><counter type="BRANCH" missed="263" covered="241"/><counter type="LINE" missed="620" covered="517"/><counter type="COMPLEXITY" missed="209" covered="180"/><counter type="METHOD" missed="59" covered="78"/><counter type="CLASS" missed="7" covered="8"/></package><counter type="INSTRUCTION" missed="3834" covered="6358"/><counter type="BRANCH" missed="437" covered="647"/><counter type="LINE" missed="835" covered="1367"/><counter type="COMPLEXITY" missed="353" covered="488"/><counter type="METHOD" missed="85" covered="214"/><counter type="CLASS" missed="10" covered="43"/></report>